<?xml version="1.0" encoding="UTF-8"?>
<robot generator="Robot 6.1.1 (Python 3.8.0 on win32)" generated="20240419 09:54:56.290" rpa="false" schemaversion="4">
<suite id="s1" name="Main" source="D:\Primeskill\E-journey\Student\Logout\main.robot">
<test id="s1-t1" name="Logout" line="14">
<kw name="Open Browser" library="SeleniumLibrary">
<arg>${URL}</arg>
<arg>browser=chrome</arg>
<doc>Opens a new browser instance to the optional ``url``.</doc>
<msg timestamp="20240419 09:54:56.451" level="INFO">Opening browser 'chrome' to base url 'https://staging.auth.app.ejourney.id/'.</msg>
<status status="PASS" starttime="20240419 09:54:56.451" endtime="20240419 09:54:59.573"/>
</kw>
<kw name="Maximize Browser Window" library="SeleniumLibrary">
<doc>Maximizes current browser window.</doc>
<status status="PASS" starttime="20240419 09:54:59.573" endtime="20240419 09:54:59.698"/>
</kw>
<kw name="Wait Until Page Contains" library="SeleniumLibrary">
<arg>Welcome back! Please select method to sign in</arg>
<arg>timeout=10s</arg>
<doc>Waits until ``text`` appears on the current page.</doc>
<status status="PASS" starttime="20240419 09:54:59.698" endtime="20240419 09:54:59.722"/>
</kw>
<kw name="Do login with correct credential">
<kw name="Input Text" library="SeleniumLibrary">
<arg>xpath=//input[@id='validationCustom03' and @type='email']</arg>
<arg>${Email}</arg>
<doc>Types the given ``text`` into the text field identified by ``locator``.</doc>
<msg timestamp="20240419 09:54:59.722" level="INFO">Typing text 'sani14@gmail.com' into text field 'xpath=//input[@id='validationCustom03' and @type='email']'.</msg>
<status status="PASS" starttime="20240419 09:54:59.722" endtime="20240419 09:54:59.905"/>
</kw>
<kw name="Input Password" library="SeleniumLibrary">
<arg>xpath=//input[@id='validationCustom03' and @type='password' and @name='password']</arg>
<arg>${Password}</arg>
<doc>Types the given password into the text field identified by ``locator``.</doc>
<msg timestamp="20240419 09:54:59.905" level="INFO">Typing password into text field 'xpath=//input[@id='validationCustom03' and @type='password' and @name='password']'.</msg>
<msg timestamp="20240419 09:54:59.938" level="INFO">Temporally setting log level to: NONE</msg>
<msg timestamp="20240419 09:54:59.988" level="INFO">Log level changed from NONE to INFO.</msg>
<status status="PASS" starttime="20240419 09:54:59.905" endtime="20240419 09:54:59.988"/>
</kw>
<kw name="Click Element" library="SeleniumLibrary">
<arg>xpath=//button[@type='submit']</arg>
<doc>Click the element identified by ``locator``.</doc>
<msg timestamp="20240419 09:54:59.988" level="INFO">Clicking element 'xpath=//button[@type='submit']'.</msg>
<status status="PASS" starttime="20240419 09:54:59.988" endtime="20240419 09:55:00.044"/>
</kw>
<status status="PASS" starttime="20240419 09:54:59.722" endtime="20240419 09:55:00.044"/>
</kw>
<kw name="Verify login">
<kw name="Wait Until Page Contains" library="SeleniumLibrary">
<arg>Kirana</arg>
<arg>timeout=10s</arg>
<doc>Waits until ``text`` appears on the current page.</doc>
<status status="PASS" starttime="20240419 09:55:00.044" endtime="20240419 09:55:03.306"/>
</kw>
<kw name="Wait Until Page Contains" library="SeleniumLibrary">
<var>${verify_login}</var>
<arg>Kirana</arg>
<arg>timeout=10s</arg>
<doc>Waits until ``text`` appears on the current page.</doc>
<msg timestamp="20240419 09:55:03.306" level="INFO">${verify_login} = None</msg>
<status status="PASS" starttime="20240419 09:55:03.306" endtime="20240419 09:55:03.306"/>
</kw>
<kw name="Run Keyword If" library="BuiltIn">
<arg>'${verify_login}' == 'True'</arg>
<arg>Log</arg>
<arg>Passed</arg>
<arg>ELSE</arg>
<arg>Log</arg>
<arg>Failed</arg>
<doc>Runs the given keyword with the given arguments, if ``condition`` is true.</doc>
<kw name="Log" library="BuiltIn">
<arg>Failed</arg>
<doc>Logs the given message with the given level.</doc>
<msg timestamp="20240419 09:55:03.320" level="INFO">Failed</msg>
<status status="PASS" starttime="20240419 09:55:03.320" endtime="20240419 09:55:03.320"/>
</kw>
<status status="PASS" starttime="20240419 09:55:03.306" endtime="20240419 09:55:03.320"/>
</kw>
<status status="PASS" starttime="20240419 09:55:00.044" endtime="20240419 09:55:03.320"/>
</kw>
<kw name="Do Logout">
<kw name="Wait Until Element Is Visible" library="SeleniumLibrary">
<arg>xpath=//a[@id='dropdownMenuButton']/div/div[2]</arg>
<doc>Waits until the element ``locator`` is visible.</doc>
<status status="PASS" starttime="20240419 09:55:03.320" endtime="20240419 09:55:03.338"/>
</kw>
<kw name="Click Element" library="SeleniumLibrary">
<arg>xpath=//a[@id='dropdownMenuButton']/div/div[2]</arg>
<doc>Click the element identified by ``locator``.</doc>
<msg timestamp="20240419 09:55:03.338" level="INFO">Clicking element 'xpath=//a[@id='dropdownMenuButton']/div/div[2]'.</msg>
<status status="PASS" starttime="20240419 09:55:03.338" endtime="20240419 09:55:03.415"/>
</kw>
<kw name="Click Element" library="SeleniumLibrary">
<arg>xpath=//a[contains(text(),'Logout')]</arg>
<doc>Click the element identified by ``locator``.</doc>
<msg timestamp="20240419 09:55:03.415" level="INFO">Clicking element 'xpath=//a[contains(text(),'Logout')]'.</msg>
<status status="PASS" starttime="20240419 09:55:03.415" endtime="20240419 09:55:03.869"/>
</kw>
<kw name="Wait Until Page Contains" library="SeleniumLibrary">
<arg>Welcome back! Please select method to sign in</arg>
<arg>timeout=10s</arg>
<doc>Waits until ``text`` appears on the current page.</doc>
<status status="PASS" starttime="20240419 09:55:03.869" endtime="20240419 09:55:03.903"/>
</kw>
<status status="PASS" starttime="20240419 09:55:03.320" endtime="20240419 09:55:03.903"/>
</kw>
<kw name="Do Screenshot">
<kw name="Get Current Date" library="DateTime">
<var>${timestamp}</var>
<arg>result_format=%d%m%Y_%H%M%S</arg>
<doc>Returns current local or UTC time with an optional increment.</doc>
<msg timestamp="20240419 09:55:03.911" level="INFO">${timestamp} = 19042024_095503</msg>
<status status="PASS" starttime="20240419 09:55:03.903" endtime="20240419 09:55:03.911"/>
</kw>
<kw name="Set Variable" library="BuiltIn">
<var>${screenshot_path}</var>
<arg>\images</arg>
<doc>Returns the given values which can then be assigned to a variables.</doc>
<msg timestamp="20240419 09:55:03.911" level="INFO">${screenshot_path} = images</msg>
<status status="PASS" starttime="20240419 09:55:03.911" endtime="20240419 09:55:03.911"/>
</kw>
<kw name="Set Variable" library="BuiltIn">
<var>${screenshot_filename}</var>
<arg>screenshot_${timestamp}.png</arg>
<doc>Returns the given values which can then be assigned to a variables.</doc>
<msg timestamp="20240419 09:55:03.911" level="INFO">${screenshot_filename} = screenshot_19042024_095503.png</msg>
<status status="PASS" starttime="20240419 09:55:03.911" endtime="20240419 09:55:03.911"/>
</kw>
<kw name="Set Screenshot Directory" library="SeleniumLibrary">
<arg>${screenshot_path}</arg>
<doc>Sets the directory for captured screenshots.</doc>
<status status="PASS" starttime="20240419 09:55:03.911" endtime="20240419 09:55:03.911"/>
</kw>
<kw name="Capture Page Screenshot" library="SeleniumLibrary">
<arg>${screenshot_filename}</arg>
<doc>Takes a screenshot of the current page and embeds it into a log file.</doc>
<msg timestamp="20240419 09:55:04.299" level="INFO" html="true">&lt;/td&gt;&lt;/tr&gt;&lt;tr&gt;&lt;td colspan="3"&gt;&lt;a href="images/screenshot_19042024_095503.png"&gt;&lt;img src="images/screenshot_19042024_095503.png" width="800px"&gt;&lt;/a&gt;</msg>
<status status="PASS" starttime="20240419 09:55:03.911" endtime="20240419 09:55:04.299"/>
</kw>
<status status="PASS" starttime="20240419 09:55:03.903" endtime="20240419 09:55:04.299"/>
</kw>
<status status="PASS" starttime="20240419 09:54:56.451" endtime="20240419 09:55:04.302"/>
</test>
<doc>Login with credential</doc>
<status status="PASS" starttime="20240419 09:54:56.290" endtime="20240419 09:55:04.305"/>
</suite>
<statistics>
<total>
<stat pass="1" fail="0" skip="0">All Tests</stat>
</total>
<tag>
</tag>
<suite>
<stat pass="1" fail="0" skip="0" id="s1" name="Main">Main</stat>
</suite>
</statistics>
<errors>
</errors>
</robot>
