<?xml version="1.0" encoding="UTF-8"?>
<robot generator="Robot 6.1.1 (Python 3.8.0 on win32)" generated="20240417 14:46:22.453" rpa="true" schemaversion="4">
<suite id="s1" name="Main" source="D:\primeskill\e-journey\student\signup\main.robot">
<test id="s1-t1" name="SignUp with correct credential" line="15">
<kw name="Open Browser" library="SeleniumLibrary">
<arg>${URL}</arg>
<arg>browser=chrome</arg>
<doc>Opens a new browser instance to the optional ``url``.</doc>
<msg timestamp="20240417 14:46:22.648" level="INFO">Opening browser 'chrome' to base url 'https://staging.auth.app.ejourney.id/'.</msg>
<status status="PASS" starttime="20240417 14:46:22.648" endtime="20240417 14:46:27.742"/>
</kw>
<kw name="Maximize Browser Window" library="SeleniumLibrary">
<doc>Maximizes current browser window.</doc>
<status status="PASS" starttime="20240417 14:46:27.743" endtime="20240417 14:46:27.861"/>
</kw>
<kw name="Wait Until Page Contains" library="SeleniumLibrary">
<arg>Welcome back! Please select method to sign in</arg>
<arg>timeout=10s</arg>
<doc>Waits until ``text`` appears on the current page.</doc>
<status status="PASS" starttime="20240417 14:46:27.861" endtime="20240417 14:46:27.881"/>
</kw>
<kw name="Move to signUp page">
<kw name="Click Element" library="SeleniumLibrary">
<arg>${SignUp}</arg>
<doc>Click the element identified by ``locator``.</doc>
<msg timestamp="20240417 14:46:27.882" level="INFO">Clicking element 'xpath=//a[text()='Sign up']'.</msg>
<status status="PASS" starttime="20240417 14:46:27.882" endtime="20240417 14:46:27.931"/>
</kw>
<status status="PASS" starttime="20240417 14:46:27.881" endtime="20240417 14:46:27.931"/>
</kw>
<kw name="Do SignUp with correct credential">
<kw name="Wait Until Element Is Visible" library="SeleniumLibrary">
<arg>//input[@id='validationCustom01']</arg>
<doc>Waits until the element ``locator`` is visible.</doc>
<status status="PASS" starttime="20240417 14:46:27.931" endtime="20240417 14:46:28.181"/>
</kw>
<kw name="Input Text" library="SeleniumLibrary">
<arg>//input[@id='validationCustom01']</arg>
<arg>${FullName}</arg>
<doc>Types the given ``text`` into the text field identified by ``locator``.</doc>
<msg timestamp="20240417 14:46:28.181" level="INFO">Typing text 'Raisani aprilia' into text field '//input[@id='validationCustom01']'.</msg>
<status status="PASS" starttime="20240417 14:46:28.181" endtime="20240417 14:46:28.313"/>
</kw>
<kw name="Input Text" library="SeleniumLibrary">
<arg>//input[@id='validationCustom03']</arg>
<arg>${Email}</arg>
<doc>Types the given ``text`` into the text field identified by ``locator``.</doc>
<msg timestamp="20240417 14:46:28.313" level="INFO">Typing text 'testing2@gmail.com' into text field '//input[@id='validationCustom03']'.</msg>
<status status="PASS" starttime="20240417 14:46:28.313" endtime="20240417 14:46:28.391"/>
</kw>
<kw name="Input Text" library="SeleniumLibrary">
<arg>//div[@id='dob']/input[@type='text']</arg>
<arg>${BirthDate}</arg>
<doc>Types the given ``text`` into the text field identified by ``locator``.</doc>
<msg timestamp="20240417 14:46:28.391" level="INFO">Typing text '20040425' into text field '//div[@id='dob']/input[@type='text']'.</msg>
<status status="PASS" starttime="20240417 14:46:28.391" endtime="20240417 14:46:28.471"/>
</kw>
<kw name="Input Password" library="SeleniumLibrary">
<arg>//input[@id='validationCustom04']</arg>
<arg>${Password}</arg>
<doc>Types the given password into the text field identified by ``locator``.</doc>
<msg timestamp="20240417 14:46:28.471" level="INFO">Typing password into text field '//input[@id='validationCustom04']'.</msg>
<msg timestamp="20240417 14:46:28.493" level="INFO">Temporally setting log level to: NONE</msg>
<msg timestamp="20240417 14:46:28.542" level="INFO">Log level changed from NONE to INFO.</msg>
<status status="PASS" starttime="20240417 14:46:28.471" endtime="20240417 14:46:28.542"/>
</kw>
<kw name="Wait Until Element Is Visible" library="SeleniumLibrary">
<arg>//input[@id='validationCustom04']</arg>
<doc>Waits until the element ``locator`` is visible.</doc>
<status status="PASS" starttime="20240417 14:46:28.542" endtime="20240417 14:46:28.559"/>
</kw>
<kw name="Input Password" library="SeleniumLibrary">
<arg>//input[@id='validationCustom05']</arg>
<arg>${ConfirmPass}</arg>
<doc>Types the given password into the text field identified by ``locator``.</doc>
<msg timestamp="20240417 14:46:28.559" level="INFO">Typing password into text field '//input[@id='validationCustom05']'.</msg>
<msg timestamp="20240417 14:46:28.581" level="INFO">Temporally setting log level to: NONE</msg>
<msg timestamp="20240417 14:46:28.612" level="INFO">Log level changed from NONE to INFO.</msg>
<status status="PASS" starttime="20240417 14:46:28.559" endtime="20240417 14:46:28.612"/>
</kw>
<kw name="Accept TnC">
<kw name="Click Element" library="SeleniumLibrary">
<arg>//input[@type='checkbox']</arg>
<doc>Click the element identified by ``locator``.</doc>
<msg timestamp="20240417 14:46:28.612" level="INFO">Clicking element '//input[@type='checkbox']'.</msg>
<status status="PASS" starttime="20240417 14:46:28.612" endtime="20240417 14:46:28.665"/>
</kw>
<kw name="Wait Until Page Contains" library="SeleniumLibrary">
<arg>Terms and conditions</arg>
<doc>Waits until ``text`` appears on the current page.</doc>
<status status="PASS" starttime="20240417 14:46:28.665" endtime="20240417 14:46:28.682"/>
</kw>
<kw name="Wait Until Element Contains" library="SeleniumLibrary">
<arg>xpath=//button[contains(.,'Accept')]</arg>
<arg>Accept</arg>
<doc>Waits until the element ``locator`` contains ``text``.</doc>
<status status="PASS" starttime="20240417 14:46:28.682" endtime="20240417 14:46:28.711"/>
</kw>
<kw name="Click Element" library="SeleniumLibrary">
<arg>xpath=//button[contains(.,'Accept')]</arg>
<doc>Click the element identified by ``locator``.</doc>
<msg timestamp="20240417 14:46:28.711" level="INFO">Clicking element 'xpath=//button[contains(.,'Accept')]'.</msg>
<status status="PASS" starttime="20240417 14:46:28.711" endtime="20240417 14:46:28.757"/>
</kw>
<kw name="Wait Until Page Contains" library="SeleniumLibrary">
<arg>Welcome back! Please select method to sign up</arg>
<doc>Waits until ``text`` appears on the current page.</doc>
<status status="PASS" starttime="20240417 14:46:28.757" endtime="20240417 14:46:28.765"/>
</kw>
<status status="PASS" starttime="20240417 14:46:28.612" endtime="20240417 14:46:28.765"/>
</kw>
<kw name="Scroll Element Into View" library="SeleniumLibrary">
<arg>xpath=//button[@type='submit']</arg>
<doc>Scrolls the element identified by ``locator`` into view.</doc>
<status status="PASS" starttime="20240417 14:46:28.765" endtime="20240417 14:46:29.051"/>
</kw>
<kw name="Sleep" library="BuiltIn">
<arg>1s</arg>
<doc>Pauses the test executed for the given time.</doc>
<msg timestamp="20240417 14:46:30.058" level="INFO">Slept 1 second</msg>
<status status="PASS" starttime="20240417 14:46:29.051" endtime="20240417 14:46:30.058"/>
</kw>
<kw name="Click Element" library="SeleniumLibrary">
<arg>xpath=//button[@type='submit']</arg>
<doc>Click the element identified by ``locator``.</doc>
<msg timestamp="20240417 14:46:30.058" level="INFO">Clicking element 'xpath=//button[@type='submit']'.</msg>
<status status="PASS" starttime="20240417 14:46:30.058" endtime="20240417 14:46:30.166"/>
</kw>
<status status="PASS" starttime="20240417 14:46:27.931" endtime="20240417 14:46:30.171"/>
</kw>
<kw name="Verify SignUp with correct credential">
<kw name="Wait Until Page Contains" library="SeleniumLibrary">
<var>${Verify_signup}</var>
<arg>Your account successfully created</arg>
<arg>timeout=30s</arg>
<doc>Waits until ``text`` appears on the current page.</doc>
<msg timestamp="20240417 14:46:30.192" level="INFO">${Verify_signup} = None</msg>
<status status="PASS" starttime="20240417 14:46:30.171" endtime="20240417 14:46:30.192"/>
</kw>
<kw name="Run Keyword If" library="BuiltIn">
<arg>'${Verify_signup}' == 'True'</arg>
<arg>Log</arg>
<arg>Passed</arg>
<arg>ELSE</arg>
<arg>Log</arg>
<arg>Failed</arg>
<doc>Runs the given keyword with the given arguments, if ``condition`` is true.</doc>
<kw name="Log" library="BuiltIn">
<arg>Failed</arg>
<doc>Logs the given message with the given level.</doc>
<msg timestamp="20240417 14:46:30.192" level="INFO">Failed</msg>
<status status="PASS" starttime="20240417 14:46:30.192" endtime="20240417 14:46:30.192"/>
</kw>
<status status="PASS" starttime="20240417 14:46:30.192" endtime="20240417 14:46:30.192"/>
</kw>
<kw name="Sleep" library="BuiltIn">
<arg>1s</arg>
<doc>Pauses the test executed for the given time.</doc>
<msg timestamp="20240417 14:46:31.199" level="INFO">Slept 1 second</msg>
<status status="PASS" starttime="20240417 14:46:30.192" endtime="20240417 14:46:31.200"/>
</kw>
<kw name="Capture Page Screenshot" library="SeleniumLibrary">
<doc>Takes a screenshot of the current page and embeds it into a log file.</doc>
<msg timestamp="20240417 14:46:31.581" level="INFO" html="true">&lt;/td&gt;&lt;/tr&gt;&lt;tr&gt;&lt;td colspan="3"&gt;&lt;a href="selenium-screenshot-14.png"&gt;&lt;img src="selenium-screenshot-14.png" width="800px"&gt;&lt;/a&gt;</msg>
<status status="PASS" starttime="20240417 14:46:31.200" endtime="20240417 14:46:31.590"/>
</kw>
<status status="PASS" starttime="20240417 14:46:30.171" endtime="20240417 14:46:31.590"/>
</kw>
<kw name="Sleep" library="BuiltIn">
<arg>2s</arg>
<doc>Pauses the test executed for the given time.</doc>
<msg timestamp="20240417 14:46:33.601" level="INFO">Slept 2 seconds</msg>
<status status="PASS" starttime="20240417 14:46:31.591" endtime="20240417 14:46:33.601"/>
</kw>
<kw name="Capture Page Screenshot" library="SeleniumLibrary">
<doc>Takes a screenshot of the current page and embeds it into a log file.</doc>
<msg timestamp="20240417 14:46:33.956" level="INFO" html="true">&lt;/td&gt;&lt;/tr&gt;&lt;tr&gt;&lt;td colspan="3"&gt;&lt;a href="selenium-screenshot-17.png"&gt;&lt;img src="selenium-screenshot-17.png" width="800px"&gt;&lt;/a&gt;</msg>
<status status="PASS" starttime="20240417 14:46:33.602" endtime="20240417 14:46:33.956"/>
</kw>
<status status="PASS" starttime="20240417 14:46:22.647" endtime="20240417 14:46:33.956"/>
</test>
<doc>Sign up</doc>
<status status="PASS" starttime="20240417 14:46:22.461" endtime="20240417 14:46:33.960"/>
</suite>
<statistics>
<total>
<stat pass="1" fail="0" skip="0">All Tasks</stat>
</total>
<tag>
</tag>
<suite>
<stat pass="1" fail="0" skip="0" id="s1" name="Main">Main</stat>
</suite>
</statistics>
<errors>
</errors>
</robot>
