<?xml version="1.0" encoding="UTF-8"?>
<robot generator="Robot 6.1.1 (Python 3.8.0 on win32)" generated="20240419 01:03:49.535" rpa="false" schemaversion="4">
<suite id="s1" name="Main" source="D:\Primeskill\E-journey\Student\login\credential\main.robot">
<test id="s1-t1" name="Login attempt with Missing Credentials" line="17">
<kw name="Open Browser" library="SeleniumLibrary">
<arg>${URL}</arg>
<arg>browser=chrome</arg>
<doc>Opens a new browser instance to the optional ``url``.</doc>
<msg timestamp="20240419 01:03:49.726" level="INFO">Opening browser 'chrome' to base url 'https://staging.auth.app.ejourney.id/'.</msg>
<status status="PASS" starttime="20240419 01:03:49.726" endtime="20240419 01:03:53.357"/>
</kw>
<kw name="Maximize Browser Window" library="SeleniumLibrary">
<doc>Maximizes current browser window.</doc>
<status status="PASS" starttime="20240419 01:03:53.357" endtime="20240419 01:03:53.486"/>
</kw>
<kw name="Wait Until Page Contains" library="SeleniumLibrary">
<arg>Welcome back! Please select method to sign in</arg>
<arg>timeout=10s</arg>
<doc>Waits until ``text`` appears on the current page.</doc>
<status status="PASS" starttime="20240419 01:03:53.486" endtime="20240419 01:03:53.502"/>
</kw>
<kw name="Do Login Attempt with Missing Credentials">
<kw name="Element Should Be Disabled" library="SeleniumLibrary">
<var>${CheckButton}</var>
<arg>xpath=//button[@type='submit']</arg>
<doc>Verifies that element identified by ``locator`` is disabled.</doc>
<msg timestamp="20240419 01:03:53.525" level="INFO">${CheckButton} = None</msg>
<status status="PASS" starttime="20240419 01:03:53.502" endtime="20240419 01:03:53.525"/>
</kw>
<kw name="Run Keyword If" library="BuiltIn">
<arg>'${CheckButton}' == 'True'</arg>
<arg>Log</arg>
<arg>Passed. Button is disabled.</arg>
<arg>ELSE</arg>
<arg>Log</arg>
<arg>Failed. Button is enabled</arg>
<doc>Runs the given keyword with the given arguments, if ``condition`` is true.</doc>
<kw name="Log" library="BuiltIn">
<arg>Failed. Button is enabled</arg>
<doc>Logs the given message with the given level.</doc>
<msg timestamp="20240419 01:03:53.525" level="INFO">Failed. Button is enabled</msg>
<status status="PASS" starttime="20240419 01:03:53.525" endtime="20240419 01:03:53.525"/>
</kw>
<status status="PASS" starttime="20240419 01:03:53.525" endtime="20240419 01:03:53.525"/>
</kw>
<kw name="Element Should Be Disabled" library="SeleniumLibrary">
<arg>xpath=//button[@type='submit']</arg>
<doc>Verifies that element identified by ``locator`` is disabled.</doc>
<status status="PASS" starttime="20240419 01:03:53.525" endtime="20240419 01:03:53.540"/>
</kw>
<status status="PASS" starttime="20240419 01:03:53.502" endtime="20240419 01:03:53.540"/>
</kw>
<kw name="Do Screenshot">
<kw name="Get Current Date" library="DateTime">
<var>${timestamp}</var>
<arg>result_format=%d%m%Y_%H%M%S</arg>
<doc>Returns current local or UTC time with an optional increment.</doc>
<msg timestamp="20240419 01:03:53.542" level="INFO">${timestamp} = 19042024_010353</msg>
<status status="PASS" starttime="20240419 01:03:53.542" endtime="20240419 01:03:53.542"/>
</kw>
<kw name="Set Variable" library="BuiltIn">
<var>${screenshot_path}</var>
<arg>\images</arg>
<doc>Returns the given values which can then be assigned to a variables.</doc>
<msg timestamp="20240419 01:03:53.542" level="INFO">${screenshot_path} = images</msg>
<status status="PASS" starttime="20240419 01:03:53.542" endtime="20240419 01:03:53.542"/>
</kw>
<kw name="Set Variable" library="BuiltIn">
<var>${screenshot_filename}</var>
<arg>screenshot_${timestamp}.png</arg>
<doc>Returns the given values which can then be assigned to a variables.</doc>
<msg timestamp="20240419 01:03:53.542" level="INFO">${screenshot_filename} = screenshot_19042024_010353.png</msg>
<status status="PASS" starttime="20240419 01:03:53.542" endtime="20240419 01:03:53.542"/>
</kw>
<kw name="Set Screenshot Directory" library="SeleniumLibrary">
<arg>${screenshot_path}</arg>
<doc>Sets the directory for captured screenshots.</doc>
<status status="PASS" starttime="20240419 01:03:53.542" endtime="20240419 01:03:53.542"/>
</kw>
<kw name="Capture Page Screenshot" library="SeleniumLibrary">
<arg>${screenshot_filename}</arg>
<doc>Takes a screenshot of the current page and embeds it into a log file.</doc>
<msg timestamp="20240419 01:03:53.875" level="INFO" html="true">&lt;/td&gt;&lt;/tr&gt;&lt;tr&gt;&lt;td colspan="3"&gt;&lt;a href="images/screenshot_19042024_010353.png"&gt;&lt;img src="images/screenshot_19042024_010353.png" width="800px"&gt;&lt;/a&gt;</msg>
<status status="PASS" starttime="20240419 01:03:53.542" endtime="20240419 01:03:53.875"/>
</kw>
<status status="PASS" starttime="20240419 01:03:53.540" endtime="20240419 01:03:53.875"/>
</kw>
<status status="PASS" starttime="20240419 01:03:49.726" endtime="20240419 01:03:53.875"/>
</test>
<test id="s1-t2" name="Login attempt without entering password" line="24">
<kw name="Do login attempt without entering password">
<kw name="Input Text" library="SeleniumLibrary">
<arg>xpath=//input[@id='validationCustom03' and @type='email']</arg>
<arg>${Email}</arg>
<doc>Types the given ``text`` into the text field identified by ``locator``.</doc>
<msg timestamp="20240419 01:03:53.875" level="INFO">Typing text 'testing01@gmail.com' into text field 'xpath=//input[@id='validationCustom03' and @type='email']'.</msg>
<status status="PASS" starttime="20240419 01:03:53.875" endtime="20240419 01:03:54.066"/>
</kw>
<kw name="Do Login Attempt with Missing Credentials">
<kw name="Element Should Be Disabled" library="SeleniumLibrary">
<var>${CheckButton}</var>
<arg>xpath=//button[@type='submit']</arg>
<doc>Verifies that element identified by ``locator`` is disabled.</doc>
<msg timestamp="20240419 01:03:54.097" level="INFO">${CheckButton} = None</msg>
<status status="PASS" starttime="20240419 01:03:54.066" endtime="20240419 01:03:54.097"/>
</kw>
<kw name="Run Keyword If" library="BuiltIn">
<arg>'${CheckButton}' == 'True'</arg>
<arg>Log</arg>
<arg>Passed. Button is disabled.</arg>
<arg>ELSE</arg>
<arg>Log</arg>
<arg>Failed. Button is enabled</arg>
<doc>Runs the given keyword with the given arguments, if ``condition`` is true.</doc>
<kw name="Log" library="BuiltIn">
<arg>Failed. Button is enabled</arg>
<doc>Logs the given message with the given level.</doc>
<msg timestamp="20240419 01:03:54.098" level="INFO">Failed. Button is enabled</msg>
<status status="PASS" starttime="20240419 01:03:54.098" endtime="20240419 01:03:54.098"/>
</kw>
<status status="PASS" starttime="20240419 01:03:54.098" endtime="20240419 01:03:54.098"/>
</kw>
<kw name="Element Should Be Disabled" library="SeleniumLibrary">
<arg>xpath=//button[@type='submit']</arg>
<doc>Verifies that element identified by ``locator`` is disabled.</doc>
<status status="PASS" starttime="20240419 01:03:54.100" endtime="20240419 01:03:54.132"/>
</kw>
<status status="PASS" starttime="20240419 01:03:54.066" endtime="20240419 01:03:54.133"/>
</kw>
<status status="PASS" starttime="20240419 01:03:53.875" endtime="20240419 01:03:54.133"/>
</kw>
<kw name="Do Screenshot">
<kw name="Get Current Date" library="DateTime">
<var>${timestamp}</var>
<arg>result_format=%d%m%Y_%H%M%S</arg>
<doc>Returns current local or UTC time with an optional increment.</doc>
<msg timestamp="20240419 01:03:54.134" level="INFO">${timestamp} = 19042024_010354</msg>
<status status="PASS" starttime="20240419 01:03:54.134" endtime="20240419 01:03:54.134"/>
</kw>
<kw name="Set Variable" library="BuiltIn">
<var>${screenshot_path}</var>
<arg>\images</arg>
<doc>Returns the given values which can then be assigned to a variables.</doc>
<msg timestamp="20240419 01:03:54.135" level="INFO">${screenshot_path} = images</msg>
<status status="PASS" starttime="20240419 01:03:54.134" endtime="20240419 01:03:54.135"/>
</kw>
<kw name="Set Variable" library="BuiltIn">
<var>${screenshot_filename}</var>
<arg>screenshot_${timestamp}.png</arg>
<doc>Returns the given values which can then be assigned to a variables.</doc>
<msg timestamp="20240419 01:03:54.135" level="INFO">${screenshot_filename} = screenshot_19042024_010354.png</msg>
<status status="PASS" starttime="20240419 01:03:54.135" endtime="20240419 01:03:54.136"/>
</kw>
<kw name="Set Screenshot Directory" library="SeleniumLibrary">
<arg>${screenshot_path}</arg>
<doc>Sets the directory for captured screenshots.</doc>
<status status="PASS" starttime="20240419 01:03:54.136" endtime="20240419 01:03:54.137"/>
</kw>
<kw name="Capture Page Screenshot" library="SeleniumLibrary">
<arg>${screenshot_filename}</arg>
<doc>Takes a screenshot of the current page and embeds it into a log file.</doc>
<msg timestamp="20240419 01:03:54.522" level="INFO" html="true">&lt;/td&gt;&lt;/tr&gt;&lt;tr&gt;&lt;td colspan="3"&gt;&lt;a href="images/screenshot_19042024_010354.png"&gt;&lt;img src="images/screenshot_19042024_010354.png" width="800px"&gt;&lt;/a&gt;</msg>
<status status="PASS" starttime="20240419 01:03:54.137" endtime="20240419 01:03:54.522"/>
</kw>
<status status="PASS" starttime="20240419 01:03:54.133" endtime="20240419 01:03:54.524"/>
</kw>
<status status="PASS" starttime="20240419 01:03:53.875" endtime="20240419 01:03:54.524"/>
</test>
<test id="s1-t3" name="Login attempt without entering email" line="28">
<kw name="Reload Page" library="SeleniumLibrary">
<doc>Simulates user reloading page.</doc>
<status status="PASS" starttime="20240419 01:03:54.526" endtime="20240419 01:03:54.883"/>
</kw>
<kw name="Wait Until Page Contains" library="SeleniumLibrary">
<arg>Welcome back! Please select method to sign in</arg>
<arg>timeout=10s</arg>
<doc>Waits until ``text`` appears on the current page.</doc>
<status status="PASS" starttime="20240419 01:03:54.883" endtime="20240419 01:03:55.170"/>
</kw>
<kw name="Do login attempt without entering email">
<kw name="Input Password" library="SeleniumLibrary">
<arg>xpath=//input[@id='validationCustom03' and @type='password' and @name='password']</arg>
<arg>${Password}</arg>
<doc>Types the given password into the text field identified by ``locator``.</doc>
<msg timestamp="20240419 01:03:55.172" level="INFO">Typing password into text field 'xpath=//input[@id='validationCustom03' and @type='password' and @name='password']'.</msg>
<msg timestamp="20240419 01:03:55.223" level="INFO">Temporally setting log level to: NONE</msg>
<msg timestamp="20240419 01:03:55.320" level="INFO">Log level changed from NONE to INFO.</msg>
<status status="PASS" starttime="20240419 01:03:55.170" endtime="20240419 01:03:55.320"/>
</kw>
<kw name="Do Login Attempt with Missing Credentials">
<kw name="Element Should Be Disabled" library="SeleniumLibrary">
<var>${CheckButton}</var>
<arg>xpath=//button[@type='submit']</arg>
<doc>Verifies that element identified by ``locator`` is disabled.</doc>
<msg timestamp="20240419 01:03:55.330" level="INFO">${CheckButton} = None</msg>
<status status="PASS" starttime="20240419 01:03:55.320" endtime="20240419 01:03:55.330"/>
</kw>
<kw name="Run Keyword If" library="BuiltIn">
<arg>'${CheckButton}' == 'True'</arg>
<arg>Log</arg>
<arg>Passed. Button is disabled.</arg>
<arg>ELSE</arg>
<arg>Log</arg>
<arg>Failed. Button is enabled</arg>
<doc>Runs the given keyword with the given arguments, if ``condition`` is true.</doc>
<kw name="Log" library="BuiltIn">
<arg>Failed. Button is enabled</arg>
<doc>Logs the given message with the given level.</doc>
<msg timestamp="20240419 01:03:55.330" level="INFO">Failed. Button is enabled</msg>
<status status="PASS" starttime="20240419 01:03:55.330" endtime="20240419 01:03:55.330"/>
</kw>
<status status="PASS" starttime="20240419 01:03:55.330" endtime="20240419 01:03:55.330"/>
</kw>
<kw name="Element Should Be Disabled" library="SeleniumLibrary">
<arg>xpath=//button[@type='submit']</arg>
<doc>Verifies that element identified by ``locator`` is disabled.</doc>
<status status="PASS" starttime="20240419 01:03:55.330" endtime="20240419 01:03:55.345"/>
</kw>
<status status="PASS" starttime="20240419 01:03:55.320" endtime="20240419 01:03:55.345"/>
</kw>
<status status="PASS" starttime="20240419 01:03:55.170" endtime="20240419 01:03:55.345"/>
</kw>
<kw name="Do Screenshot">
<kw name="Get Current Date" library="DateTime">
<var>${timestamp}</var>
<arg>result_format=%d%m%Y_%H%M%S</arg>
<doc>Returns current local or UTC time with an optional increment.</doc>
<msg timestamp="20240419 01:03:55.357" level="INFO">${timestamp} = 19042024_010355</msg>
<status status="PASS" starttime="20240419 01:03:55.356" endtime="20240419 01:03:55.357"/>
</kw>
<kw name="Set Variable" library="BuiltIn">
<var>${screenshot_path}</var>
<arg>\images</arg>
<doc>Returns the given values which can then be assigned to a variables.</doc>
<msg timestamp="20240419 01:03:55.357" level="INFO">${screenshot_path} = images</msg>
<status status="PASS" starttime="20240419 01:03:55.357" endtime="20240419 01:03:55.357"/>
</kw>
<kw name="Set Variable" library="BuiltIn">
<var>${screenshot_filename}</var>
<arg>screenshot_${timestamp}.png</arg>
<doc>Returns the given values which can then be assigned to a variables.</doc>
<msg timestamp="20240419 01:03:55.357" level="INFO">${screenshot_filename} = screenshot_19042024_010355.png</msg>
<status status="PASS" starttime="20240419 01:03:55.357" endtime="20240419 01:03:55.357"/>
</kw>
<kw name="Set Screenshot Directory" library="SeleniumLibrary">
<arg>${screenshot_path}</arg>
<doc>Sets the directory for captured screenshots.</doc>
<status status="PASS" starttime="20240419 01:03:55.357" endtime="20240419 01:03:55.358"/>
</kw>
<kw name="Capture Page Screenshot" library="SeleniumLibrary">
<arg>${screenshot_filename}</arg>
<doc>Takes a screenshot of the current page and embeds it into a log file.</doc>
<msg timestamp="20240419 01:03:55.756" level="INFO" html="true">&lt;/td&gt;&lt;/tr&gt;&lt;tr&gt;&lt;td colspan="3"&gt;&lt;a href="images/screenshot_19042024_010355.png"&gt;&lt;img src="images/screenshot_19042024_010355.png" width="800px"&gt;&lt;/a&gt;</msg>
<status status="PASS" starttime="20240419 01:03:55.358" endtime="20240419 01:03:55.756"/>
</kw>
<status status="PASS" starttime="20240419 01:03:55.354" endtime="20240419 01:03:55.756"/>
</kw>
<status status="PASS" starttime="20240419 01:03:54.525" endtime="20240419 01:03:55.756"/>
</test>
<test id="s1-t4" name="Login attempt with incorrect email" line="34">
<kw name="Reload Page" library="SeleniumLibrary">
<doc>Simulates user reloading page.</doc>
<status status="PASS" starttime="20240419 01:03:55.757" endtime="20240419 01:03:56.130"/>
</kw>
<kw name="Wait Until Page Contains" library="SeleniumLibrary">
<arg>Welcome back! Please select method to sign in</arg>
<arg>timeout=10s</arg>
<doc>Waits until ``text`` appears on the current page.</doc>
<status status="PASS" starttime="20240419 01:03:56.131" endtime="20240419 01:03:56.149"/>
</kw>
<kw name="Do login attempt with incorrect email">
<kw name="Input Text" library="SeleniumLibrary">
<arg>xpath=//input[@id='validationCustom03' and @type='email']</arg>
<arg>${Incorrect-email}</arg>
<doc>Types the given ``text`` into the text field identified by ``locator``.</doc>
<msg timestamp="20240419 01:03:56.158" level="INFO">Typing text 'aingmaung@gmail.com' into text field 'xpath=//input[@id='validationCustom03' and @type='email']'.</msg>
<status status="PASS" starttime="20240419 01:03:56.157" endtime="20240419 01:03:56.286"/>
</kw>
<kw name="Input Password" library="SeleniumLibrary">
<arg>xpath=//input[@id='validationCustom03' and @type='password' and @name='password']</arg>
<arg>${Password}</arg>
<doc>Types the given password into the text field identified by ``locator``.</doc>
<msg timestamp="20240419 01:03:56.286" level="INFO">Typing password into text field 'xpath=//input[@id='validationCustom03' and @type='password' and @name='password']'.</msg>
<msg timestamp="20240419 01:03:56.309" level="INFO">Temporally setting log level to: NONE</msg>
<msg timestamp="20240419 01:03:56.370" level="INFO">Log level changed from NONE to INFO.</msg>
<status status="PASS" starttime="20240419 01:03:56.286" endtime="20240419 01:03:56.370"/>
</kw>
<kw name="Click Element" library="SeleniumLibrary">
<arg>xpath=//button[@type='submit']</arg>
<doc>Click the element identified by ``locator``.</doc>
<msg timestamp="20240419 01:03:56.373" level="INFO">Clicking element 'xpath=//button[@type='submit']'.</msg>
<status status="PASS" starttime="20240419 01:03:56.370" endtime="20240419 01:03:56.408"/>
</kw>
<kw name="Wait Until Element Contains" library="SeleniumLibrary">
<arg>xpath=//div[contains(@class, 'alert-danger') and contains(., 'Invalid email or password')]</arg>
<arg>Invalid email or password</arg>
<doc>Waits until the element ``locator`` contains ``text``.</doc>
<status status="PASS" starttime="20240419 01:03:56.408" endtime="20240419 01:03:57.102"/>
</kw>
<status status="PASS" starttime="20240419 01:03:56.156" endtime="20240419 01:03:57.102"/>
</kw>
<kw name="Do Screenshot">
<kw name="Get Current Date" library="DateTime">
<var>${timestamp}</var>
<arg>result_format=%d%m%Y_%H%M%S</arg>
<doc>Returns current local or UTC time with an optional increment.</doc>
<msg timestamp="20240419 01:03:57.103" level="INFO">${timestamp} = 19042024_010357</msg>
<status status="PASS" starttime="20240419 01:03:57.103" endtime="20240419 01:03:57.103"/>
</kw>
<kw name="Set Variable" library="BuiltIn">
<var>${screenshot_path}</var>
<arg>\images</arg>
<doc>Returns the given values which can then be assigned to a variables.</doc>
<msg timestamp="20240419 01:03:57.103" level="INFO">${screenshot_path} = images</msg>
<status status="PASS" starttime="20240419 01:03:57.103" endtime="20240419 01:03:57.103"/>
</kw>
<kw name="Set Variable" library="BuiltIn">
<var>${screenshot_filename}</var>
<arg>screenshot_${timestamp}.png</arg>
<doc>Returns the given values which can then be assigned to a variables.</doc>
<msg timestamp="20240419 01:03:57.103" level="INFO">${screenshot_filename} = screenshot_19042024_010357.png</msg>
<status status="PASS" starttime="20240419 01:03:57.103" endtime="20240419 01:03:57.103"/>
</kw>
<kw name="Set Screenshot Directory" library="SeleniumLibrary">
<arg>${screenshot_path}</arg>
<doc>Sets the directory for captured screenshots.</doc>
<status status="PASS" starttime="20240419 01:03:57.104" endtime="20240419 01:03:57.105"/>
</kw>
<kw name="Capture Page Screenshot" library="SeleniumLibrary">
<arg>${screenshot_filename}</arg>
<doc>Takes a screenshot of the current page and embeds it into a log file.</doc>
<msg timestamp="20240419 01:03:57.472" level="INFO" html="true">&lt;/td&gt;&lt;/tr&gt;&lt;tr&gt;&lt;td colspan="3"&gt;&lt;a href="images/screenshot_19042024_010357.png"&gt;&lt;img src="images/screenshot_19042024_010357.png" width="800px"&gt;&lt;/a&gt;</msg>
<status status="PASS" starttime="20240419 01:03:57.106" endtime="20240419 01:03:57.472"/>
</kw>
<status status="PASS" starttime="20240419 01:03:57.102" endtime="20240419 01:03:57.488"/>
</kw>
<status status="PASS" starttime="20240419 01:03:55.757" endtime="20240419 01:03:57.489"/>
</test>
<test id="s1-t5" name="Login attempt with incorrect password" line="40">
<kw name="Reload Page" library="SeleniumLibrary">
<doc>Simulates user reloading page.</doc>
<status status="PASS" starttime="20240419 01:03:57.492" endtime="20240419 01:03:57.880"/>
</kw>
<kw name="Wait Until Page Contains" library="SeleniumLibrary">
<arg>Welcome back! Please select method to sign in</arg>
<arg>timeout=10s</arg>
<doc>Waits until ``text`` appears on the current page.</doc>
<status status="PASS" starttime="20240419 01:03:57.880" endtime="20240419 01:03:57.909"/>
</kw>
<kw name="Do login attempt with incorrect password">
<kw name="Input Text" library="SeleniumLibrary">
<arg>xpath=//input[@id='validationCustom03' and @type='email']</arg>
<arg>${Email}</arg>
<doc>Types the given ``text`` into the text field identified by ``locator``.</doc>
<msg timestamp="20240419 01:03:57.909" level="INFO">Typing text 'testing01@gmail.com' into text field 'xpath=//input[@id='validationCustom03' and @type='email']'.</msg>
<status status="PASS" starttime="20240419 01:03:57.909" endtime="20240419 01:03:58.026"/>
</kw>
<kw name="Input Password" library="SeleniumLibrary">
<arg>xpath=//input[@id='validationCustom03' and @type='password' and @name='password']</arg>
<arg>${Incorrect-pass}</arg>
<doc>Types the given password into the text field identified by ``locator``.</doc>
<msg timestamp="20240419 01:03:58.026" level="INFO">Typing password into text field 'xpath=//input[@id='validationCustom03' and @type='password' and @name='password']'.</msg>
<msg timestamp="20240419 01:03:58.070" level="INFO">Temporally setting log level to: NONE</msg>
<msg timestamp="20240419 01:03:58.158" level="INFO">Log level changed from NONE to INFO.</msg>
<status status="PASS" starttime="20240419 01:03:58.026" endtime="20240419 01:03:58.159"/>
</kw>
<kw name="Click Element" library="SeleniumLibrary">
<arg>xpath=//button[@type='submit']</arg>
<doc>Click the element identified by ``locator``.</doc>
<msg timestamp="20240419 01:03:58.161" level="INFO">Clicking element 'xpath=//button[@type='submit']'.</msg>
<status status="PASS" starttime="20240419 01:03:58.159" endtime="20240419 01:03:58.226"/>
</kw>
<kw name="Wait Until Element Contains" library="SeleniumLibrary">
<arg>xpath=//div[contains(@class, 'alert-danger') and contains(., 'Invalid email or password')]</arg>
<arg>Invalid email or password</arg>
<doc>Waits until the element ``locator`` contains ``text``.</doc>
<status status="PASS" starttime="20240419 01:03:58.226" endtime="20240419 01:03:58.697"/>
</kw>
<status status="PASS" starttime="20240419 01:03:57.909" endtime="20240419 01:03:58.697"/>
</kw>
<kw name="Do Screenshot">
<kw name="Get Current Date" library="DateTime">
<var>${timestamp}</var>
<arg>result_format=%d%m%Y_%H%M%S</arg>
<doc>Returns current local or UTC time with an optional increment.</doc>
<msg timestamp="20240419 01:03:58.700" level="INFO">${timestamp} = 19042024_010358</msg>
<status status="PASS" starttime="20240419 01:03:58.697" endtime="20240419 01:03:58.700"/>
</kw>
<kw name="Set Variable" library="BuiltIn">
<var>${screenshot_path}</var>
<arg>\images</arg>
<doc>Returns the given values which can then be assigned to a variables.</doc>
<msg timestamp="20240419 01:03:58.700" level="INFO">${screenshot_path} = images</msg>
<status status="PASS" starttime="20240419 01:03:58.700" endtime="20240419 01:03:58.700"/>
</kw>
<kw name="Set Variable" library="BuiltIn">
<var>${screenshot_filename}</var>
<arg>screenshot_${timestamp}.png</arg>
<doc>Returns the given values which can then be assigned to a variables.</doc>
<msg timestamp="20240419 01:03:58.700" level="INFO">${screenshot_filename} = screenshot_19042024_010358.png</msg>
<status status="PASS" starttime="20240419 01:03:58.700" endtime="20240419 01:03:58.700"/>
</kw>
<kw name="Set Screenshot Directory" library="SeleniumLibrary">
<arg>${screenshot_path}</arg>
<doc>Sets the directory for captured screenshots.</doc>
<status status="PASS" starttime="20240419 01:03:58.700" endtime="20240419 01:03:58.700"/>
</kw>
<kw name="Capture Page Screenshot" library="SeleniumLibrary">
<arg>${screenshot_filename}</arg>
<doc>Takes a screenshot of the current page and embeds it into a log file.</doc>
<msg timestamp="20240419 01:03:59.116" level="INFO" html="true">&lt;/td&gt;&lt;/tr&gt;&lt;tr&gt;&lt;td colspan="3"&gt;&lt;a href="images/screenshot_19042024_010358.png"&gt;&lt;img src="images/screenshot_19042024_010358.png" width="800px"&gt;&lt;/a&gt;</msg>
<status status="PASS" starttime="20240419 01:03:58.700" endtime="20240419 01:03:59.116"/>
</kw>
<status status="PASS" starttime="20240419 01:03:58.697" endtime="20240419 01:03:59.116"/>
</kw>
<status status="PASS" starttime="20240419 01:03:57.492" endtime="20240419 01:03:59.116"/>
</test>
<test id="s1-t6" name="Login with correct credential" line="46">
<kw name="Reload Page" library="SeleniumLibrary">
<doc>Simulates user reloading page.</doc>
<status status="PASS" starttime="20240419 01:03:59.123" endtime="20240419 01:03:59.442"/>
</kw>
<kw name="Wait Until Page Contains" library="SeleniumLibrary">
<arg>Welcome back! Please select method to sign in</arg>
<arg>timeout=10s</arg>
<doc>Waits until ``text`` appears on the current page.</doc>
<status status="PASS" starttime="20240419 01:03:59.443" endtime="20240419 01:03:59.677"/>
</kw>
<kw name="Do login with correct credential">
<kw name="Input Text" library="SeleniumLibrary">
<arg>xpath=//input[@id='validationCustom03' and @type='email']</arg>
<arg>${Email}</arg>
<doc>Types the given ``text`` into the text field identified by ``locator``.</doc>
<msg timestamp="20240419 01:03:59.685" level="INFO">Typing text 'testing01@gmail.com' into text field 'xpath=//input[@id='validationCustom03' and @type='email']'.</msg>
<status status="PASS" starttime="20240419 01:03:59.677" endtime="20240419 01:03:59.827"/>
</kw>
<kw name="Input Password" library="SeleniumLibrary">
<arg>xpath=//input[@id='validationCustom03' and @type='password' and @name='password']</arg>
<arg>${Password}</arg>
<doc>Types the given password into the text field identified by ``locator``.</doc>
<msg timestamp="20240419 01:03:59.827" level="INFO">Typing password into text field 'xpath=//input[@id='validationCustom03' and @type='password' and @name='password']'.</msg>
<msg timestamp="20240419 01:03:59.868" level="INFO">Temporally setting log level to: NONE</msg>
<msg timestamp="20240419 01:03:59.941" level="INFO">Log level changed from NONE to INFO.</msg>
<status status="PASS" starttime="20240419 01:03:59.827" endtime="20240419 01:03:59.941"/>
</kw>
<kw name="Click Element" library="SeleniumLibrary">
<arg>xpath=//button[@type='submit']</arg>
<doc>Click the element identified by ``locator``.</doc>
<msg timestamp="20240419 01:03:59.941" level="INFO">Clicking element 'xpath=//button[@type='submit']'.</msg>
<status status="PASS" starttime="20240419 01:03:59.941" endtime="20240419 01:03:59.993"/>
</kw>
<status status="PASS" starttime="20240419 01:03:59.677" endtime="20240419 01:03:59.993"/>
</kw>
<kw name="Verify login">
<kw name="Wait Until Page Contains" library="SeleniumLibrary">
<arg>Kirana</arg>
<arg>timeout=30s</arg>
<doc>Waits until ``text`` appears on the current page.</doc>
<status status="PASS" starttime="20240419 01:03:59.993" endtime="20240419 01:04:00.879"/>
</kw>
<kw name="Wait Until Page Contains" library="SeleniumLibrary">
<var>${verify_login}</var>
<arg>Kirana</arg>
<arg>timeout=30s</arg>
<doc>Waits until ``text`` appears on the current page.</doc>
<msg timestamp="20240419 01:04:00.895" level="INFO">${verify_login} = None</msg>
<status status="PASS" starttime="20240419 01:04:00.879" endtime="20240419 01:04:00.895"/>
</kw>
<kw name="Run Keyword If" library="BuiltIn">
<arg>'${verify_login}' == 'True'</arg>
<arg>Log</arg>
<arg>Passed</arg>
<arg>ELSE</arg>
<arg>Log</arg>
<arg>Failed</arg>
<doc>Runs the given keyword with the given arguments, if ``condition`` is true.</doc>
<kw name="Log" library="BuiltIn">
<arg>Failed</arg>
<doc>Logs the given message with the given level.</doc>
<msg timestamp="20240419 01:04:00.895" level="INFO">Failed</msg>
<status status="PASS" starttime="20240419 01:04:00.895" endtime="20240419 01:04:00.895"/>
</kw>
<status status="PASS" starttime="20240419 01:04:00.895" endtime="20240419 01:04:00.895"/>
</kw>
<status status="PASS" starttime="20240419 01:03:59.993" endtime="20240419 01:04:00.895"/>
</kw>
<kw name="Do Screenshot">
<kw name="Get Current Date" library="DateTime">
<var>${timestamp}</var>
<arg>result_format=%d%m%Y_%H%M%S</arg>
<doc>Returns current local or UTC time with an optional increment.</doc>
<msg timestamp="20240419 01:04:00.895" level="INFO">${timestamp} = 19042024_010400</msg>
<status status="PASS" starttime="20240419 01:04:00.895" endtime="20240419 01:04:00.895"/>
</kw>
<kw name="Set Variable" library="BuiltIn">
<var>${screenshot_path}</var>
<arg>\images</arg>
<doc>Returns the given values which can then be assigned to a variables.</doc>
<msg timestamp="20240419 01:04:00.903" level="INFO">${screenshot_path} = images</msg>
<status status="PASS" starttime="20240419 01:04:00.895" endtime="20240419 01:04:00.903"/>
</kw>
<kw name="Set Variable" library="BuiltIn">
<var>${screenshot_filename}</var>
<arg>screenshot_${timestamp}.png</arg>
<doc>Returns the given values which can then be assigned to a variables.</doc>
<msg timestamp="20240419 01:04:00.903" level="INFO">${screenshot_filename} = screenshot_19042024_010400.png</msg>
<status status="PASS" starttime="20240419 01:04:00.903" endtime="20240419 01:04:00.903"/>
</kw>
<kw name="Set Screenshot Directory" library="SeleniumLibrary">
<arg>${screenshot_path}</arg>
<doc>Sets the directory for captured screenshots.</doc>
<status status="PASS" starttime="20240419 01:04:00.903" endtime="20240419 01:04:00.905"/>
</kw>
<kw name="Capture Page Screenshot" library="SeleniumLibrary">
<arg>${screenshot_filename}</arg>
<doc>Takes a screenshot of the current page and embeds it into a log file.</doc>
<msg timestamp="20240419 01:04:01.411" level="INFO" html="true">&lt;/td&gt;&lt;/tr&gt;&lt;tr&gt;&lt;td colspan="3"&gt;&lt;a href="images/screenshot_19042024_010400.png"&gt;&lt;img src="images/screenshot_19042024_010400.png" width="800px"&gt;&lt;/a&gt;</msg>
<status status="PASS" starttime="20240419 01:04:00.905" endtime="20240419 01:04:01.412"/>
</kw>
<status status="PASS" starttime="20240419 01:04:00.895" endtime="20240419 01:04:01.412"/>
</kw>
<status status="PASS" starttime="20240419 01:03:59.122" endtime="20240419 01:04:01.412"/>
</test>
<doc>Sign up with credential</doc>
<status status="PASS" starttime="20240419 01:03:49.552" endtime="20240419 01:04:01.413"/>
</suite>
<statistics>
<total>
<stat pass="6" fail="0" skip="0">All Tests</stat>
</total>
<tag>
</tag>
<suite>
<stat pass="6" fail="0" skip="0" id="s1" name="Main">Main</stat>
</suite>
</statistics>
<errors>
</errors>
</robot>
