<?xml version="1.0" encoding="UTF-8"?>
<robot generator="Robot 6.1.1 (Python 3.8.0 on win32)" generated="20240419 08:18:48.518" rpa="false" schemaversion="4">
<suite id="s1" name="Main" source="D:\Primeskill\E-journey\Student\login\credential\main.robot">
<test id="s1-t1" name="Login attempt with Missing Credentials" line="15">
<kw name="Open Browser" library="SeleniumLibrary">
<arg>${URL}</arg>
<arg>browser=chrome</arg>
<doc>Opens a new browser instance to the optional ``url``.</doc>
<msg timestamp="20240419 08:18:48.730" level="INFO">Opening browser 'chrome' to base url 'https://staging.auth.app.ejourney.id/'.</msg>
<status status="PASS" starttime="20240419 08:18:48.730" endtime="20240419 08:18:55.419"/>
</kw>
<kw name="Maximize Browser Window" library="SeleniumLibrary">
<doc>Maximizes current browser window.</doc>
<status status="PASS" starttime="20240419 08:18:55.419" endtime="20240419 08:18:55.559"/>
</kw>
<kw name="Wait Until Page Contains" library="SeleniumLibrary">
<arg>Welcome back! Please select method to sign in</arg>
<arg>timeout=10s</arg>
<doc>Waits until ``text`` appears on the current page.</doc>
<status status="PASS" starttime="20240419 08:18:55.559" endtime="20240419 08:18:55.577"/>
</kw>
<kw name="Do Login Attempt with Missing Credentials">
<kw name="Element Should Be Disabled" library="SeleniumLibrary">
<var>${CheckButton}</var>
<arg>xpath=//button[@type='submit']</arg>
<doc>Verifies that element identified by ``locator`` is disabled.</doc>
<msg timestamp="20240419 08:18:55.607" level="INFO">${CheckButton} = None</msg>
<status status="PASS" starttime="20240419 08:18:55.578" endtime="20240419 08:18:55.607"/>
</kw>
<kw name="Run Keyword If" library="BuiltIn">
<arg>'${CheckButton}' == 'True'</arg>
<arg>Log</arg>
<arg>Passed. Button is disabled.</arg>
<arg>ELSE</arg>
<arg>Log</arg>
<arg>Failed. Button is enabled</arg>
<doc>Runs the given keyword with the given arguments, if ``condition`` is true.</doc>
<kw name="Log" library="BuiltIn">
<arg>Failed. Button is enabled</arg>
<doc>Logs the given message with the given level.</doc>
<msg timestamp="20240419 08:18:55.607" level="INFO">Failed. Button is enabled</msg>
<status status="PASS" starttime="20240419 08:18:55.607" endtime="20240419 08:18:55.608"/>
</kw>
<status status="PASS" starttime="20240419 08:18:55.607" endtime="20240419 08:18:55.608"/>
</kw>
<kw name="Element Should Be Disabled" library="SeleniumLibrary">
<arg>xpath=//button[@type='submit']</arg>
<doc>Verifies that element identified by ``locator`` is disabled.</doc>
<status status="PASS" starttime="20240419 08:18:55.608" endtime="20240419 08:18:55.622"/>
</kw>
<status status="PASS" starttime="20240419 08:18:55.578" endtime="20240419 08:18:55.622"/>
</kw>
<kw name="Do Screenshot">
<kw name="Get Current Date" library="DateTime">
<var>${timestamp}</var>
<arg>result_format=%d%m%Y_%H%M%S</arg>
<doc>Returns current local or UTC time with an optional increment.</doc>
<msg timestamp="20240419 08:18:55.627" level="INFO">${timestamp} = 19042024_081855</msg>
<status status="PASS" starttime="20240419 08:18:55.622" endtime="20240419 08:18:55.627"/>
</kw>
<kw name="Set Variable" library="BuiltIn">
<var>${screenshot_path}</var>
<arg>\images</arg>
<doc>Returns the given values which can then be assigned to a variables.</doc>
<msg timestamp="20240419 08:18:55.627" level="INFO">${screenshot_path} = images</msg>
<status status="PASS" starttime="20240419 08:18:55.627" endtime="20240419 08:18:55.627"/>
</kw>
<kw name="Set Variable" library="BuiltIn">
<var>${screenshot_filename}</var>
<arg>screenshot_${timestamp}.png</arg>
<doc>Returns the given values which can then be assigned to a variables.</doc>
<msg timestamp="20240419 08:18:55.627" level="INFO">${screenshot_filename} = screenshot_19042024_081855.png</msg>
<status status="PASS" starttime="20240419 08:18:55.627" endtime="20240419 08:18:55.627"/>
</kw>
<kw name="Set Screenshot Directory" library="SeleniumLibrary">
<arg>${screenshot_path}</arg>
<doc>Sets the directory for captured screenshots.</doc>
<status status="PASS" starttime="20240419 08:18:55.627" endtime="20240419 08:18:55.628"/>
</kw>
<kw name="Capture Page Screenshot" library="SeleniumLibrary">
<arg>${screenshot_filename}</arg>
<doc>Takes a screenshot of the current page and embeds it into a log file.</doc>
<msg timestamp="20240419 08:18:55.966" level="INFO" html="true">&lt;/td&gt;&lt;/tr&gt;&lt;tr&gt;&lt;td colspan="3"&gt;&lt;a href="images/screenshot_19042024_081855.png"&gt;&lt;img src="images/screenshot_19042024_081855.png" width="800px"&gt;&lt;/a&gt;</msg>
<status status="PASS" starttime="20240419 08:18:55.628" endtime="20240419 08:18:55.966"/>
</kw>
<status status="PASS" starttime="20240419 08:18:55.622" endtime="20240419 08:18:55.966"/>
</kw>
<status status="PASS" starttime="20240419 08:18:48.730" endtime="20240419 08:18:55.967"/>
</test>
<test id="s1-t2" name="Login attempt without entering password" line="22">
<kw name="Do login attempt without entering password">
<kw name="Input Text" library="SeleniumLibrary">
<arg>xpath=//input[@id='validationCustom03' and @type='email']</arg>
<arg>${Email}</arg>
<doc>Types the given ``text`` into the text field identified by ``locator``.</doc>
<msg timestamp="20240419 08:18:55.969" level="INFO">Typing text 'testing01@gmail.com' into text field 'xpath=//input[@id='validationCustom03' and @type='email']'.</msg>
<status status="PASS" starttime="20240419 08:18:55.969" endtime="20240419 08:18:56.088"/>
</kw>
<kw name="Do Login Attempt with Missing Credentials">
<kw name="Element Should Be Disabled" library="SeleniumLibrary">
<var>${CheckButton}</var>
<arg>xpath=//button[@type='submit']</arg>
<doc>Verifies that element identified by ``locator`` is disabled.</doc>
<msg timestamp="20240419 08:18:56.105" level="INFO">${CheckButton} = None</msg>
<status status="PASS" starttime="20240419 08:18:56.088" endtime="20240419 08:18:56.105"/>
</kw>
<kw name="Run Keyword If" library="BuiltIn">
<arg>'${CheckButton}' == 'True'</arg>
<arg>Log</arg>
<arg>Passed. Button is disabled.</arg>
<arg>ELSE</arg>
<arg>Log</arg>
<arg>Failed. Button is enabled</arg>
<doc>Runs the given keyword with the given arguments, if ``condition`` is true.</doc>
<kw name="Log" library="BuiltIn">
<arg>Failed. Button is enabled</arg>
<doc>Logs the given message with the given level.</doc>
<msg timestamp="20240419 08:18:56.105" level="INFO">Failed. Button is enabled</msg>
<status status="PASS" starttime="20240419 08:18:56.105" endtime="20240419 08:18:56.105"/>
</kw>
<status status="PASS" starttime="20240419 08:18:56.105" endtime="20240419 08:18:56.105"/>
</kw>
<kw name="Element Should Be Disabled" library="SeleniumLibrary">
<arg>xpath=//button[@type='submit']</arg>
<doc>Verifies that element identified by ``locator`` is disabled.</doc>
<status status="PASS" starttime="20240419 08:18:56.105" endtime="20240419 08:18:56.117"/>
</kw>
<status status="PASS" starttime="20240419 08:18:56.088" endtime="20240419 08:18:56.117"/>
</kw>
<status status="PASS" starttime="20240419 08:18:55.969" endtime="20240419 08:18:56.117"/>
</kw>
<kw name="Do Screenshot">
<kw name="Get Current Date" library="DateTime">
<var>${timestamp}</var>
<arg>result_format=%d%m%Y_%H%M%S</arg>
<doc>Returns current local or UTC time with an optional increment.</doc>
<msg timestamp="20240419 08:18:56.117" level="INFO">${timestamp} = 19042024_081856</msg>
<status status="PASS" starttime="20240419 08:18:56.117" endtime="20240419 08:18:56.118"/>
</kw>
<kw name="Set Variable" library="BuiltIn">
<var>${screenshot_path}</var>
<arg>\images</arg>
<doc>Returns the given values which can then be assigned to a variables.</doc>
<msg timestamp="20240419 08:18:56.118" level="INFO">${screenshot_path} = images</msg>
<status status="PASS" starttime="20240419 08:18:56.118" endtime="20240419 08:18:56.118"/>
</kw>
<kw name="Set Variable" library="BuiltIn">
<var>${screenshot_filename}</var>
<arg>screenshot_${timestamp}.png</arg>
<doc>Returns the given values which can then be assigned to a variables.</doc>
<msg timestamp="20240419 08:18:56.118" level="INFO">${screenshot_filename} = screenshot_19042024_081856.png</msg>
<status status="PASS" starttime="20240419 08:18:56.118" endtime="20240419 08:18:56.118"/>
</kw>
<kw name="Set Screenshot Directory" library="SeleniumLibrary">
<arg>${screenshot_path}</arg>
<doc>Sets the directory for captured screenshots.</doc>
<status status="PASS" starttime="20240419 08:18:56.118" endtime="20240419 08:18:56.119"/>
</kw>
<kw name="Capture Page Screenshot" library="SeleniumLibrary">
<arg>${screenshot_filename}</arg>
<doc>Takes a screenshot of the current page and embeds it into a log file.</doc>
<msg timestamp="20240419 08:18:56.544" level="INFO" html="true">&lt;/td&gt;&lt;/tr&gt;&lt;tr&gt;&lt;td colspan="3"&gt;&lt;a href="images/screenshot_19042024_081856.png"&gt;&lt;img src="images/screenshot_19042024_081856.png" width="800px"&gt;&lt;/a&gt;</msg>
<status status="PASS" starttime="20240419 08:18:56.119" endtime="20240419 08:18:56.545"/>
</kw>
<status status="PASS" starttime="20240419 08:18:56.117" endtime="20240419 08:18:56.545"/>
</kw>
<status status="PASS" starttime="20240419 08:18:55.968" endtime="20240419 08:18:56.546"/>
</test>
<test id="s1-t3" name="Login attempt without entering email" line="26">
<kw name="Reload Page" library="SeleniumLibrary">
<doc>Simulates user reloading page.</doc>
<status status="PASS" starttime="20240419 08:18:56.548" endtime="20240419 08:18:56.967"/>
</kw>
<kw name="Wait Until Page Contains" library="SeleniumLibrary">
<arg>Welcome back! Please select method to sign in</arg>
<arg>timeout=10s</arg>
<doc>Waits until ``text`` appears on the current page.</doc>
<status status="PASS" starttime="20240419 08:18:56.968" endtime="20240419 08:18:57.017"/>
</kw>
<kw name="Do login attempt without entering email">
<kw name="Input Password" library="SeleniumLibrary">
<arg>xpath=//input[@id='validationCustom03' and @type='password' and @name='password']</arg>
<arg>${Password}</arg>
<doc>Types the given password into the text field identified by ``locator``.</doc>
<msg timestamp="20240419 08:18:57.020" level="INFO">Typing password into text field 'xpath=//input[@id='validationCustom03' and @type='password' and @name='password']'.</msg>
<msg timestamp="20240419 08:18:57.061" level="INFO">Temporally setting log level to: NONE</msg>
<msg timestamp="20240419 08:18:57.109" level="INFO">Log level changed from NONE to INFO.</msg>
<status status="PASS" starttime="20240419 08:18:57.018" endtime="20240419 08:18:57.109"/>
</kw>
<kw name="Do Login Attempt with Missing Credentials">
<kw name="Element Should Be Disabled" library="SeleniumLibrary">
<var>${CheckButton}</var>
<arg>xpath=//button[@type='submit']</arg>
<doc>Verifies that element identified by ``locator`` is disabled.</doc>
<msg timestamp="20240419 08:18:57.128" level="INFO">${CheckButton} = None</msg>
<status status="PASS" starttime="20240419 08:18:57.109" endtime="20240419 08:18:57.128"/>
</kw>
<kw name="Run Keyword If" library="BuiltIn">
<arg>'${CheckButton}' == 'True'</arg>
<arg>Log</arg>
<arg>Passed. Button is disabled.</arg>
<arg>ELSE</arg>
<arg>Log</arg>
<arg>Failed. Button is enabled</arg>
<doc>Runs the given keyword with the given arguments, if ``condition`` is true.</doc>
<kw name="Log" library="BuiltIn">
<arg>Failed. Button is enabled</arg>
<doc>Logs the given message with the given level.</doc>
<msg timestamp="20240419 08:18:57.128" level="INFO">Failed. Button is enabled</msg>
<status status="PASS" starttime="20240419 08:18:57.128" endtime="20240419 08:18:57.128"/>
</kw>
<status status="PASS" starttime="20240419 08:18:57.128" endtime="20240419 08:18:57.128"/>
</kw>
<kw name="Element Should Be Disabled" library="SeleniumLibrary">
<arg>xpath=//button[@type='submit']</arg>
<doc>Verifies that element identified by ``locator`` is disabled.</doc>
<status status="PASS" starttime="20240419 08:18:57.128" endtime="20240419 08:18:57.142"/>
</kw>
<status status="PASS" starttime="20240419 08:18:57.109" endtime="20240419 08:18:57.142"/>
</kw>
<status status="PASS" starttime="20240419 08:18:57.018" endtime="20240419 08:18:57.142"/>
</kw>
<kw name="Do Screenshot">
<kw name="Get Current Date" library="DateTime">
<var>${timestamp}</var>
<arg>result_format=%d%m%Y_%H%M%S</arg>
<doc>Returns current local or UTC time with an optional increment.</doc>
<msg timestamp="20240419 08:18:57.142" level="INFO">${timestamp} = 19042024_081857</msg>
<status status="PASS" starttime="20240419 08:18:57.142" endtime="20240419 08:18:57.142"/>
</kw>
<kw name="Set Variable" library="BuiltIn">
<var>${screenshot_path}</var>
<arg>\images</arg>
<doc>Returns the given values which can then be assigned to a variables.</doc>
<msg timestamp="20240419 08:18:57.147" level="INFO">${screenshot_path} = images</msg>
<status status="PASS" starttime="20240419 08:18:57.142" endtime="20240419 08:18:57.147"/>
</kw>
<kw name="Set Variable" library="BuiltIn">
<var>${screenshot_filename}</var>
<arg>screenshot_${timestamp}.png</arg>
<doc>Returns the given values which can then be assigned to a variables.</doc>
<msg timestamp="20240419 08:18:57.147" level="INFO">${screenshot_filename} = screenshot_19042024_081857.png</msg>
<status status="PASS" starttime="20240419 08:18:57.147" endtime="20240419 08:18:57.147"/>
</kw>
<kw name="Set Screenshot Directory" library="SeleniumLibrary">
<arg>${screenshot_path}</arg>
<doc>Sets the directory for captured screenshots.</doc>
<status status="PASS" starttime="20240419 08:18:57.148" endtime="20240419 08:18:57.149"/>
</kw>
<kw name="Capture Page Screenshot" library="SeleniumLibrary">
<arg>${screenshot_filename}</arg>
<doc>Takes a screenshot of the current page and embeds it into a log file.</doc>
<msg timestamp="20240419 08:18:57.524" level="INFO" html="true">&lt;/td&gt;&lt;/tr&gt;&lt;tr&gt;&lt;td colspan="3"&gt;&lt;a href="images/screenshot_19042024_081857.png"&gt;&lt;img src="images/screenshot_19042024_081857.png" width="800px"&gt;&lt;/a&gt;</msg>
<status status="PASS" starttime="20240419 08:18:57.149" endtime="20240419 08:18:57.524"/>
</kw>
<status status="PASS" starttime="20240419 08:18:57.142" endtime="20240419 08:18:57.524"/>
</kw>
<status status="PASS" starttime="20240419 08:18:56.548" endtime="20240419 08:18:57.526"/>
</test>
<test id="s1-t4" name="Login attempt with incorrect email" line="32">
<kw name="Reload Page" library="SeleniumLibrary">
<doc>Simulates user reloading page.</doc>
<status status="PASS" starttime="20240419 08:18:57.528" endtime="20240419 08:18:57.943"/>
</kw>
<kw name="Wait Until Page Contains" library="SeleniumLibrary">
<arg>Welcome back! Please select method to sign in</arg>
<arg>timeout=10s</arg>
<doc>Waits until ``text`` appears on the current page.</doc>
<status status="PASS" starttime="20240419 08:18:57.943" endtime="20240419 08:18:58.398"/>
</kw>
<kw name="Do login attempt with incorrect email">
<kw name="Input Text" library="SeleniumLibrary">
<arg>xpath=//input[@id='validationCustom03' and @type='email']</arg>
<arg>${Incorrect-email}</arg>
<doc>Types the given ``text`` into the text field identified by ``locator``.</doc>
<msg timestamp="20240419 08:18:58.399" level="INFO">Typing text 'aingmaung@gmail.com' into text field 'xpath=//input[@id='validationCustom03' and @type='email']'.</msg>
<status status="PASS" starttime="20240419 08:18:58.399" endtime="20240419 08:18:58.518"/>
</kw>
<kw name="Input Password" library="SeleniumLibrary">
<arg>xpath=//input[@id='validationCustom03' and @type='password' and @name='password']</arg>
<arg>${Password}</arg>
<doc>Types the given password into the text field identified by ``locator``.</doc>
<msg timestamp="20240419 08:18:58.518" level="INFO">Typing password into text field 'xpath=//input[@id='validationCustom03' and @type='password' and @name='password']'.</msg>
<msg timestamp="20240419 08:18:58.553" level="INFO">Temporally setting log level to: NONE</msg>
<msg timestamp="20240419 08:18:58.609" level="INFO">Log level changed from NONE to INFO.</msg>
<status status="PASS" starttime="20240419 08:18:58.518" endtime="20240419 08:18:58.609"/>
</kw>
<kw name="Click Element" library="SeleniumLibrary">
<arg>xpath=//button[@type='submit']</arg>
<doc>Click the element identified by ``locator``.</doc>
<msg timestamp="20240419 08:18:58.617" level="INFO">Clicking element 'xpath=//button[@type='submit']'.</msg>
<status status="PASS" starttime="20240419 08:18:58.609" endtime="20240419 08:18:58.682"/>
</kw>
<kw name="Wait Until Element Contains" library="SeleniumLibrary">
<arg>xpath=//div[contains(@class, 'alert-danger') and contains(., 'Invalid email or password')]</arg>
<arg>Invalid email or password</arg>
<doc>Waits until the element ``locator`` contains ``text``.</doc>
<status status="PASS" starttime="20240419 08:18:58.682" endtime="20240419 08:19:00.470"/>
</kw>
<status status="PASS" starttime="20240419 08:18:58.399" endtime="20240419 08:19:00.470"/>
</kw>
<kw name="Do Screenshot">
<kw name="Get Current Date" library="DateTime">
<var>${timestamp}</var>
<arg>result_format=%d%m%Y_%H%M%S</arg>
<doc>Returns current local or UTC time with an optional increment.</doc>
<msg timestamp="20240419 08:19:00.470" level="INFO">${timestamp} = 19042024_081900</msg>
<status status="PASS" starttime="20240419 08:19:00.470" endtime="20240419 08:19:00.470"/>
</kw>
<kw name="Set Variable" library="BuiltIn">
<var>${screenshot_path}</var>
<arg>\images</arg>
<doc>Returns the given values which can then be assigned to a variables.</doc>
<msg timestamp="20240419 08:19:00.474" level="INFO">${screenshot_path} = images</msg>
<status status="PASS" starttime="20240419 08:19:00.474" endtime="20240419 08:19:00.474"/>
</kw>
<kw name="Set Variable" library="BuiltIn">
<var>${screenshot_filename}</var>
<arg>screenshot_${timestamp}.png</arg>
<doc>Returns the given values which can then be assigned to a variables.</doc>
<msg timestamp="20240419 08:19:00.475" level="INFO">${screenshot_filename} = screenshot_19042024_081900.png</msg>
<status status="PASS" starttime="20240419 08:19:00.474" endtime="20240419 08:19:00.475"/>
</kw>
<kw name="Set Screenshot Directory" library="SeleniumLibrary">
<arg>${screenshot_path}</arg>
<doc>Sets the directory for captured screenshots.</doc>
<status status="PASS" starttime="20240419 08:19:00.475" endtime="20240419 08:19:00.477"/>
</kw>
<kw name="Capture Page Screenshot" library="SeleniumLibrary">
<arg>${screenshot_filename}</arg>
<doc>Takes a screenshot of the current page and embeds it into a log file.</doc>
<msg timestamp="20240419 08:19:00.897" level="INFO" html="true">&lt;/td&gt;&lt;/tr&gt;&lt;tr&gt;&lt;td colspan="3"&gt;&lt;a href="images/screenshot_19042024_081900.png"&gt;&lt;img src="images/screenshot_19042024_081900.png" width="800px"&gt;&lt;/a&gt;</msg>
<status status="PASS" starttime="20240419 08:19:00.477" endtime="20240419 08:19:00.898"/>
</kw>
<status status="PASS" starttime="20240419 08:19:00.470" endtime="20240419 08:19:00.898"/>
</kw>
<status status="PASS" starttime="20240419 08:18:57.527" endtime="20240419 08:19:00.900"/>
</test>
<test id="s1-t5" name="Login attempt with incorrect password" line="38">
<kw name="Reload Page" library="SeleniumLibrary">
<doc>Simulates user reloading page.</doc>
<status status="PASS" starttime="20240419 08:19:00.900" endtime="20240419 08:19:01.280"/>
</kw>
<kw name="Wait Until Page Contains" library="SeleniumLibrary">
<arg>Welcome back! Please select method to sign in</arg>
<arg>timeout=10s</arg>
<doc>Waits until ``text`` appears on the current page.</doc>
<status status="PASS" starttime="20240419 08:19:01.282" endtime="20240419 08:19:01.627"/>
</kw>
<kw name="Do login attempt with incorrect password">
<kw name="Input Text" library="SeleniumLibrary">
<arg>xpath=//input[@id='validationCustom03' and @type='email']</arg>
<arg>${Email}</arg>
<doc>Types the given ``text`` into the text field identified by ``locator``.</doc>
<msg timestamp="20240419 08:19:01.628" level="INFO">Typing text 'testing01@gmail.com' into text field 'xpath=//input[@id='validationCustom03' and @type='email']'.</msg>
<status status="PASS" starttime="20240419 08:19:01.628" endtime="20240419 08:19:01.749"/>
</kw>
<kw name="Input Password" library="SeleniumLibrary">
<arg>xpath=//input[@id='validationCustom03' and @type='password' and @name='password']</arg>
<arg>${Incorrect-pass}</arg>
<doc>Types the given password into the text field identified by ``locator``.</doc>
<msg timestamp="20240419 08:19:01.749" level="INFO">Typing password into text field 'xpath=//input[@id='validationCustom03' and @type='password' and @name='password']'.</msg>
<msg timestamp="20240419 08:19:01.787" level="INFO">Temporally setting log level to: NONE</msg>
<msg timestamp="20240419 08:19:01.848" level="INFO">Log level changed from NONE to INFO.</msg>
<status status="PASS" starttime="20240419 08:19:01.749" endtime="20240419 08:19:01.848"/>
</kw>
<kw name="Click Element" library="SeleniumLibrary">
<arg>xpath=//button[@type='submit']</arg>
<doc>Click the element identified by ``locator``.</doc>
<msg timestamp="20240419 08:19:01.848" level="INFO">Clicking element 'xpath=//button[@type='submit']'.</msg>
<status status="PASS" starttime="20240419 08:19:01.848" endtime="20240419 08:19:01.890"/>
</kw>
<kw name="Wait Until Element Contains" library="SeleniumLibrary">
<arg>xpath=//div[contains(@class, 'alert-danger') and contains(., 'Invalid email or password')]</arg>
<arg>Invalid email or password</arg>
<doc>Waits until the element ``locator`` contains ``text``.</doc>
<status status="PASS" starttime="20240419 08:19:01.890" endtime="20240419 08:19:02.381"/>
</kw>
<status status="PASS" starttime="20240419 08:19:01.628" endtime="20240419 08:19:02.381"/>
</kw>
<kw name="Do Screenshot">
<kw name="Get Current Date" library="DateTime">
<var>${timestamp}</var>
<arg>result_format=%d%m%Y_%H%M%S</arg>
<doc>Returns current local or UTC time with an optional increment.</doc>
<msg timestamp="20240419 08:19:02.381" level="INFO">${timestamp} = 19042024_081902</msg>
<status status="PASS" starttime="20240419 08:19:02.381" endtime="20240419 08:19:02.381"/>
</kw>
<kw name="Set Variable" library="BuiltIn">
<var>${screenshot_path}</var>
<arg>\images</arg>
<doc>Returns the given values which can then be assigned to a variables.</doc>
<msg timestamp="20240419 08:19:02.381" level="INFO">${screenshot_path} = images</msg>
<status status="PASS" starttime="20240419 08:19:02.381" endtime="20240419 08:19:02.381"/>
</kw>
<kw name="Set Variable" library="BuiltIn">
<var>${screenshot_filename}</var>
<arg>screenshot_${timestamp}.png</arg>
<doc>Returns the given values which can then be assigned to a variables.</doc>
<msg timestamp="20240419 08:19:02.381" level="INFO">${screenshot_filename} = screenshot_19042024_081902.png</msg>
<status status="PASS" starttime="20240419 08:19:02.381" endtime="20240419 08:19:02.381"/>
</kw>
<kw name="Set Screenshot Directory" library="SeleniumLibrary">
<arg>${screenshot_path}</arg>
<doc>Sets the directory for captured screenshots.</doc>
<status status="PASS" starttime="20240419 08:19:02.381" endtime="20240419 08:19:02.381"/>
</kw>
<kw name="Capture Page Screenshot" library="SeleniumLibrary">
<arg>${screenshot_filename}</arg>
<doc>Takes a screenshot of the current page and embeds it into a log file.</doc>
<msg timestamp="20240419 08:19:02.749" level="INFO" html="true">&lt;/td&gt;&lt;/tr&gt;&lt;tr&gt;&lt;td colspan="3"&gt;&lt;a href="images/screenshot_19042024_081902.png"&gt;&lt;img src="images/screenshot_19042024_081902.png" width="800px"&gt;&lt;/a&gt;</msg>
<status status="PASS" starttime="20240419 08:19:02.381" endtime="20240419 08:19:02.749"/>
</kw>
<status status="PASS" starttime="20240419 08:19:02.381" endtime="20240419 08:19:02.749"/>
</kw>
<status status="PASS" starttime="20240419 08:19:00.900" endtime="20240419 08:19:02.750"/>
</test>
<test id="s1-t6" name="Login with correct credential" line="44">
<kw name="Reload Page" library="SeleniumLibrary">
<doc>Simulates user reloading page.</doc>
<status status="PASS" starttime="20240419 08:19:02.752" endtime="20240419 08:19:03.180"/>
</kw>
<kw name="Wait Until Page Contains" library="SeleniumLibrary">
<arg>Welcome back! Please select method to sign in</arg>
<arg>timeout=10s</arg>
<doc>Waits until ``text`` appears on the current page.</doc>
<status status="PASS" starttime="20240419 08:19:03.180" endtime="20240419 08:19:03.437"/>
</kw>
<kw name="Do login with correct credential">
<kw name="Input Text" library="SeleniumLibrary">
<arg>xpath=//input[@id='validationCustom03' and @type='email']</arg>
<arg>${Email}</arg>
<doc>Types the given ``text`` into the text field identified by ``locator``.</doc>
<msg timestamp="20240419 08:19:03.439" level="INFO">Typing text 'testing01@gmail.com' into text field 'xpath=//input[@id='validationCustom03' and @type='email']'.</msg>
<status status="PASS" starttime="20240419 08:19:03.438" endtime="20240419 08:19:03.568"/>
</kw>
<kw name="Input Password" library="SeleniumLibrary">
<arg>xpath=//input[@id='validationCustom03' and @type='password' and @name='password']</arg>
<arg>${Password}</arg>
<doc>Types the given password into the text field identified by ``locator``.</doc>
<msg timestamp="20240419 08:19:03.568" level="INFO">Typing password into text field 'xpath=//input[@id='validationCustom03' and @type='password' and @name='password']'.</msg>
<msg timestamp="20240419 08:19:03.609" level="INFO">Temporally setting log level to: NONE</msg>
<msg timestamp="20240419 08:19:03.682" level="INFO">Log level changed from NONE to INFO.</msg>
<status status="PASS" starttime="20240419 08:19:03.568" endtime="20240419 08:19:03.682"/>
</kw>
<kw name="Click Element" library="SeleniumLibrary">
<arg>xpath=//button[@type='submit']</arg>
<doc>Click the element identified by ``locator``.</doc>
<msg timestamp="20240419 08:19:03.682" level="INFO">Clicking element 'xpath=//button[@type='submit']'.</msg>
<status status="PASS" starttime="20240419 08:19:03.682" endtime="20240419 08:19:03.732"/>
</kw>
<status status="PASS" starttime="20240419 08:19:03.438" endtime="20240419 08:19:03.732"/>
</kw>
<kw name="Verify login">
<kw name="Wait Until Page Contains" library="SeleniumLibrary">
<arg>Kirana</arg>
<arg>timeout=30s</arg>
<doc>Waits until ``text`` appears on the current page.</doc>
<status status="PASS" starttime="20240419 08:19:03.732" endtime="20240419 08:19:05.497"/>
</kw>
<kw name="Wait Until Page Contains" library="SeleniumLibrary">
<var>${verify_login}</var>
<arg>Kirana</arg>
<arg>timeout=30s</arg>
<doc>Waits until ``text`` appears on the current page.</doc>
<msg timestamp="20240419 08:19:05.508" level="INFO">${verify_login} = None</msg>
<status status="PASS" starttime="20240419 08:19:05.497" endtime="20240419 08:19:05.508"/>
</kw>
<kw name="Run Keyword If" library="BuiltIn">
<arg>'${verify_login}' == 'True'</arg>
<arg>Log</arg>
<arg>Passed</arg>
<arg>ELSE</arg>
<arg>Log</arg>
<arg>Failed</arg>
<doc>Runs the given keyword with the given arguments, if ``condition`` is true.</doc>
<kw name="Log" library="BuiltIn">
<arg>Failed</arg>
<doc>Logs the given message with the given level.</doc>
<msg timestamp="20240419 08:19:05.509" level="INFO">Failed</msg>
<status status="PASS" starttime="20240419 08:19:05.509" endtime="20240419 08:19:05.509"/>
</kw>
<status status="PASS" starttime="20240419 08:19:05.508" endtime="20240419 08:19:05.509"/>
</kw>
<status status="PASS" starttime="20240419 08:19:03.732" endtime="20240419 08:19:05.509"/>
</kw>
<kw name="Do Screenshot">
<kw name="Get Current Date" library="DateTime">
<var>${timestamp}</var>
<arg>result_format=%d%m%Y_%H%M%S</arg>
<doc>Returns current local or UTC time with an optional increment.</doc>
<msg timestamp="20240419 08:19:05.509" level="INFO">${timestamp} = 19042024_081905</msg>
<status status="PASS" starttime="20240419 08:19:05.509" endtime="20240419 08:19:05.509"/>
</kw>
<kw name="Set Variable" library="BuiltIn">
<var>${screenshot_path}</var>
<arg>\images</arg>
<doc>Returns the given values which can then be assigned to a variables.</doc>
<msg timestamp="20240419 08:19:05.509" level="INFO">${screenshot_path} = images</msg>
<status status="PASS" starttime="20240419 08:19:05.509" endtime="20240419 08:19:05.509"/>
</kw>
<kw name="Set Variable" library="BuiltIn">
<var>${screenshot_filename}</var>
<arg>screenshot_${timestamp}.png</arg>
<doc>Returns the given values which can then be assigned to a variables.</doc>
<msg timestamp="20240419 08:19:05.509" level="INFO">${screenshot_filename} = screenshot_19042024_081905.png</msg>
<status status="PASS" starttime="20240419 08:19:05.509" endtime="20240419 08:19:05.509"/>
</kw>
<kw name="Set Screenshot Directory" library="SeleniumLibrary">
<arg>${screenshot_path}</arg>
<doc>Sets the directory for captured screenshots.</doc>
<status status="PASS" starttime="20240419 08:19:05.509" endtime="20240419 08:19:05.514"/>
</kw>
<kw name="Capture Page Screenshot" library="SeleniumLibrary">
<arg>${screenshot_filename}</arg>
<doc>Takes a screenshot of the current page and embeds it into a log file.</doc>
<msg timestamp="20240419 08:19:05.968" level="INFO" html="true">&lt;/td&gt;&lt;/tr&gt;&lt;tr&gt;&lt;td colspan="3"&gt;&lt;a href="images/screenshot_19042024_081905.png"&gt;&lt;img src="images/screenshot_19042024_081905.png" width="800px"&gt;&lt;/a&gt;</msg>
<status status="PASS" starttime="20240419 08:19:05.514" endtime="20240419 08:19:05.969"/>
</kw>
<status status="PASS" starttime="20240419 08:19:05.509" endtime="20240419 08:19:05.969"/>
</kw>
<status status="PASS" starttime="20240419 08:19:02.751" endtime="20240419 08:19:05.969"/>
</test>
<doc>Login with credential</doc>
<status status="PASS" starttime="20240419 08:18:48.519" endtime="20240419 08:19:05.972"/>
</suite>
<statistics>
<total>
<stat pass="6" fail="0" skip="0">All Tests</stat>
</total>
<tag>
</tag>
<suite>
<stat pass="6" fail="0" skip="0" id="s1" name="Main">Main</stat>
</suite>
</statistics>
<errors>
</errors>
</robot>
