<?xml version="1.0" encoding="UTF-8"?>
<robot generator="Robot 6.1.1 (Python 3.8.0 on win32)" generated="20240419 00:24:51.977" rpa="false" schemaversion="4">
<suite id="s1" name="Main" source="D:\Primeskill\E-journey\Student\signUp\credential\main.robot">
<test id="s1-t1" name="SignUp Attempt with Missing Credentials" line="25">
<kw name="Open Browser" library="SeleniumLibrary">
<arg>${URL}</arg>
<arg>browser=chrome</arg>
<doc>Opens a new browser instance to the optional ``url``.</doc>
<msg timestamp="20240419 00:24:52.168" level="INFO">Opening browser 'chrome' to base url 'https://staging.auth.app.ejourney.id/'.</msg>
<status status="PASS" starttime="20240419 00:24:52.168" endtime="20240419 00:24:56.031"/>
</kw>
<kw name="Maximize Browser Window" library="SeleniumLibrary">
<doc>Maximizes current browser window.</doc>
<status status="PASS" starttime="20240419 00:24:56.031" endtime="20240419 00:24:56.154"/>
</kw>
<kw name="Wait Until Page Contains" library="SeleniumLibrary">
<arg>Welcome back! Please select method to sign in</arg>
<arg>timeout=10s</arg>
<doc>Waits until ``text`` appears on the current page.</doc>
<status status="PASS" starttime="20240419 00:24:56.154" endtime="20240419 00:24:56.176"/>
</kw>
<kw name="Move to signUp page">
<kw name="Click Element" library="SeleniumLibrary">
<arg>${SignUp}</arg>
<doc>Click the element identified by ``locator``.</doc>
<msg timestamp="20240419 00:24:56.177" level="INFO">Clicking element 'xpath=//a[text()='Sign up']'.</msg>
<status status="PASS" starttime="20240419 00:24:56.177" endtime="20240419 00:24:56.244"/>
</kw>
<status status="PASS" starttime="20240419 00:24:56.177" endtime="20240419 00:24:56.244"/>
</kw>
<kw name="Do SignUp Attempt with Missing Credentials">
<kw name="Wait Until Element Is Visible" library="SeleniumLibrary">
<arg>//input[@id='validationCustom01']</arg>
<doc>Waits until the element ``locator`` is visible.</doc>
<status status="PASS" starttime="20240419 00:24:56.244" endtime="20240419 00:24:56.523"/>
</kw>
<kw name="Scroll Element Into View" library="SeleniumLibrary">
<arg>xpath=//button[@type='submit']</arg>
<doc>Scrolls the element identified by ``locator`` into view.</doc>
<status status="PASS" starttime="20240419 00:24:56.523" endtime="20240419 00:24:56.812"/>
</kw>
<kw name="Sleep" library="BuiltIn">
<arg>1s</arg>
<doc>Pauses the test executed for the given time.</doc>
<msg timestamp="20240419 00:24:57.825" level="INFO">Slept 1 second</msg>
<status status="PASS" starttime="20240419 00:24:56.812" endtime="20240419 00:24:57.825"/>
</kw>
<kw name="Element Should Be Disabled" library="SeleniumLibrary">
<var>${CheckButton}</var>
<arg>xpath=//button[@type='submit']</arg>
<doc>Verifies that element identified by ``locator`` is disabled.</doc>
<msg timestamp="20240419 00:24:57.841" level="INFO">${CheckButton} = None</msg>
<status status="PASS" starttime="20240419 00:24:57.825" endtime="20240419 00:24:57.841"/>
</kw>
<kw name="Run Keyword If" library="BuiltIn">
<arg>'${CheckButton}' == 'True'</arg>
<arg>Log</arg>
<arg>Passed. Button is disabled.</arg>
<arg>ELSE</arg>
<arg>Log</arg>
<arg>Failed. Button is enabled</arg>
<doc>Runs the given keyword with the given arguments, if ``condition`` is true.</doc>
<kw name="Log" library="BuiltIn">
<arg>Failed. Button is enabled</arg>
<doc>Logs the given message with the given level.</doc>
<msg timestamp="20240419 00:24:57.842" level="INFO">Failed. Button is enabled</msg>
<status status="PASS" starttime="20240419 00:24:57.842" endtime="20240419 00:24:57.842"/>
</kw>
<status status="PASS" starttime="20240419 00:24:57.841" endtime="20240419 00:24:57.842"/>
</kw>
<kw name="Element Should Be Disabled" library="SeleniumLibrary">
<arg>xpath=//button[@type='submit']</arg>
<doc>Verifies that element identified by ``locator`` is disabled.</doc>
<status status="PASS" starttime="20240419 00:24:57.842" endtime="20240419 00:24:57.847"/>
</kw>
<status status="PASS" starttime="20240419 00:24:56.244" endtime="20240419 00:24:57.847"/>
</kw>
<kw name="Do Screenshot">
<kw name="Get Current Date" library="DateTime">
<var>${timestamp}</var>
<arg>result_format=%d%m%Y_%H%M%S</arg>
<doc>Returns current local or UTC time with an optional increment.</doc>
<msg timestamp="20240419 00:24:57.856" level="INFO">${timestamp} = 19042024_002457</msg>
<status status="PASS" starttime="20240419 00:24:57.847" endtime="20240419 00:24:57.856"/>
</kw>
<kw name="Set Variable" library="BuiltIn">
<var>${screenshot_path}</var>
<arg>\images</arg>
<doc>Returns the given values which can then be assigned to a variables.</doc>
<msg timestamp="20240419 00:24:57.856" level="INFO">${screenshot_path} = images</msg>
<status status="PASS" starttime="20240419 00:24:57.856" endtime="20240419 00:24:57.856"/>
</kw>
<kw name="Set Variable" library="BuiltIn">
<var>${screenshot_filename}</var>
<arg>screenshot_${timestamp}.png</arg>
<doc>Returns the given values which can then be assigned to a variables.</doc>
<msg timestamp="20240419 00:24:57.856" level="INFO">${screenshot_filename} = screenshot_19042024_002457.png</msg>
<status status="PASS" starttime="20240419 00:24:57.856" endtime="20240419 00:24:57.856"/>
</kw>
<kw name="Set Screenshot Directory" library="SeleniumLibrary">
<arg>${screenshot_path}</arg>
<doc>Sets the directory for captured screenshots.</doc>
<status status="PASS" starttime="20240419 00:24:57.856" endtime="20240419 00:24:57.857"/>
</kw>
<kw name="Capture Page Screenshot" library="SeleniumLibrary">
<arg>${screenshot_filename}</arg>
<doc>Takes a screenshot of the current page and embeds it into a log file.</doc>
<msg timestamp="20240419 00:24:58.153" level="INFO" html="true">&lt;/td&gt;&lt;/tr&gt;&lt;tr&gt;&lt;td colspan="3"&gt;&lt;a href="images/screenshot_19042024_002457.png"&gt;&lt;img src="images/screenshot_19042024_002457.png" width="800px"&gt;&lt;/a&gt;</msg>
<status status="PASS" starttime="20240419 00:24:57.857" endtime="20240419 00:24:58.153"/>
</kw>
<status status="PASS" starttime="20240419 00:24:57.847" endtime="20240419 00:24:58.153"/>
</kw>
<status status="PASS" starttime="20240419 00:24:52.152" endtime="20240419 00:24:58.153"/>
</test>
<test id="s1-t2" name="SignUp Without entering Fullname" line="33">
<kw name="Reload Page" library="SeleniumLibrary">
<doc>Simulates user reloading page.</doc>
<status status="PASS" starttime="20240419 00:24:58.153" endtime="20240419 00:24:58.595"/>
</kw>
<kw name="Do SignUp without entering fullname">
<kw name="Wait Until Element Is Visible" library="SeleniumLibrary">
<arg>//input[@id='validationCustom01']</arg>
<doc>Waits until the element ``locator`` is visible.</doc>
<status status="PASS" starttime="20240419 00:24:58.599" endtime="20240419 00:24:58.645"/>
</kw>
<kw name="Input Text" library="SeleniumLibrary">
<arg>//input[@id='validationCustom03']</arg>
<arg>${Email}</arg>
<doc>Types the given ``text`` into the text field identified by ``locator``.</doc>
<msg timestamp="20240419 00:24:58.649" level="INFO">Typing text 'testing17@gmail.com' into text field '//input[@id='validationCustom03']'.</msg>
<status status="PASS" starttime="20240419 00:24:58.649" endtime="20240419 00:24:58.756"/>
</kw>
<kw name="Input Text" library="SeleniumLibrary">
<arg>//div[@id='dob']/input[@type='text']</arg>
<arg>${BirthDate}</arg>
<doc>Types the given ``text`` into the text field identified by ``locator``.</doc>
<msg timestamp="20240419 00:24:58.759" level="INFO">Typing text '20040425' into text field '//div[@id='dob']/input[@type='text']'.</msg>
<status status="PASS" starttime="20240419 00:24:58.756" endtime="20240419 00:24:58.849"/>
</kw>
<kw name="Input Password" library="SeleniumLibrary">
<arg>//input[@id='validationCustom04']</arg>
<arg>${Password}</arg>
<doc>Types the given password into the text field identified by ``locator``.</doc>
<msg timestamp="20240419 00:24:58.849" level="INFO">Typing password into text field '//input[@id='validationCustom04']'.</msg>
<msg timestamp="20240419 00:24:58.906" level="INFO">Temporally setting log level to: NONE</msg>
<msg timestamp="20240419 00:24:58.970" level="INFO">Log level changed from NONE to INFO.</msg>
<status status="PASS" starttime="20240419 00:24:58.849" endtime="20240419 00:24:58.970"/>
</kw>
<kw name="Wait Until Element Is Visible" library="SeleniumLibrary">
<arg>//input[@id='validationCustom04']</arg>
<doc>Waits until the element ``locator`` is visible.</doc>
<status status="PASS" starttime="20240419 00:24:58.970" endtime="20240419 00:24:58.993"/>
</kw>
<kw name="Input Password" library="SeleniumLibrary">
<arg>//input[@id='validationCustom05']</arg>
<arg>${ConfirmPass}</arg>
<doc>Types the given password into the text field identified by ``locator``.</doc>
<msg timestamp="20240419 00:24:58.993" level="INFO">Typing password into text field '//input[@id='validationCustom05']'.</msg>
<msg timestamp="20240419 00:24:59.025" level="INFO">Temporally setting log level to: NONE</msg>
<msg timestamp="20240419 00:24:59.073" level="INFO">Log level changed from NONE to INFO.</msg>
<status status="PASS" starttime="20240419 00:24:58.993" endtime="20240419 00:24:59.073"/>
</kw>
<kw name="Accept TnC">
<kw name="Scroll Element Into View" library="SeleniumLibrary">
<arg>xpath=//button[@type='submit']</arg>
<doc>Scrolls the element identified by ``locator`` into view.</doc>
<status status="PASS" starttime="20240419 00:24:59.076" endtime="20240419 00:24:59.349"/>
</kw>
<kw name="Click Element" library="SeleniumLibrary">
<arg>//input[@type='checkbox']</arg>
<doc>Click the element identified by ``locator``.</doc>
<msg timestamp="20240419 00:24:59.349" level="INFO">Clicking element '//input[@type='checkbox']'.</msg>
<status status="PASS" starttime="20240419 00:24:59.349" endtime="20240419 00:24:59.420"/>
</kw>
<kw name="Wait Until Page Contains" library="SeleniumLibrary">
<arg>Terms and conditions</arg>
<doc>Waits until ``text`` appears on the current page.</doc>
<status status="PASS" starttime="20240419 00:24:59.420" endtime="20240419 00:24:59.434"/>
</kw>
<kw name="Wait Until Element Is Enabled" library="SeleniumLibrary">
<arg>xpath=//button[contains(.,'Accept')]</arg>
<doc>Waits until the element ``locator`` is enabled.</doc>
<status status="PASS" starttime="20240419 00:24:59.435" endtime="20240419 00:24:59.458"/>
</kw>
<kw name="Click Element" library="SeleniumLibrary">
<arg>xpath=//button[contains(.,'Accept')]</arg>
<doc>Click the element identified by ``locator``.</doc>
<msg timestamp="20240419 00:24:59.458" level="INFO">Clicking element 'xpath=//button[contains(.,'Accept')]'.</msg>
<status status="PASS" starttime="20240419 00:24:59.458" endtime="20240419 00:24:59.505"/>
</kw>
<kw name="Wait Until Page Contains" library="SeleniumLibrary">
<arg>Welcome back! Please select method to sign up</arg>
<doc>Waits until ``text`` appears on the current page.</doc>
<status status="PASS" starttime="20240419 00:24:59.505" endtime="20240419 00:24:59.521"/>
</kw>
<status status="PASS" starttime="20240419 00:24:59.073" endtime="20240419 00:24:59.521"/>
</kw>
<kw name="Scroll Element Into View" library="SeleniumLibrary">
<arg>xpath=//button[@type='submit']</arg>
<doc>Scrolls the element identified by ``locator`` into view.</doc>
<status status="PASS" starttime="20240419 00:24:59.521" endtime="20240419 00:24:59.822"/>
</kw>
<kw name="Click Element" library="SeleniumLibrary">
<arg>xpath=//button[@type='submit']</arg>
<doc>Click the element identified by ``locator``.</doc>
<msg timestamp="20240419 00:24:59.822" level="INFO">Clicking element 'xpath=//button[@type='submit']'.</msg>
<status status="PASS" starttime="20240419 00:24:59.822" endtime="20240419 00:24:59.943"/>
</kw>
<kw name="Wait Until Element Contains" library="SeleniumLibrary">
<arg>xpath=//div[@class='invalid-feedback' and text()='Name is required']</arg>
<arg>Name is required</arg>
<doc>Waits until the element ``locator`` contains ``text``.</doc>
<status status="PASS" starttime="20240419 00:24:59.943" endtime="20240419 00:24:59.976"/>
</kw>
<status status="PASS" starttime="20240419 00:24:58.595" endtime="20240419 00:24:59.976"/>
</kw>
<kw name="Do Screenshot">
<kw name="Get Current Date" library="DateTime">
<var>${timestamp}</var>
<arg>result_format=%d%m%Y_%H%M%S</arg>
<doc>Returns current local or UTC time with an optional increment.</doc>
<msg timestamp="20240419 00:24:59.976" level="INFO">${timestamp} = 19042024_002459</msg>
<status status="PASS" starttime="20240419 00:24:59.976" endtime="20240419 00:24:59.976"/>
</kw>
<kw name="Set Variable" library="BuiltIn">
<var>${screenshot_path}</var>
<arg>\images</arg>
<doc>Returns the given values which can then be assigned to a variables.</doc>
<msg timestamp="20240419 00:24:59.976" level="INFO">${screenshot_path} = images</msg>
<status status="PASS" starttime="20240419 00:24:59.976" endtime="20240419 00:24:59.976"/>
</kw>
<kw name="Set Variable" library="BuiltIn">
<var>${screenshot_filename}</var>
<arg>screenshot_${timestamp}.png</arg>
<doc>Returns the given values which can then be assigned to a variables.</doc>
<msg timestamp="20240419 00:24:59.976" level="INFO">${screenshot_filename} = screenshot_19042024_002459.png</msg>
<status status="PASS" starttime="20240419 00:24:59.976" endtime="20240419 00:24:59.976"/>
</kw>
<kw name="Set Screenshot Directory" library="SeleniumLibrary">
<arg>${screenshot_path}</arg>
<doc>Sets the directory for captured screenshots.</doc>
<status status="PASS" starttime="20240419 00:24:59.976" endtime="20240419 00:24:59.976"/>
</kw>
<kw name="Capture Page Screenshot" library="SeleniumLibrary">
<arg>${screenshot_filename}</arg>
<doc>Takes a screenshot of the current page and embeds it into a log file.</doc>
<msg timestamp="20240419 00:25:00.295" level="INFO" html="true">&lt;/td&gt;&lt;/tr&gt;&lt;tr&gt;&lt;td colspan="3"&gt;&lt;a href="images/screenshot_19042024_002459.png"&gt;&lt;img src="images/screenshot_19042024_002459.png" width="800px"&gt;&lt;/a&gt;</msg>
<status status="PASS" starttime="20240419 00:24:59.976" endtime="20240419 00:25:00.295"/>
</kw>
<status status="PASS" starttime="20240419 00:24:59.976" endtime="20240419 00:25:00.295"/>
</kw>
<status status="PASS" starttime="20240419 00:24:58.153" endtime="20240419 00:25:00.311"/>
</test>
<test id="s1-t3" name="SignUp Without entering email" line="38">
<kw name="Reload Page" library="SeleniumLibrary">
<doc>Simulates user reloading page.</doc>
<status status="PASS" starttime="20240419 00:25:00.312" endtime="20240419 00:25:00.751"/>
</kw>
<kw name="Do SignUp without entering email">
<kw name="Wait Until Element Is Visible" library="SeleniumLibrary">
<arg>//input[@id='validationCustom01']</arg>
<doc>Waits until the element ``locator`` is visible.</doc>
<status status="PASS" starttime="20240419 00:25:00.752" endtime="20240419 00:25:00.794"/>
</kw>
<kw name="Input Text" library="SeleniumLibrary">
<arg>//input[@id='validationCustom01']</arg>
<arg>${FullName}</arg>
<doc>Types the given ``text`` into the text field identified by ``locator``.</doc>
<msg timestamp="20240419 00:25:00.797" level="INFO">Typing text 'Raisani aprilia' into text field '//input[@id='validationCustom01']'.</msg>
<status status="PASS" starttime="20240419 00:25:00.795" endtime="20240419 00:25:00.994"/>
</kw>
<kw name="Input Text" library="SeleniumLibrary">
<arg>//div[@id='dob']/input[@type='text']</arg>
<arg>${BirthDate}</arg>
<doc>Types the given ``text`` into the text field identified by ``locator``.</doc>
<msg timestamp="20240419 00:25:00.994" level="INFO">Typing text '20040425' into text field '//div[@id='dob']/input[@type='text']'.</msg>
<status status="PASS" starttime="20240419 00:25:00.994" endtime="20240419 00:25:01.111"/>
</kw>
<kw name="Input Password" library="SeleniumLibrary">
<arg>//input[@id='validationCustom04']</arg>
<arg>${Password}</arg>
<doc>Types the given password into the text field identified by ``locator``.</doc>
<msg timestamp="20240419 00:25:01.111" level="INFO">Typing password into text field '//input[@id='validationCustom04']'.</msg>
<msg timestamp="20240419 00:25:01.166" level="INFO">Temporally setting log level to: NONE</msg>
<msg timestamp="20240419 00:25:01.237" level="INFO">Log level changed from NONE to INFO.</msg>
<status status="PASS" starttime="20240419 00:25:01.111" endtime="20240419 00:25:01.243"/>
</kw>
<kw name="Wait Until Element Is Visible" library="SeleniumLibrary">
<arg>//input[@id='validationCustom04']</arg>
<doc>Waits until the element ``locator`` is visible.</doc>
<status status="PASS" starttime="20240419 00:25:01.243" endtime="20240419 00:25:01.260"/>
</kw>
<kw name="Input Password" library="SeleniumLibrary">
<arg>//input[@id='validationCustom05']</arg>
<arg>${ConfirmPass}</arg>
<doc>Types the given password into the text field identified by ``locator``.</doc>
<msg timestamp="20240419 00:25:01.260" level="INFO">Typing password into text field '//input[@id='validationCustom05']'.</msg>
<msg timestamp="20240419 00:25:01.295" level="INFO">Temporally setting log level to: NONE</msg>
<msg timestamp="20240419 00:25:01.395" level="INFO">Log level changed from NONE to INFO.</msg>
<status status="PASS" starttime="20240419 00:25:01.260" endtime="20240419 00:25:01.395"/>
</kw>
<kw name="Accept TnC">
<kw name="Scroll Element Into View" library="SeleniumLibrary">
<arg>xpath=//button[@type='submit']</arg>
<doc>Scrolls the element identified by ``locator`` into view.</doc>
<status status="PASS" starttime="20240419 00:25:01.395" endtime="20240419 00:25:01.697"/>
</kw>
<kw name="Click Element" library="SeleniumLibrary">
<arg>//input[@type='checkbox']</arg>
<doc>Click the element identified by ``locator``.</doc>
<msg timestamp="20240419 00:25:01.697" level="INFO">Clicking element '//input[@type='checkbox']'.</msg>
<status status="PASS" starttime="20240419 00:25:01.697" endtime="20240419 00:25:01.793"/>
</kw>
<kw name="Wait Until Page Contains" library="SeleniumLibrary">
<arg>Terms and conditions</arg>
<doc>Waits until ``text`` appears on the current page.</doc>
<status status="PASS" starttime="20240419 00:25:01.793" endtime="20240419 00:25:01.809"/>
</kw>
<kw name="Wait Until Element Is Enabled" library="SeleniumLibrary">
<arg>xpath=//button[contains(.,'Accept')]</arg>
<doc>Waits until the element ``locator`` is enabled.</doc>
<status status="PASS" starttime="20240419 00:25:01.809" endtime="20240419 00:25:01.859"/>
</kw>
<kw name="Click Element" library="SeleniumLibrary">
<arg>xpath=//button[contains(.,'Accept')]</arg>
<doc>Click the element identified by ``locator``.</doc>
<msg timestamp="20240419 00:25:01.859" level="INFO">Clicking element 'xpath=//button[contains(.,'Accept')]'.</msg>
<status status="PASS" starttime="20240419 00:25:01.859" endtime="20240419 00:25:01.927"/>
</kw>
<kw name="Wait Until Page Contains" library="SeleniumLibrary">
<arg>Welcome back! Please select method to sign up</arg>
<doc>Waits until ``text`` appears on the current page.</doc>
<status status="PASS" starttime="20240419 00:25:01.927" endtime="20240419 00:25:01.943"/>
</kw>
<status status="PASS" starttime="20240419 00:25:01.395" endtime="20240419 00:25:01.943"/>
</kw>
<kw name="Scroll Element Into View" library="SeleniumLibrary">
<arg>xpath=//button[@type='submit']</arg>
<doc>Scrolls the element identified by ``locator`` into view.</doc>
<status status="PASS" starttime="20240419 00:25:01.943" endtime="20240419 00:25:02.237"/>
</kw>
<kw name="Click Element" library="SeleniumLibrary">
<arg>xpath=//button[@type='submit']</arg>
<doc>Click the element identified by ``locator``.</doc>
<msg timestamp="20240419 00:25:02.237" level="INFO">Clicking element 'xpath=//button[@type='submit']'.</msg>
<status status="PASS" starttime="20240419 00:25:02.237" endtime="20240419 00:25:02.305"/>
</kw>
<kw name="Wait Until Element Contains" library="SeleniumLibrary">
<arg>xpath=//div[@class='invalid-feedback' and text()='Email is required']</arg>
<arg>Email is required</arg>
<doc>Waits until the element ``locator`` contains ``text``.</doc>
<status status="PASS" starttime="20240419 00:25:02.305" endtime="20240419 00:25:02.328"/>
</kw>
<status status="PASS" starttime="20240419 00:25:00.752" endtime="20240419 00:25:02.328"/>
</kw>
<kw name="Do Screenshot">
<kw name="Get Current Date" library="DateTime">
<var>${timestamp}</var>
<arg>result_format=%d%m%Y_%H%M%S</arg>
<doc>Returns current local or UTC time with an optional increment.</doc>
<msg timestamp="20240419 00:25:02.328" level="INFO">${timestamp} = 19042024_002502</msg>
<status status="PASS" starttime="20240419 00:25:02.328" endtime="20240419 00:25:02.328"/>
</kw>
<kw name="Set Variable" library="BuiltIn">
<var>${screenshot_path}</var>
<arg>\images</arg>
<doc>Returns the given values which can then be assigned to a variables.</doc>
<msg timestamp="20240419 00:25:02.328" level="INFO">${screenshot_path} = images</msg>
<status status="PASS" starttime="20240419 00:25:02.328" endtime="20240419 00:25:02.328"/>
</kw>
<kw name="Set Variable" library="BuiltIn">
<var>${screenshot_filename}</var>
<arg>screenshot_${timestamp}.png</arg>
<doc>Returns the given values which can then be assigned to a variables.</doc>
<msg timestamp="20240419 00:25:02.328" level="INFO">${screenshot_filename} = screenshot_19042024_002502.png</msg>
<status status="PASS" starttime="20240419 00:25:02.328" endtime="20240419 00:25:02.328"/>
</kw>
<kw name="Set Screenshot Directory" library="SeleniumLibrary">
<arg>${screenshot_path}</arg>
<doc>Sets the directory for captured screenshots.</doc>
<status status="PASS" starttime="20240419 00:25:02.342" endtime="20240419 00:25:02.343"/>
</kw>
<kw name="Capture Page Screenshot" library="SeleniumLibrary">
<arg>${screenshot_filename}</arg>
<doc>Takes a screenshot of the current page and embeds it into a log file.</doc>
<msg timestamp="20240419 00:25:02.679" level="INFO" html="true">&lt;/td&gt;&lt;/tr&gt;&lt;tr&gt;&lt;td colspan="3"&gt;&lt;a href="images/screenshot_19042024_002502.png"&gt;&lt;img src="images/screenshot_19042024_002502.png" width="800px"&gt;&lt;/a&gt;</msg>
<status status="PASS" starttime="20240419 00:25:02.343" endtime="20240419 00:25:02.679"/>
</kw>
<status status="PASS" starttime="20240419 00:25:02.328" endtime="20240419 00:25:02.679"/>
</kw>
<status status="PASS" starttime="20240419 00:25:00.312" endtime="20240419 00:25:02.694"/>
</test>
<test id="s1-t4" name=" SignUp Attempt with Duplicate Email" line="43">
<kw name="Reload Page" library="SeleniumLibrary">
<doc>Simulates user reloading page.</doc>
<status status="PASS" starttime="20240419 00:25:02.695" endtime="20240419 00:25:02.802"/>
</kw>
<kw name="Do SignUp Attempt with Duplicate Email">
<kw name="Wait Until Element Is Visible" library="SeleniumLibrary">
<arg>//input[@id='validationCustom01']</arg>
<doc>Waits until the element ``locator`` is visible.</doc>
<status status="PASS" starttime="20240419 00:25:02.804" endtime="20240419 00:25:03.112"/>
</kw>
<kw name="Input Text" library="SeleniumLibrary">
<arg>//input[@id='validationCustom01']</arg>
<arg>${FullName}</arg>
<doc>Types the given ``text`` into the text field identified by ``locator``.</doc>
<msg timestamp="20240419 00:25:03.112" level="INFO">Typing text 'Raisani aprilia' into text field '//input[@id='validationCustom01']'.</msg>
<status status="PASS" starttime="20240419 00:25:03.112" endtime="20240419 00:25:03.336"/>
</kw>
<kw name="Input Text" library="SeleniumLibrary">
<arg>//input[@id='validationCustom03']</arg>
<arg>${DuplicateEmail}</arg>
<doc>Types the given ``text`` into the text field identified by ``locator``.</doc>
<msg timestamp="20240419 00:25:03.336" level="INFO">Typing text 'testing01@gmail.com' into text field '//input[@id='validationCustom03']'.</msg>
<status status="PASS" starttime="20240419 00:25:03.336" endtime="20240419 00:25:03.446"/>
</kw>
<kw name="Input Text" library="SeleniumLibrary">
<arg>//div[@id='dob']/input[@type='text']</arg>
<arg>${BirthDate}</arg>
<doc>Types the given ``text`` into the text field identified by ``locator``.</doc>
<msg timestamp="20240419 00:25:03.446" level="INFO">Typing text '20040425' into text field '//div[@id='dob']/input[@type='text']'.</msg>
<status status="PASS" starttime="20240419 00:25:03.446" endtime="20240419 00:25:03.549"/>
</kw>
<kw name="Input Password" library="SeleniumLibrary">
<arg>//input[@id='validationCustom04']</arg>
<arg>${Password}</arg>
<doc>Types the given password into the text field identified by ``locator``.</doc>
<msg timestamp="20240419 00:25:03.549" level="INFO">Typing password into text field '//input[@id='validationCustom04']'.</msg>
<msg timestamp="20240419 00:25:03.594" level="INFO">Temporally setting log level to: NONE</msg>
<msg timestamp="20240419 00:25:03.662" level="INFO">Log level changed from NONE to INFO.</msg>
<status status="PASS" starttime="20240419 00:25:03.549" endtime="20240419 00:25:03.662"/>
</kw>
<kw name="Wait Until Element Is Visible" library="SeleniumLibrary">
<arg>//input[@id='validationCustom04']</arg>
<doc>Waits until the element ``locator`` is visible.</doc>
<status status="PASS" starttime="20240419 00:25:03.662" endtime="20240419 00:25:03.677"/>
</kw>
<kw name="Input Password" library="SeleniumLibrary">
<arg>//input[@id='validationCustom05']</arg>
<arg>${ConfirmPass}</arg>
<doc>Types the given password into the text field identified by ``locator``.</doc>
<msg timestamp="20240419 00:25:03.677" level="INFO">Typing password into text field '//input[@id='validationCustom05']'.</msg>
<msg timestamp="20240419 00:25:03.726" level="INFO">Temporally setting log level to: NONE</msg>
<msg timestamp="20240419 00:25:03.786" level="INFO">Log level changed from NONE to INFO.</msg>
<status status="PASS" starttime="20240419 00:25:03.677" endtime="20240419 00:25:03.786"/>
</kw>
<kw name="Accept TnC">
<kw name="Scroll Element Into View" library="SeleniumLibrary">
<arg>xpath=//button[@type='submit']</arg>
<doc>Scrolls the element identified by ``locator`` into view.</doc>
<status status="PASS" starttime="20240419 00:25:03.786" endtime="20240419 00:25:04.075"/>
</kw>
<kw name="Click Element" library="SeleniumLibrary">
<arg>//input[@type='checkbox']</arg>
<doc>Click the element identified by ``locator``.</doc>
<msg timestamp="20240419 00:25:04.075" level="INFO">Clicking element '//input[@type='checkbox']'.</msg>
<status status="PASS" starttime="20240419 00:25:04.075" endtime="20240419 00:25:04.131"/>
</kw>
<kw name="Wait Until Page Contains" library="SeleniumLibrary">
<arg>Terms and conditions</arg>
<doc>Waits until ``text`` appears on the current page.</doc>
<status status="PASS" starttime="20240419 00:25:04.131" endtime="20240419 00:25:04.148"/>
</kw>
<kw name="Wait Until Element Is Enabled" library="SeleniumLibrary">
<arg>xpath=//button[contains(.,'Accept')]</arg>
<doc>Waits until the element ``locator`` is enabled.</doc>
<status status="PASS" starttime="20240419 00:25:04.148" endtime="20240419 00:25:04.179"/>
</kw>
<kw name="Click Element" library="SeleniumLibrary">
<arg>xpath=//button[contains(.,'Accept')]</arg>
<doc>Click the element identified by ``locator``.</doc>
<msg timestamp="20240419 00:25:04.191" level="INFO">Clicking element 'xpath=//button[contains(.,'Accept')]'.</msg>
<status status="PASS" starttime="20240419 00:25:04.191" endtime="20240419 00:25:04.257"/>
</kw>
<kw name="Wait Until Page Contains" library="SeleniumLibrary">
<arg>Welcome back! Please select method to sign up</arg>
<doc>Waits until ``text`` appears on the current page.</doc>
<status status="PASS" starttime="20240419 00:25:04.257" endtime="20240419 00:25:04.270"/>
</kw>
<status status="PASS" starttime="20240419 00:25:03.786" endtime="20240419 00:25:04.270"/>
</kw>
<kw name="Scroll Element Into View" library="SeleniumLibrary">
<arg>xpath=//button[@type='submit']</arg>
<doc>Scrolls the element identified by ``locator`` into view.</doc>
<status status="PASS" starttime="20240419 00:25:04.270" endtime="20240419 00:25:04.554"/>
</kw>
<kw name="Click Element" library="SeleniumLibrary">
<arg>xpath=//button[@type='submit']</arg>
<doc>Click the element identified by ``locator``.</doc>
<msg timestamp="20240419 00:25:04.557" level="INFO">Clicking element 'xpath=//button[@type='submit']'.</msg>
<status status="PASS" starttime="20240419 00:25:04.554" endtime="20240419 00:25:04.618"/>
</kw>
<status status="PASS" starttime="20240419 00:25:02.803" endtime="20240419 00:25:04.618"/>
</kw>
<kw name="Verify SignUp Attempt with Duplicate Email">
<kw name="Wait Until Element Contains" library="SeleniumLibrary">
<var>${VerifyEmail}</var>
<arg>xpath=//div[contains(span[@class='alert-text'], 'Email already exists')]</arg>
<arg>Email already exists</arg>
<doc>Waits until the element ``locator`` contains ``text``.</doc>
<msg timestamp="20240419 00:25:05.732" level="INFO">${VerifyEmail} = None</msg>
<status status="PASS" starttime="20240419 00:25:04.618" endtime="20240419 00:25:05.732"/>
</kw>
<kw name="Run Keyword If" library="BuiltIn">
<arg>'${VerifyEmail}' == 'True'</arg>
<arg>Log</arg>
<arg>Passed. users cannot use an email that is already registered</arg>
<arg>ELSE</arg>
<arg>Log</arg>
<arg>Failed. users can use an email that is already registered</arg>
<doc>Runs the given keyword with the given arguments, if ``condition`` is true.</doc>
<kw name="Log" library="BuiltIn">
<arg>Failed. users can use an email that is already registered</arg>
<doc>Logs the given message with the given level.</doc>
<msg timestamp="20240419 00:25:05.733" level="INFO">Failed. users can use an email that is already registered</msg>
<status status="PASS" starttime="20240419 00:25:05.733" endtime="20240419 00:25:05.733"/>
</kw>
<status status="PASS" starttime="20240419 00:25:05.733" endtime="20240419 00:25:05.733"/>
</kw>
<kw name="Page Should Contain Element" library="SeleniumLibrary">
<arg>xpath=//div[contains(span[@class='alert-text'], 'Email already exists')]</arg>
<doc>Verifies that element ``locator`` is found on the current page.</doc>
<msg timestamp="20240419 00:25:05.751" level="INFO">Current page contains element 'xpath=//div[contains(span[@class='alert-text'], 'Email already exists')]'.</msg>
<status status="PASS" starttime="20240419 00:25:05.733" endtime="20240419 00:25:05.751"/>
</kw>
<status status="PASS" starttime="20240419 00:25:04.618" endtime="20240419 00:25:05.751"/>
</kw>
<kw name="Sleep" library="BuiltIn">
<arg>1s</arg>
<doc>Pauses the test executed for the given time.</doc>
<msg timestamp="20240419 00:25:06.751" level="INFO">Slept 1 second</msg>
<status status="PASS" starttime="20240419 00:25:05.751" endtime="20240419 00:25:06.751"/>
</kw>
<kw name="Do Screenshot">
<kw name="Get Current Date" library="DateTime">
<var>${timestamp}</var>
<arg>result_format=%d%m%Y_%H%M%S</arg>
<doc>Returns current local or UTC time with an optional increment.</doc>
<msg timestamp="20240419 00:25:06.751" level="INFO">${timestamp} = 19042024_002506</msg>
<status status="PASS" starttime="20240419 00:25:06.751" endtime="20240419 00:25:06.751"/>
</kw>
<kw name="Set Variable" library="BuiltIn">
<var>${screenshot_path}</var>
<arg>\images</arg>
<doc>Returns the given values which can then be assigned to a variables.</doc>
<msg timestamp="20240419 00:25:06.751" level="INFO">${screenshot_path} = images</msg>
<status status="PASS" starttime="20240419 00:25:06.751" endtime="20240419 00:25:06.751"/>
</kw>
<kw name="Set Variable" library="BuiltIn">
<var>${screenshot_filename}</var>
<arg>screenshot_${timestamp}.png</arg>
<doc>Returns the given values which can then be assigned to a variables.</doc>
<msg timestamp="20240419 00:25:06.751" level="INFO">${screenshot_filename} = screenshot_19042024_002506.png</msg>
<status status="PASS" starttime="20240419 00:25:06.751" endtime="20240419 00:25:06.751"/>
</kw>
<kw name="Set Screenshot Directory" library="SeleniumLibrary">
<arg>${screenshot_path}</arg>
<doc>Sets the directory for captured screenshots.</doc>
<status status="PASS" starttime="20240419 00:25:06.751" endtime="20240419 00:25:06.751"/>
</kw>
<kw name="Capture Page Screenshot" library="SeleniumLibrary">
<arg>${screenshot_filename}</arg>
<doc>Takes a screenshot of the current page and embeds it into a log file.</doc>
<msg timestamp="20240419 00:25:07.101" level="INFO" html="true">&lt;/td&gt;&lt;/tr&gt;&lt;tr&gt;&lt;td colspan="3"&gt;&lt;a href="images/screenshot_19042024_002506.png"&gt;&lt;img src="images/screenshot_19042024_002506.png" width="800px"&gt;&lt;/a&gt;</msg>
<status status="PASS" starttime="20240419 00:25:06.751" endtime="20240419 00:25:07.101"/>
</kw>
<status status="PASS" starttime="20240419 00:25:06.751" endtime="20240419 00:25:07.101"/>
</kw>
<kw name="Reload Page" library="SeleniumLibrary">
<doc>Simulates user reloading page.</doc>
<status status="PASS" starttime="20240419 00:25:07.101" endtime="20240419 00:25:07.248"/>
</kw>
<status status="PASS" starttime="20240419 00:25:02.695" endtime="20240419 00:25:07.248"/>
</test>
<test id="s1-t5" name="SignUp Attempt with Age Below 13 Years" line="51">
<kw name="Reload Page" library="SeleniumLibrary">
<doc>Simulates user reloading page.</doc>
<status status="PASS" starttime="20240419 00:25:07.261" endtime="20240419 00:25:07.880"/>
</kw>
<kw name="Do signUp with Age Below 13 Years">
<kw name="Wait Until Element Is Visible" library="SeleniumLibrary">
<arg>//input[@id='validationCustom01']</arg>
<doc>Waits until the element ``locator`` is visible.</doc>
<status status="PASS" starttime="20240419 00:25:07.880" endtime="20240419 00:25:07.936"/>
</kw>
<kw name="Input Text" library="SeleniumLibrary">
<arg>//input[@id='validationCustom01']</arg>
<arg>${FullName}</arg>
<doc>Types the given ``text`` into the text field identified by ``locator``.</doc>
<msg timestamp="20240419 00:25:07.944" level="INFO">Typing text 'Raisani aprilia' into text field '//input[@id='validationCustom01']'.</msg>
<status status="PASS" starttime="20240419 00:25:07.943" endtime="20240419 00:25:08.076"/>
</kw>
<kw name="Input Text" library="SeleniumLibrary">
<arg>//input[@id='validationCustom03']</arg>
<arg>${Email}</arg>
<doc>Types the given ``text`` into the text field identified by ``locator``.</doc>
<msg timestamp="20240419 00:25:08.077" level="INFO">Typing text 'testing17@gmail.com' into text field '//input[@id='validationCustom03']'.</msg>
<status status="PASS" starttime="20240419 00:25:08.077" endtime="20240419 00:25:08.190"/>
</kw>
<kw name="Input Password" library="SeleniumLibrary">
<arg>//input[@id='validationCustom04']</arg>
<arg>${Password}</arg>
<doc>Types the given password into the text field identified by ``locator``.</doc>
<msg timestamp="20240419 00:25:08.191" level="INFO">Typing password into text field '//input[@id='validationCustom04']'.</msg>
<msg timestamp="20240419 00:25:08.223" level="INFO">Temporally setting log level to: NONE</msg>
<msg timestamp="20240419 00:25:08.276" level="INFO">Log level changed from NONE to INFO.</msg>
<status status="PASS" starttime="20240419 00:25:08.190" endtime="20240419 00:25:08.276"/>
</kw>
<kw name="Wait Until Element Is Visible" library="SeleniumLibrary">
<arg>//input[@id='validationCustom04']</arg>
<doc>Waits until the element ``locator`` is visible.</doc>
<status status="PASS" starttime="20240419 00:25:08.276" endtime="20240419 00:25:08.302"/>
</kw>
<kw name="Input Password" library="SeleniumLibrary">
<arg>//input[@id='validationCustom05']</arg>
<arg>${ConfirmPass}</arg>
<doc>Types the given password into the text field identified by ``locator``.</doc>
<msg timestamp="20240419 00:25:08.309" level="INFO">Typing password into text field '//input[@id='validationCustom05']'.</msg>
<msg timestamp="20240419 00:25:08.343" level="INFO">Temporally setting log level to: NONE</msg>
<msg timestamp="20240419 00:25:08.434" level="INFO">Log level changed from NONE to INFO.</msg>
<status status="PASS" starttime="20240419 00:25:08.302" endtime="20240419 00:25:08.434"/>
</kw>
<kw name="Accept TnC">
<kw name="Scroll Element Into View" library="SeleniumLibrary">
<arg>xpath=//button[@type='submit']</arg>
<doc>Scrolls the element identified by ``locator`` into view.</doc>
<status status="PASS" starttime="20240419 00:25:08.434" endtime="20240419 00:25:08.725"/>
</kw>
<kw name="Click Element" library="SeleniumLibrary">
<arg>//input[@type='checkbox']</arg>
<doc>Click the element identified by ``locator``.</doc>
<msg timestamp="20240419 00:25:08.725" level="INFO">Clicking element '//input[@type='checkbox']'.</msg>
<status status="PASS" starttime="20240419 00:25:08.725" endtime="20240419 00:25:08.807"/>
</kw>
<kw name="Wait Until Page Contains" library="SeleniumLibrary">
<arg>Terms and conditions</arg>
<doc>Waits until ``text`` appears on the current page.</doc>
<status status="PASS" starttime="20240419 00:25:08.807" endtime="20240419 00:25:08.823"/>
</kw>
<kw name="Wait Until Element Is Enabled" library="SeleniumLibrary">
<arg>xpath=//button[contains(.,'Accept')]</arg>
<doc>Waits until the element ``locator`` is enabled.</doc>
<status status="PASS" starttime="20240419 00:25:08.823" endtime="20240419 00:25:08.865"/>
</kw>
<kw name="Click Element" library="SeleniumLibrary">
<arg>xpath=//button[contains(.,'Accept')]</arg>
<doc>Click the element identified by ``locator``.</doc>
<msg timestamp="20240419 00:25:08.865" level="INFO">Clicking element 'xpath=//button[contains(.,'Accept')]'.</msg>
<status status="PASS" starttime="20240419 00:25:08.865" endtime="20240419 00:25:08.933"/>
</kw>
<kw name="Wait Until Page Contains" library="SeleniumLibrary">
<arg>Welcome back! Please select method to sign up</arg>
<doc>Waits until ``text`` appears on the current page.</doc>
<status status="PASS" starttime="20240419 00:25:08.933" endtime="20240419 00:25:08.948"/>
</kw>
<status status="PASS" starttime="20240419 00:25:08.434" endtime="20240419 00:25:08.948"/>
</kw>
<kw name="Scroll Element Into View" library="SeleniumLibrary">
<arg>xpath=//button[@type='submit']</arg>
<doc>Scrolls the element identified by ``locator`` into view.</doc>
<status status="PASS" starttime="20240419 00:25:08.948" endtime="20240419 00:25:09.255"/>
</kw>
<kw name="Element Should Be Disabled" library="SeleniumLibrary">
<arg>xpath=//button[@type='submit']</arg>
<doc>Verifies that element identified by ``locator`` is disabled.</doc>
<status status="PASS" starttime="20240419 00:25:09.255" endtime="20240419 00:25:09.269"/>
</kw>
<kw name="Wait Until Element Contains" library="SeleniumLibrary">
<arg>xpath=//div[@class='invalid-feedback-doesnt-match' and contains(text(), 'Birthdate invalid, Must be 13 y.o. or older')]</arg>
<arg>Birthdate invalid, Must be 13 y.o. or older</arg>
<doc>Waits until the element ``locator`` contains ``text``.</doc>
<status status="PASS" starttime="20240419 00:25:09.269" endtime="20240419 00:25:09.311"/>
</kw>
<status status="PASS" starttime="20240419 00:25:07.880" endtime="20240419 00:25:09.311"/>
</kw>
<kw name="Do Screenshot">
<kw name="Get Current Date" library="DateTime">
<var>${timestamp}</var>
<arg>result_format=%d%m%Y_%H%M%S</arg>
<doc>Returns current local or UTC time with an optional increment.</doc>
<msg timestamp="20240419 00:25:09.311" level="INFO">${timestamp} = 19042024_002509</msg>
<status status="PASS" starttime="20240419 00:25:09.311" endtime="20240419 00:25:09.311"/>
</kw>
<kw name="Set Variable" library="BuiltIn">
<var>${screenshot_path}</var>
<arg>\images</arg>
<doc>Returns the given values which can then be assigned to a variables.</doc>
<msg timestamp="20240419 00:25:09.311" level="INFO">${screenshot_path} = images</msg>
<status status="PASS" starttime="20240419 00:25:09.311" endtime="20240419 00:25:09.311"/>
</kw>
<kw name="Set Variable" library="BuiltIn">
<var>${screenshot_filename}</var>
<arg>screenshot_${timestamp}.png</arg>
<doc>Returns the given values which can then be assigned to a variables.</doc>
<msg timestamp="20240419 00:25:09.311" level="INFO">${screenshot_filename} = screenshot_19042024_002509.png</msg>
<status status="PASS" starttime="20240419 00:25:09.311" endtime="20240419 00:25:09.311"/>
</kw>
<kw name="Set Screenshot Directory" library="SeleniumLibrary">
<arg>${screenshot_path}</arg>
<doc>Sets the directory for captured screenshots.</doc>
<status status="PASS" starttime="20240419 00:25:09.311" endtime="20240419 00:25:09.316"/>
</kw>
<kw name="Capture Page Screenshot" library="SeleniumLibrary">
<arg>${screenshot_filename}</arg>
<doc>Takes a screenshot of the current page and embeds it into a log file.</doc>
<msg timestamp="20240419 00:25:09.660" level="INFO" html="true">&lt;/td&gt;&lt;/tr&gt;&lt;tr&gt;&lt;td colspan="3"&gt;&lt;a href="images/screenshot_19042024_002509.png"&gt;&lt;img src="images/screenshot_19042024_002509.png" width="800px"&gt;&lt;/a&gt;</msg>
<status status="PASS" starttime="20240419 00:25:09.316" endtime="20240419 00:25:09.660"/>
</kw>
<status status="PASS" starttime="20240419 00:25:09.311" endtime="20240419 00:25:09.660"/>
</kw>
<status status="PASS" starttime="20240419 00:25:07.260" endtime="20240419 00:25:09.663"/>
</test>
<test id="s1-t6" name="SignUp Attempt without entering password" line="56">
<kw name="Reload Page" library="SeleniumLibrary">
<doc>Simulates user reloading page.</doc>
<status status="PASS" starttime="20240419 00:25:09.663" endtime="20240419 00:25:10.059"/>
</kw>
<kw name="Do SignUp without entering password">
<kw name="Wait Until Element Is Visible" library="SeleniumLibrary">
<arg>//input[@id='validationCustom01']</arg>
<doc>Waits until the element ``locator`` is visible.</doc>
<status status="PASS" starttime="20240419 00:25:10.059" endtime="20240419 00:25:10.327"/>
</kw>
<kw name="Input Text" library="SeleniumLibrary">
<arg>//input[@id='validationCustom01']</arg>
<arg>${FullName}</arg>
<doc>Types the given ``text`` into the text field identified by ``locator``.</doc>
<msg timestamp="20240419 00:25:10.327" level="INFO">Typing text 'Raisani aprilia' into text field '//input[@id='validationCustom01']'.</msg>
<status status="PASS" starttime="20240419 00:25:10.327" endtime="20240419 00:25:10.495"/>
</kw>
<kw name="Input Text" library="SeleniumLibrary">
<arg>//input[@id='validationCustom03']</arg>
<arg>${Email}</arg>
<doc>Types the given ``text`` into the text field identified by ``locator``.</doc>
<msg timestamp="20240419 00:25:10.495" level="INFO">Typing text 'testing17@gmail.com' into text field '//input[@id='validationCustom03']'.</msg>
<status status="PASS" starttime="20240419 00:25:10.495" endtime="20240419 00:25:10.595"/>
</kw>
<kw name="Input Text" library="SeleniumLibrary">
<arg>//div[@id='dob']/input[@type='text']</arg>
<arg>${BirthDate}</arg>
<doc>Types the given ``text`` into the text field identified by ``locator``.</doc>
<msg timestamp="20240419 00:25:10.595" level="INFO">Typing text '20040425' into text field '//div[@id='dob']/input[@type='text']'.</msg>
<status status="PASS" starttime="20240419 00:25:10.595" endtime="20240419 00:25:10.715"/>
</kw>
<kw name="Wait Until Element Is Visible" library="SeleniumLibrary">
<arg>//input[@id='validationCustom04']</arg>
<doc>Waits until the element ``locator`` is visible.</doc>
<status status="PASS" starttime="20240419 00:25:10.715" endtime="20240419 00:25:10.743"/>
</kw>
<kw name="Input Password" library="SeleniumLibrary">
<arg>//input[@id='validationCustom05']</arg>
<arg>${ConfirmPass}</arg>
<doc>Types the given password into the text field identified by ``locator``.</doc>
<msg timestamp="20240419 00:25:10.743" level="INFO">Typing password into text field '//input[@id='validationCustom05']'.</msg>
<msg timestamp="20240419 00:25:10.787" level="INFO">Temporally setting log level to: NONE</msg>
<msg timestamp="20240419 00:25:10.880" level="INFO">Log level changed from NONE to INFO.</msg>
<status status="PASS" starttime="20240419 00:25:10.743" endtime="20240419 00:25:10.880"/>
</kw>
<kw name="Accept TnC">
<kw name="Scroll Element Into View" library="SeleniumLibrary">
<arg>xpath=//button[@type='submit']</arg>
<doc>Scrolls the element identified by ``locator`` into view.</doc>
<status status="PASS" starttime="20240419 00:25:10.880" endtime="20240419 00:25:11.176"/>
</kw>
<kw name="Click Element" library="SeleniumLibrary">
<arg>//input[@type='checkbox']</arg>
<doc>Click the element identified by ``locator``.</doc>
<msg timestamp="20240419 00:25:11.178" level="INFO">Clicking element '//input[@type='checkbox']'.</msg>
<status status="PASS" starttime="20240419 00:25:11.177" endtime="20240419 00:25:11.263"/>
</kw>
<kw name="Wait Until Page Contains" library="SeleniumLibrary">
<arg>Terms and conditions</arg>
<doc>Waits until ``text`` appears on the current page.</doc>
<status status="PASS" starttime="20240419 00:25:11.264" endtime="20240419 00:25:11.267"/>
</kw>
<kw name="Wait Until Element Is Enabled" library="SeleniumLibrary">
<arg>xpath=//button[contains(.,'Accept')]</arg>
<doc>Waits until the element ``locator`` is enabled.</doc>
<status status="PASS" starttime="20240419 00:25:11.267" endtime="20240419 00:25:11.316"/>
</kw>
<kw name="Click Element" library="SeleniumLibrary">
<arg>xpath=//button[contains(.,'Accept')]</arg>
<doc>Click the element identified by ``locator``.</doc>
<msg timestamp="20240419 00:25:11.317" level="INFO">Clicking element 'xpath=//button[contains(.,'Accept')]'.</msg>
<status status="PASS" starttime="20240419 00:25:11.316" endtime="20240419 00:25:11.379"/>
</kw>
<kw name="Wait Until Page Contains" library="SeleniumLibrary">
<arg>Welcome back! Please select method to sign up</arg>
<doc>Waits until ``text`` appears on the current page.</doc>
<status status="PASS" starttime="20240419 00:25:11.379" endtime="20240419 00:25:11.395"/>
</kw>
<status status="PASS" starttime="20240419 00:25:10.880" endtime="20240419 00:25:11.395"/>
</kw>
<kw name="Scroll Element Into View" library="SeleniumLibrary">
<arg>xpath=//button[@type='submit']</arg>
<doc>Scrolls the element identified by ``locator`` into view.</doc>
<status status="PASS" starttime="20240419 00:25:11.395" endtime="20240419 00:25:11.689"/>
</kw>
<kw name="Element Should Be Disabled" library="SeleniumLibrary">
<arg>xpath=//button[@type='submit']</arg>
<doc>Verifies that element identified by ``locator`` is disabled.</doc>
<status status="PASS" starttime="20240419 00:25:11.689" endtime="20240419 00:25:11.721"/>
</kw>
<kw name="Wait Until Element Contains" library="SeleniumLibrary">
<arg>xpath=//div[@class='invalid-feedback-doesnt-match' and contains(text(), 'Confirm password is not match')]</arg>
<arg>Confirm password is not match</arg>
<doc>Waits until the element ``locator`` contains ``text``.</doc>
<status status="PASS" starttime="20240419 00:25:11.721" endtime="20240419 00:25:11.754"/>
</kw>
<kw name="Sleep" library="BuiltIn">
<arg>3s</arg>
<doc>Pauses the test executed for the given time.</doc>
<msg timestamp="20240419 00:25:14.767" level="INFO">Slept 3 seconds</msg>
<status status="PASS" starttime="20240419 00:25:11.754" endtime="20240419 00:25:14.768"/>
</kw>
<status status="PASS" starttime="20240419 00:25:10.059" endtime="20240419 00:25:14.768"/>
</kw>
<kw name="Do Screenshot">
<kw name="Get Current Date" library="DateTime">
<var>${timestamp}</var>
<arg>result_format=%d%m%Y_%H%M%S</arg>
<doc>Returns current local or UTC time with an optional increment.</doc>
<msg timestamp="20240419 00:25:14.770" level="INFO">${timestamp} = 19042024_002514</msg>
<status status="PASS" starttime="20240419 00:25:14.770" endtime="20240419 00:25:14.770"/>
</kw>
<kw name="Set Variable" library="BuiltIn">
<var>${screenshot_path}</var>
<arg>\images</arg>
<doc>Returns the given values which can then be assigned to a variables.</doc>
<msg timestamp="20240419 00:25:14.770" level="INFO">${screenshot_path} = images</msg>
<status status="PASS" starttime="20240419 00:25:14.770" endtime="20240419 00:25:14.770"/>
</kw>
<kw name="Set Variable" library="BuiltIn">
<var>${screenshot_filename}</var>
<arg>screenshot_${timestamp}.png</arg>
<doc>Returns the given values which can then be assigned to a variables.</doc>
<msg timestamp="20240419 00:25:14.770" level="INFO">${screenshot_filename} = screenshot_19042024_002514.png</msg>
<status status="PASS" starttime="20240419 00:25:14.770" endtime="20240419 00:25:14.770"/>
</kw>
<kw name="Set Screenshot Directory" library="SeleniumLibrary">
<arg>${screenshot_path}</arg>
<doc>Sets the directory for captured screenshots.</doc>
<status status="PASS" starttime="20240419 00:25:14.770" endtime="20240419 00:25:14.774"/>
</kw>
<kw name="Capture Page Screenshot" library="SeleniumLibrary">
<arg>${screenshot_filename}</arg>
<doc>Takes a screenshot of the current page and embeds it into a log file.</doc>
<msg timestamp="20240419 00:25:15.121" level="INFO" html="true">&lt;/td&gt;&lt;/tr&gt;&lt;tr&gt;&lt;td colspan="3"&gt;&lt;a href="images/screenshot_19042024_002514.png"&gt;&lt;img src="images/screenshot_19042024_002514.png" width="800px"&gt;&lt;/a&gt;</msg>
<status status="PASS" starttime="20240419 00:25:14.774" endtime="20240419 00:25:15.121"/>
</kw>
<status status="PASS" starttime="20240419 00:25:14.768" endtime="20240419 00:25:15.121"/>
</kw>
<status status="PASS" starttime="20240419 00:25:09.663" endtime="20240419 00:25:15.121"/>
</test>
<test id="s1-t7" name="SignUp Attempt without entering confirmPass" line="61">
<kw name="Reload Page" library="SeleniumLibrary">
<doc>Simulates user reloading page.</doc>
<status status="PASS" starttime="20240419 00:25:15.137" endtime="20240419 00:25:16.083"/>
</kw>
<kw name="Do SignUp without entering confirmPass">
<kw name="Wait Until Element Is Visible" library="SeleniumLibrary">
<arg>//input[@id='validationCustom01']</arg>
<doc>Waits until the element ``locator`` is visible.</doc>
<status status="PASS" starttime="20240419 00:25:16.084" endtime="20240419 00:25:16.370"/>
</kw>
<kw name="Input Text" library="SeleniumLibrary">
<arg>//input[@id='validationCustom01']</arg>
<arg>${FullName}</arg>
<doc>Types the given ``text`` into the text field identified by ``locator``.</doc>
<msg timestamp="20240419 00:25:16.370" level="INFO">Typing text 'Raisani aprilia' into text field '//input[@id='validationCustom01']'.</msg>
<status status="PASS" starttime="20240419 00:25:16.370" endtime="20240419 00:25:16.528"/>
</kw>
<kw name="Input Text" library="SeleniumLibrary">
<arg>//input[@id='validationCustom03']</arg>
<arg>${Email}</arg>
<doc>Types the given ``text`` into the text field identified by ``locator``.</doc>
<msg timestamp="20240419 00:25:16.528" level="INFO">Typing text 'testing17@gmail.com' into text field '//input[@id='validationCustom03']'.</msg>
<status status="PASS" starttime="20240419 00:25:16.528" endtime="20240419 00:25:16.652"/>
</kw>
<kw name="Input Text" library="SeleniumLibrary">
<arg>//div[@id='dob']/input[@type='text']</arg>
<arg>${BirthDate}</arg>
<doc>Types the given ``text`` into the text field identified by ``locator``.</doc>
<msg timestamp="20240419 00:25:16.652" level="INFO">Typing text '20040425' into text field '//div[@id='dob']/input[@type='text']'.</msg>
<status status="PASS" starttime="20240419 00:25:16.652" endtime="20240419 00:25:16.752"/>
</kw>
<kw name="Wait Until Element Is Visible" library="SeleniumLibrary">
<arg>//input[@id='validationCustom04']</arg>
<doc>Waits until the element ``locator`` is visible.</doc>
<status status="PASS" starttime="20240419 00:25:16.752" endtime="20240419 00:25:16.779"/>
</kw>
<kw name="Input Password" library="SeleniumLibrary">
<arg>//input[@id='validationCustom04']</arg>
<arg>${Password}</arg>
<doc>Types the given password into the text field identified by ``locator``.</doc>
<msg timestamp="20240419 00:25:16.779" level="INFO">Typing password into text field '//input[@id='validationCustom04']'.</msg>
<msg timestamp="20240419 00:25:16.828" level="INFO">Temporally setting log level to: NONE</msg>
<msg timestamp="20240419 00:25:16.929" level="INFO">Log level changed from NONE to INFO.</msg>
<status status="PASS" starttime="20240419 00:25:16.779" endtime="20240419 00:25:16.929"/>
</kw>
<kw name="Accept TnC">
<kw name="Scroll Element Into View" library="SeleniumLibrary">
<arg>xpath=//button[@type='submit']</arg>
<doc>Scrolls the element identified by ``locator`` into view.</doc>
<status status="PASS" starttime="20240419 00:25:16.929" endtime="20240419 00:25:17.225"/>
</kw>
<kw name="Click Element" library="SeleniumLibrary">
<arg>//input[@type='checkbox']</arg>
<doc>Click the element identified by ``locator``.</doc>
<msg timestamp="20240419 00:25:17.228" level="INFO">Clicking element '//input[@type='checkbox']'.</msg>
<status status="PASS" starttime="20240419 00:25:17.225" endtime="20240419 00:25:17.287"/>
</kw>
<kw name="Wait Until Page Contains" library="SeleniumLibrary">
<arg>Terms and conditions</arg>
<doc>Waits until ``text`` appears on the current page.</doc>
<status status="PASS" starttime="20240419 00:25:17.287" endtime="20240419 00:25:17.299"/>
</kw>
<kw name="Wait Until Element Is Enabled" library="SeleniumLibrary">
<arg>xpath=//button[contains(.,'Accept')]</arg>
<doc>Waits until the element ``locator`` is enabled.</doc>
<status status="PASS" starttime="20240419 00:25:17.299" endtime="20240419 00:25:17.347"/>
</kw>
<kw name="Click Element" library="SeleniumLibrary">
<arg>xpath=//button[contains(.,'Accept')]</arg>
<doc>Click the element identified by ``locator``.</doc>
<msg timestamp="20240419 00:25:17.347" level="INFO">Clicking element 'xpath=//button[contains(.,'Accept')]'.</msg>
<status status="PASS" starttime="20240419 00:25:17.347" endtime="20240419 00:25:17.416"/>
</kw>
<kw name="Wait Until Page Contains" library="SeleniumLibrary">
<arg>Welcome back! Please select method to sign up</arg>
<doc>Waits until ``text`` appears on the current page.</doc>
<status status="PASS" starttime="20240419 00:25:17.416" endtime="20240419 00:25:17.430"/>
</kw>
<status status="PASS" starttime="20240419 00:25:16.929" endtime="20240419 00:25:17.430"/>
</kw>
<kw name="Scroll Element Into View" library="SeleniumLibrary">
<arg>xpath=//button[@type='submit']</arg>
<doc>Scrolls the element identified by ``locator`` into view.</doc>
<status status="PASS" starttime="20240419 00:25:17.430" endtime="20240419 00:25:17.724"/>
</kw>
<kw name="Element Should Be Disabled" library="SeleniumLibrary">
<arg>xpath=//button[@type='submit']</arg>
<doc>Verifies that element identified by ``locator`` is disabled.</doc>
<status status="PASS" starttime="20240419 00:25:17.724" endtime="20240419 00:25:17.755"/>
</kw>
<kw name="Sleep" library="BuiltIn">
<arg>3s</arg>
<doc>Pauses the test executed for the given time.</doc>
<msg timestamp="20240419 00:25:20.764" level="INFO">Slept 3 seconds</msg>
<status status="PASS" starttime="20240419 00:25:17.755" endtime="20240419 00:25:20.764"/>
</kw>
<status status="PASS" starttime="20240419 00:25:16.084" endtime="20240419 00:25:20.764"/>
</kw>
<kw name="Do Screenshot">
<kw name="Get Current Date" library="DateTime">
<var>${timestamp}</var>
<arg>result_format=%d%m%Y_%H%M%S</arg>
<doc>Returns current local or UTC time with an optional increment.</doc>
<msg timestamp="20240419 00:25:20.765" level="INFO">${timestamp} = 19042024_002520</msg>
<status status="PASS" starttime="20240419 00:25:20.765" endtime="20240419 00:25:20.765"/>
</kw>
<kw name="Set Variable" library="BuiltIn">
<var>${screenshot_path}</var>
<arg>\images</arg>
<doc>Returns the given values which can then be assigned to a variables.</doc>
<msg timestamp="20240419 00:25:20.765" level="INFO">${screenshot_path} = images</msg>
<status status="PASS" starttime="20240419 00:25:20.765" endtime="20240419 00:25:20.765"/>
</kw>
<kw name="Set Variable" library="BuiltIn">
<var>${screenshot_filename}</var>
<arg>screenshot_${timestamp}.png</arg>
<doc>Returns the given values which can then be assigned to a variables.</doc>
<msg timestamp="20240419 00:25:20.765" level="INFO">${screenshot_filename} = screenshot_19042024_002520.png</msg>
<status status="PASS" starttime="20240419 00:25:20.765" endtime="20240419 00:25:20.765"/>
</kw>
<kw name="Set Screenshot Directory" library="SeleniumLibrary">
<arg>${screenshot_path}</arg>
<doc>Sets the directory for captured screenshots.</doc>
<status status="PASS" starttime="20240419 00:25:20.765" endtime="20240419 00:25:20.765"/>
</kw>
<kw name="Capture Page Screenshot" library="SeleniumLibrary">
<arg>${screenshot_filename}</arg>
<doc>Takes a screenshot of the current page and embeds it into a log file.</doc>
<msg timestamp="20240419 00:25:21.118" level="INFO" html="true">&lt;/td&gt;&lt;/tr&gt;&lt;tr&gt;&lt;td colspan="3"&gt;&lt;a href="images/screenshot_19042024_002520.png"&gt;&lt;img src="images/screenshot_19042024_002520.png" width="800px"&gt;&lt;/a&gt;</msg>
<status status="PASS" starttime="20240419 00:25:20.765" endtime="20240419 00:25:21.118"/>
</kw>
<status status="PASS" starttime="20240419 00:25:20.765" endtime="20240419 00:25:21.118"/>
</kw>
<status status="PASS" starttime="20240419 00:25:15.137" endtime="20240419 00:25:21.118"/>
</test>
<test id="s1-t8" name="SignUp Attempt with Password Missing Symbols" line="66">
<kw name="Reload Page" library="SeleniumLibrary">
<doc>Simulates user reloading page.</doc>
<status status="PASS" starttime="20240419 00:25:21.133" endtime="20240419 00:25:21.483"/>
</kw>
<kw name="Do SignUp with Password Missing Symbols">
<kw name="Wait Until Element Is Visible" library="SeleniumLibrary">
<arg>//input[@id='validationCustom01']</arg>
<doc>Waits until the element ``locator`` is visible.</doc>
<status status="PASS" starttime="20240419 00:25:21.483" endtime="20240419 00:25:21.745"/>
</kw>
<kw name="Input Text" library="SeleniumLibrary">
<arg>//input[@id='validationCustom01']</arg>
<arg>${FullName}</arg>
<doc>Types the given ``text`` into the text field identified by ``locator``.</doc>
<msg timestamp="20240419 00:25:21.745" level="INFO">Typing text 'Raisani aprilia' into text field '//input[@id='validationCustom01']'.</msg>
<status status="PASS" starttime="20240419 00:25:21.745" endtime="20240419 00:25:21.944"/>
</kw>
<kw name="Input Text" library="SeleniumLibrary">
<arg>//input[@id='validationCustom03']</arg>
<arg>${Email}</arg>
<doc>Types the given ``text`` into the text field identified by ``locator``.</doc>
<msg timestamp="20240419 00:25:21.944" level="INFO">Typing text 'testing17@gmail.com' into text field '//input[@id='validationCustom03']'.</msg>
<status status="PASS" starttime="20240419 00:25:21.944" endtime="20240419 00:25:22.063"/>
</kw>
<kw name="Input Text" library="SeleniumLibrary">
<arg>//div[@id='dob']/input[@type='text']</arg>
<arg>${BirthDate}</arg>
<doc>Types the given ``text`` into the text field identified by ``locator``.</doc>
<msg timestamp="20240419 00:25:22.063" level="INFO">Typing text '20040425' into text field '//div[@id='dob']/input[@type='text']'.</msg>
<status status="PASS" starttime="20240419 00:25:22.063" endtime="20240419 00:25:22.190"/>
</kw>
<kw name="Input Password" library="SeleniumLibrary">
<arg>//input[@id='validationCustom04']</arg>
<arg>${Pass-Symbols}</arg>
<doc>Types the given password into the text field identified by ``locator``.</doc>
<msg timestamp="20240419 00:25:22.193" level="INFO">Typing password into text field '//input[@id='validationCustom04']'.</msg>
<msg timestamp="20240419 00:25:22.230" level="INFO">Temporally setting log level to: NONE</msg>
<msg timestamp="20240419 00:25:22.301" level="INFO">Log level changed from NONE to INFO.</msg>
<status status="PASS" starttime="20240419 00:25:22.190" endtime="20240419 00:25:22.301"/>
</kw>
<kw name="Wait Until Element Is Visible" library="SeleniumLibrary">
<arg>//input[@id='validationCustom04']</arg>
<doc>Waits until the element ``locator`` is visible.</doc>
<status status="PASS" starttime="20240419 00:25:22.301" endtime="20240419 00:25:22.330"/>
</kw>
<kw name="Input Password" library="SeleniumLibrary">
<arg>//input[@id='validationCustom05']</arg>
<arg>${Pass-Symbols}</arg>
<doc>Types the given password into the text field identified by ``locator``.</doc>
<msg timestamp="20240419 00:25:22.330" level="INFO">Typing password into text field '//input[@id='validationCustom05']'.</msg>
<msg timestamp="20240419 00:25:22.362" level="INFO">Temporally setting log level to: NONE</msg>
<msg timestamp="20240419 00:25:22.429" level="INFO">Log level changed from NONE to INFO.</msg>
<status status="PASS" starttime="20240419 00:25:22.330" endtime="20240419 00:25:22.429"/>
</kw>
<kw name="Scroll Element Into View" library="SeleniumLibrary">
<arg>xpath=//button[@type='submit']</arg>
<doc>Scrolls the element identified by ``locator`` into view.</doc>
<status status="PASS" starttime="20240419 00:25:22.429" endtime="20240419 00:25:22.711"/>
</kw>
<kw name="Accept TnC">
<kw name="Scroll Element Into View" library="SeleniumLibrary">
<arg>xpath=//button[@type='submit']</arg>
<doc>Scrolls the element identified by ``locator`` into view.</doc>
<status status="PASS" starttime="20240419 00:25:22.711" endtime="20240419 00:25:23.029"/>
</kw>
<kw name="Click Element" library="SeleniumLibrary">
<arg>//input[@type='checkbox']</arg>
<doc>Click the element identified by ``locator``.</doc>
<msg timestamp="20240419 00:25:23.029" level="INFO">Clicking element '//input[@type='checkbox']'.</msg>
<status status="PASS" starttime="20240419 00:25:23.029" endtime="20240419 00:25:23.099"/>
</kw>
<kw name="Wait Until Page Contains" library="SeleniumLibrary">
<arg>Terms and conditions</arg>
<doc>Waits until ``text`` appears on the current page.</doc>
<status status="PASS" starttime="20240419 00:25:23.099" endtime="20240419 00:25:23.113"/>
</kw>
<kw name="Wait Until Element Is Enabled" library="SeleniumLibrary">
<arg>xpath=//button[contains(.,'Accept')]</arg>
<doc>Waits until the element ``locator`` is enabled.</doc>
<status status="PASS" starttime="20240419 00:25:23.113" endtime="20240419 00:25:23.157"/>
</kw>
<kw name="Click Element" library="SeleniumLibrary">
<arg>xpath=//button[contains(.,'Accept')]</arg>
<doc>Click the element identified by ``locator``.</doc>
<msg timestamp="20240419 00:25:23.159" level="INFO">Clicking element 'xpath=//button[contains(.,'Accept')]'.</msg>
<status status="PASS" starttime="20240419 00:25:23.157" endtime="20240419 00:25:23.221"/>
</kw>
<kw name="Wait Until Page Contains" library="SeleniumLibrary">
<arg>Welcome back! Please select method to sign up</arg>
<doc>Waits until ``text`` appears on the current page.</doc>
<status status="PASS" starttime="20240419 00:25:23.221" endtime="20240419 00:25:23.241"/>
</kw>
<status status="PASS" starttime="20240419 00:25:22.711" endtime="20240419 00:25:23.241"/>
</kw>
<kw name="Scroll Element Into View" library="SeleniumLibrary">
<arg>xpath=//button[@type='submit']</arg>
<doc>Scrolls the element identified by ``locator`` into view.</doc>
<status status="PASS" starttime="20240419 00:25:23.242" endtime="20240419 00:25:23.534"/>
</kw>
<kw name="Element Should Be Disabled" library="SeleniumLibrary">
<arg>xpath=//button[@type='submit']</arg>
<doc>Verifies that element identified by ``locator`` is disabled.</doc>
<status status="PASS" starttime="20240419 00:25:23.534" endtime="20240419 00:25:23.562"/>
</kw>
<kw name="Do Screenshot">
<kw name="Get Current Date" library="DateTime">
<var>${timestamp}</var>
<arg>result_format=%d%m%Y_%H%M%S</arg>
<doc>Returns current local or UTC time with an optional increment.</doc>
<msg timestamp="20240419 00:25:23.562" level="INFO">${timestamp} = 19042024_002523</msg>
<status status="PASS" starttime="20240419 00:25:23.562" endtime="20240419 00:25:23.562"/>
</kw>
<kw name="Set Variable" library="BuiltIn">
<var>${screenshot_path}</var>
<arg>\images</arg>
<doc>Returns the given values which can then be assigned to a variables.</doc>
<msg timestamp="20240419 00:25:23.565" level="INFO">${screenshot_path} = images</msg>
<status status="PASS" starttime="20240419 00:25:23.562" endtime="20240419 00:25:23.565"/>
</kw>
<kw name="Set Variable" library="BuiltIn">
<var>${screenshot_filename}</var>
<arg>screenshot_${timestamp}.png</arg>
<doc>Returns the given values which can then be assigned to a variables.</doc>
<msg timestamp="20240419 00:25:23.565" level="INFO">${screenshot_filename} = screenshot_19042024_002523.png</msg>
<status status="PASS" starttime="20240419 00:25:23.565" endtime="20240419 00:25:23.565"/>
</kw>
<kw name="Set Screenshot Directory" library="SeleniumLibrary">
<arg>${screenshot_path}</arg>
<doc>Sets the directory for captured screenshots.</doc>
<status status="PASS" starttime="20240419 00:25:23.565" endtime="20240419 00:25:23.566"/>
</kw>
<kw name="Capture Page Screenshot" library="SeleniumLibrary">
<arg>${screenshot_filename}</arg>
<doc>Takes a screenshot of the current page and embeds it into a log file.</doc>
<msg timestamp="20240419 00:25:23.902" level="INFO" html="true">&lt;/td&gt;&lt;/tr&gt;&lt;tr&gt;&lt;td colspan="3"&gt;&lt;a href="images/screenshot_19042024_002523.png"&gt;&lt;img src="images/screenshot_19042024_002523.png" width="800px"&gt;&lt;/a&gt;</msg>
<status status="PASS" starttime="20240419 00:25:23.566" endtime="20240419 00:25:23.902"/>
</kw>
<status status="PASS" starttime="20240419 00:25:23.562" endtime="20240419 00:25:23.903"/>
</kw>
<status status="PASS" starttime="20240419 00:25:21.483" endtime="20240419 00:25:23.903"/>
</kw>
<kw name="Do Screenshot">
<kw name="Get Current Date" library="DateTime">
<var>${timestamp}</var>
<arg>result_format=%d%m%Y_%H%M%S</arg>
<doc>Returns current local or UTC time with an optional increment.</doc>
<msg timestamp="20240419 00:25:23.903" level="INFO">${timestamp} = 19042024_002523</msg>
<status status="PASS" starttime="20240419 00:25:23.903" endtime="20240419 00:25:23.903"/>
</kw>
<kw name="Set Variable" library="BuiltIn">
<var>${screenshot_path}</var>
<arg>\images</arg>
<doc>Returns the given values which can then be assigned to a variables.</doc>
<msg timestamp="20240419 00:25:23.903" level="INFO">${screenshot_path} = images</msg>
<status status="PASS" starttime="20240419 00:25:23.903" endtime="20240419 00:25:23.903"/>
</kw>
<kw name="Set Variable" library="BuiltIn">
<var>${screenshot_filename}</var>
<arg>screenshot_${timestamp}.png</arg>
<doc>Returns the given values which can then be assigned to a variables.</doc>
<msg timestamp="20240419 00:25:23.903" level="INFO">${screenshot_filename} = screenshot_19042024_002523.png</msg>
<status status="PASS" starttime="20240419 00:25:23.903" endtime="20240419 00:25:23.903"/>
</kw>
<kw name="Set Screenshot Directory" library="SeleniumLibrary">
<arg>${screenshot_path}</arg>
<doc>Sets the directory for captured screenshots.</doc>
<status status="PASS" starttime="20240419 00:25:23.903" endtime="20240419 00:25:23.903"/>
</kw>
<kw name="Capture Page Screenshot" library="SeleniumLibrary">
<arg>${screenshot_filename}</arg>
<doc>Takes a screenshot of the current page and embeds it into a log file.</doc>
<msg timestamp="20240419 00:25:24.283" level="INFO" html="true">&lt;/td&gt;&lt;/tr&gt;&lt;tr&gt;&lt;td colspan="3"&gt;&lt;a href="images/screenshot_19042024_002523.png"&gt;&lt;img src="images/screenshot_19042024_002523.png" width="800px"&gt;&lt;/a&gt;</msg>
<status status="PASS" starttime="20240419 00:25:23.903" endtime="20240419 00:25:24.283"/>
</kw>
<status status="PASS" starttime="20240419 00:25:23.903" endtime="20240419 00:25:24.283"/>
</kw>
<status status="PASS" starttime="20240419 00:25:21.132" endtime="20240419 00:25:24.283"/>
</test>
<test id="s1-t9" name="SignUp Attempt with Password Missing Letters" line="71">
<kw name="Reload Page" library="SeleniumLibrary">
<doc>Simulates user reloading page.</doc>
<status status="PASS" starttime="20240419 00:25:24.287" endtime="20240419 00:25:24.667"/>
</kw>
<kw name="Do SignUp with Password Missing Letters">
<kw name="Wait Until Element Is Visible" library="SeleniumLibrary">
<arg>//input[@id='validationCustom01']</arg>
<doc>Waits until the element ``locator`` is visible.</doc>
<status status="PASS" starttime="20240419 00:25:24.667" endtime="20240419 00:25:24.738"/>
</kw>
<kw name="Input Text" library="SeleniumLibrary">
<arg>//input[@id='validationCustom01']</arg>
<arg>${FullName}</arg>
<doc>Types the given ``text`` into the text field identified by ``locator``.</doc>
<msg timestamp="20240419 00:25:24.738" level="INFO">Typing text 'Raisani aprilia' into text field '//input[@id='validationCustom01']'.</msg>
<status status="PASS" starttime="20240419 00:25:24.738" endtime="20240419 00:25:24.940"/>
</kw>
<kw name="Input Text" library="SeleniumLibrary">
<arg>//input[@id='validationCustom03']</arg>
<arg>${Email}</arg>
<doc>Types the given ``text`` into the text field identified by ``locator``.</doc>
<msg timestamp="20240419 00:25:24.940" level="INFO">Typing text 'testing17@gmail.com' into text field '//input[@id='validationCustom03']'.</msg>
<status status="PASS" starttime="20240419 00:25:24.940" endtime="20240419 00:25:25.062"/>
</kw>
<kw name="Input Text" library="SeleniumLibrary">
<arg>//div[@id='dob']/input[@type='text']</arg>
<arg>${BirthDate}</arg>
<doc>Types the given ``text`` into the text field identified by ``locator``.</doc>
<msg timestamp="20240419 00:25:25.065" level="INFO">Typing text '20040425' into text field '//div[@id='dob']/input[@type='text']'.</msg>
<status status="PASS" starttime="20240419 00:25:25.062" endtime="20240419 00:25:25.198"/>
</kw>
<kw name="Input Password" library="SeleniumLibrary">
<arg>//input[@id='validationCustom04']</arg>
<arg>${Pass-Letters}</arg>
<doc>Types the given password into the text field identified by ``locator``.</doc>
<msg timestamp="20240419 00:25:25.198" level="INFO">Typing password into text field '//input[@id='validationCustom04']'.</msg>
<msg timestamp="20240419 00:25:25.259" level="INFO">Temporally setting log level to: NONE</msg>
<msg timestamp="20240419 00:25:25.363" level="INFO">Log level changed from NONE to INFO.</msg>
<status status="PASS" starttime="20240419 00:25:25.198" endtime="20240419 00:25:25.363"/>
</kw>
<kw name="Wait Until Element Is Visible" library="SeleniumLibrary">
<arg>//input[@id='validationCustom04']</arg>
<doc>Waits until the element ``locator`` is visible.</doc>
<status status="PASS" starttime="20240419 00:25:25.363" endtime="20240419 00:25:25.397"/>
</kw>
<kw name="Input Password" library="SeleniumLibrary">
<arg>//input[@id='validationCustom05']</arg>
<arg>${Pass-Letters}</arg>
<doc>Types the given password into the text field identified by ``locator``.</doc>
<msg timestamp="20240419 00:25:25.397" level="INFO">Typing password into text field '//input[@id='validationCustom05']'.</msg>
<msg timestamp="20240419 00:25:25.458" level="INFO">Temporally setting log level to: NONE</msg>
<msg timestamp="20240419 00:25:25.605" level="INFO">Log level changed from NONE to INFO.</msg>
<status status="PASS" starttime="20240419 00:25:25.397" endtime="20240419 00:25:25.605"/>
</kw>
<kw name="Scroll Element Into View" library="SeleniumLibrary">
<arg>xpath=//button[@type='submit']</arg>
<doc>Scrolls the element identified by ``locator`` into view.</doc>
<status status="PASS" starttime="20240419 00:25:25.605" endtime="20240419 00:25:25.898"/>
</kw>
<kw name="Accept TnC">
<kw name="Scroll Element Into View" library="SeleniumLibrary">
<arg>xpath=//button[@type='submit']</arg>
<doc>Scrolls the element identified by ``locator`` into view.</doc>
<status status="PASS" starttime="20240419 00:25:25.898" endtime="20240419 00:25:26.182"/>
</kw>
<kw name="Click Element" library="SeleniumLibrary">
<arg>//input[@type='checkbox']</arg>
<doc>Click the element identified by ``locator``.</doc>
<msg timestamp="20240419 00:25:26.182" level="INFO">Clicking element '//input[@type='checkbox']'.</msg>
<status status="PASS" starttime="20240419 00:25:26.182" endtime="20240419 00:25:26.254"/>
</kw>
<kw name="Wait Until Page Contains" library="SeleniumLibrary">
<arg>Terms and conditions</arg>
<doc>Waits until ``text`` appears on the current page.</doc>
<status status="PASS" starttime="20240419 00:25:26.254" endtime="20240419 00:25:26.275"/>
</kw>
<kw name="Wait Until Element Is Enabled" library="SeleniumLibrary">
<arg>xpath=//button[contains(.,'Accept')]</arg>
<doc>Waits until the element ``locator`` is enabled.</doc>
<status status="PASS" starttime="20240419 00:25:26.276" endtime="20240419 00:25:26.314"/>
</kw>
<kw name="Click Element" library="SeleniumLibrary">
<arg>xpath=//button[contains(.,'Accept')]</arg>
<doc>Click the element identified by ``locator``.</doc>
<msg timestamp="20240419 00:25:26.314" level="INFO">Clicking element 'xpath=//button[contains(.,'Accept')]'.</msg>
<status status="PASS" starttime="20240419 00:25:26.314" endtime="20240419 00:25:26.365"/>
</kw>
<kw name="Wait Until Page Contains" library="SeleniumLibrary">
<arg>Welcome back! Please select method to sign up</arg>
<doc>Waits until ``text`` appears on the current page.</doc>
<status status="PASS" starttime="20240419 00:25:26.365" endtime="20240419 00:25:26.377"/>
</kw>
<status status="PASS" starttime="20240419 00:25:25.898" endtime="20240419 00:25:26.377"/>
</kw>
<kw name="Scroll Element Into View" library="SeleniumLibrary">
<arg>xpath=//button[@type='submit']</arg>
<doc>Scrolls the element identified by ``locator`` into view.</doc>
<status status="PASS" starttime="20240419 00:25:26.377" endtime="20240419 00:25:26.674"/>
</kw>
<kw name="Element Should Be Disabled" library="SeleniumLibrary">
<arg>xpath=//button[@type='submit']</arg>
<doc>Verifies that element identified by ``locator`` is disabled.</doc>
<status status="PASS" starttime="20240419 00:25:26.674" endtime="20240419 00:25:26.705"/>
</kw>
<kw name="Do Screenshot">
<kw name="Get Current Date" library="DateTime">
<var>${timestamp}</var>
<arg>result_format=%d%m%Y_%H%M%S</arg>
<doc>Returns current local or UTC time with an optional increment.</doc>
<msg timestamp="20240419 00:25:26.705" level="INFO">${timestamp} = 19042024_002526</msg>
<status status="PASS" starttime="20240419 00:25:26.705" endtime="20240419 00:25:26.705"/>
</kw>
<kw name="Set Variable" library="BuiltIn">
<var>${screenshot_path}</var>
<arg>\images</arg>
<doc>Returns the given values which can then be assigned to a variables.</doc>
<msg timestamp="20240419 00:25:26.705" level="INFO">${screenshot_path} = images</msg>
<status status="PASS" starttime="20240419 00:25:26.705" endtime="20240419 00:25:26.705"/>
</kw>
<kw name="Set Variable" library="BuiltIn">
<var>${screenshot_filename}</var>
<arg>screenshot_${timestamp}.png</arg>
<doc>Returns the given values which can then be assigned to a variables.</doc>
<msg timestamp="20240419 00:25:26.705" level="INFO">${screenshot_filename} = screenshot_19042024_002526.png</msg>
<status status="PASS" starttime="20240419 00:25:26.705" endtime="20240419 00:25:26.705"/>
</kw>
<kw name="Set Screenshot Directory" library="SeleniumLibrary">
<arg>${screenshot_path}</arg>
<doc>Sets the directory for captured screenshots.</doc>
<status status="PASS" starttime="20240419 00:25:26.705" endtime="20240419 00:25:26.705"/>
</kw>
<kw name="Capture Page Screenshot" library="SeleniumLibrary">
<arg>${screenshot_filename}</arg>
<doc>Takes a screenshot of the current page and embeds it into a log file.</doc>
<msg timestamp="20240419 00:25:27.021" level="INFO" html="true">&lt;/td&gt;&lt;/tr&gt;&lt;tr&gt;&lt;td colspan="3"&gt;&lt;a href="images/screenshot_19042024_002526.png"&gt;&lt;img src="images/screenshot_19042024_002526.png" width="800px"&gt;&lt;/a&gt;</msg>
<status status="PASS" starttime="20240419 00:25:26.705" endtime="20240419 00:25:27.021"/>
</kw>
<status status="PASS" starttime="20240419 00:25:26.705" endtime="20240419 00:25:27.021"/>
</kw>
<status status="PASS" starttime="20240419 00:25:24.667" endtime="20240419 00:25:27.021"/>
</kw>
<kw name="Do Screenshot">
<kw name="Get Current Date" library="DateTime">
<var>${timestamp}</var>
<arg>result_format=%d%m%Y_%H%M%S</arg>
<doc>Returns current local or UTC time with an optional increment.</doc>
<msg timestamp="20240419 00:25:27.021" level="INFO">${timestamp} = 19042024_002527</msg>
<status status="PASS" starttime="20240419 00:25:27.021" endtime="20240419 00:25:27.021"/>
</kw>
<kw name="Set Variable" library="BuiltIn">
<var>${screenshot_path}</var>
<arg>\images</arg>
<doc>Returns the given values which can then be assigned to a variables.</doc>
<msg timestamp="20240419 00:25:27.021" level="INFO">${screenshot_path} = images</msg>
<status status="PASS" starttime="20240419 00:25:27.021" endtime="20240419 00:25:27.021"/>
</kw>
<kw name="Set Variable" library="BuiltIn">
<var>${screenshot_filename}</var>
<arg>screenshot_${timestamp}.png</arg>
<doc>Returns the given values which can then be assigned to a variables.</doc>
<msg timestamp="20240419 00:25:27.021" level="INFO">${screenshot_filename} = screenshot_19042024_002527.png</msg>
<status status="PASS" starttime="20240419 00:25:27.021" endtime="20240419 00:25:27.021"/>
</kw>
<kw name="Set Screenshot Directory" library="SeleniumLibrary">
<arg>${screenshot_path}</arg>
<doc>Sets the directory for captured screenshots.</doc>
<status status="PASS" starttime="20240419 00:25:27.021" endtime="20240419 00:25:27.037"/>
</kw>
<kw name="Capture Page Screenshot" library="SeleniumLibrary">
<arg>${screenshot_filename}</arg>
<doc>Takes a screenshot of the current page and embeds it into a log file.</doc>
<msg timestamp="20240419 00:25:27.403" level="INFO" html="true">&lt;/td&gt;&lt;/tr&gt;&lt;tr&gt;&lt;td colspan="3"&gt;&lt;a href="images/screenshot_19042024_002527.png"&gt;&lt;img src="images/screenshot_19042024_002527.png" width="800px"&gt;&lt;/a&gt;</msg>
<status status="PASS" starttime="20240419 00:25:27.037" endtime="20240419 00:25:27.403"/>
</kw>
<status status="PASS" starttime="20240419 00:25:27.021" endtime="20240419 00:25:27.418"/>
</kw>
<status status="PASS" starttime="20240419 00:25:24.287" endtime="20240419 00:25:27.418"/>
</test>
<test id="s1-t10" name="SignUp Attempt with Password Missing Numbers" line="76">
<kw name="Reload Page" library="SeleniumLibrary">
<doc>Simulates user reloading page.</doc>
<status status="PASS" starttime="20240419 00:25:27.420" endtime="20240419 00:25:27.727"/>
</kw>
<kw name="Do SignUp with Password Missing Numbers">
<kw name="Wait Until Element Is Visible" library="SeleniumLibrary">
<arg>//input[@id='validationCustom01']</arg>
<doc>Waits until the element ``locator`` is visible.</doc>
<status status="PASS" starttime="20240419 00:25:27.727" endtime="20240419 00:25:27.762"/>
</kw>
<kw name="Input Text" library="SeleniumLibrary">
<arg>//input[@id='validationCustom01']</arg>
<arg>${FullName}</arg>
<doc>Types the given ``text`` into the text field identified by ``locator``.</doc>
<msg timestamp="20240419 00:25:27.762" level="INFO">Typing text 'Raisani aprilia' into text field '//input[@id='validationCustom01']'.</msg>
<status status="PASS" starttime="20240419 00:25:27.762" endtime="20240419 00:25:27.919"/>
</kw>
<kw name="Input Text" library="SeleniumLibrary">
<arg>//input[@id='validationCustom03']</arg>
<arg>${Email}</arg>
<doc>Types the given ``text`` into the text field identified by ``locator``.</doc>
<msg timestamp="20240419 00:25:27.919" level="INFO">Typing text 'testing17@gmail.com' into text field '//input[@id='validationCustom03']'.</msg>
<status status="PASS" starttime="20240419 00:25:27.919" endtime="20240419 00:25:28.025"/>
</kw>
<kw name="Input Text" library="SeleniumLibrary">
<arg>//div[@id='dob']/input[@type='text']</arg>
<arg>${BirthDate}</arg>
<doc>Types the given ``text`` into the text field identified by ``locator``.</doc>
<msg timestamp="20240419 00:25:28.027" level="INFO">Typing text '20040425' into text field '//div[@id='dob']/input[@type='text']'.</msg>
<status status="PASS" starttime="20240419 00:25:28.025" endtime="20240419 00:25:28.150"/>
</kw>
<kw name="Input Password" library="SeleniumLibrary">
<arg>//input[@id='validationCustom04']</arg>
<arg>${Pass-Numbers}</arg>
<doc>Types the given password into the text field identified by ``locator``.</doc>
<msg timestamp="20240419 00:25:28.150" level="INFO">Typing password into text field '//input[@id='validationCustom04']'.</msg>
<msg timestamp="20240419 00:25:28.197" level="INFO">Temporally setting log level to: NONE</msg>
<msg timestamp="20240419 00:25:28.279" level="INFO">Log level changed from NONE to INFO.</msg>
<status status="PASS" starttime="20240419 00:25:28.150" endtime="20240419 00:25:28.279"/>
</kw>
<kw name="Wait Until Element Is Visible" library="SeleniumLibrary">
<arg>//input[@id='validationCustom04']</arg>
[...]
<doc>Returns the given values which can then be assigned to a variables.</doc>
<msg timestamp="20240419 00:25:36.162" level="INFO">${screenshot_filename} = screenshot_19042024_002536.png</msg>
<status status="PASS" starttime="20240419 00:25:36.162" endtime="20240419 00:25:36.162"/>
</kw>
<kw name="Set Screenshot Directory" library="SeleniumLibrary">
<arg>${screenshot_path}</arg>
<doc>Sets the directory for captured screenshots.</doc>
<status status="PASS" starttime="20240419 00:25:36.162" endtime="20240419 00:25:36.171"/>
</kw>
<kw name="Capture Page Screenshot" library="SeleniumLibrary">
<arg>${screenshot_filename}</arg>
<doc>Takes a screenshot of the current page and embeds it into a log file.</doc>
<msg timestamp="20240419 00:25:36.501" level="INFO" html="true">&lt;/td&gt;&lt;/tr&gt;&lt;tr&gt;&lt;td colspan="3"&gt;&lt;a href="images/screenshot_19042024_002536.png"&gt;&lt;img src="images/screenshot_19042024_002536.png" width="800px"&gt;&lt;/a&gt;</msg>
<status status="PASS" starttime="20240419 00:25:36.171" endtime="20240419 00:25:36.501"/>
</kw>
<status status="PASS" starttime="20240419 00:25:36.162" endtime="20240419 00:25:36.501"/>
</kw>
<status status="PASS" starttime="20240419 00:25:33.276" endtime="20240419 00:25:36.501"/>
</test>
<test id="s1-t13" name="SignUp Attempt without Accepting Terms and Conditions" line="91">
<kw name="Reload Page" library="SeleniumLibrary">
<doc>Simulates user reloading page.</doc>
<status status="PASS" starttime="20240419 00:25:36.518" endtime="20240419 00:25:36.837"/>
</kw>
<kw name="Do SignUp without Accepting Terms and Conditions">
<kw name="Wait Until Element Is Visible" library="SeleniumLibrary">
<arg>//input[@id='validationCustom01']</arg>
<doc>Waits until the element ``locator`` is visible.</doc>
<status status="PASS" starttime="20240419 00:25:36.837" endtime="20240419 00:25:37.087"/>
</kw>
<kw name="Input Text" library="SeleniumLibrary">
<arg>//input[@id='validationCustom01']</arg>
<arg>${FullName}</arg>
<doc>Types the given ``text`` into the text field identified by ``locator``.</doc>
<msg timestamp="20240419 00:25:37.089" level="INFO">Typing text 'Raisani aprilia' into text field '//input[@id='validationCustom01']'.</msg>
<status status="PASS" starttime="20240419 00:25:37.087" endtime="20240419 00:25:37.243"/>
</kw>
<kw name="Input Text" library="SeleniumLibrary">
<arg>//input[@id='validationCustom03']</arg>
<arg>${Email}</arg>
<doc>Types the given ``text`` into the text field identified by ``locator``.</doc>
<msg timestamp="20240419 00:25:37.245" level="INFO">Typing text 'testing17@gmail.com' into text field '//input[@id='validationCustom03']'.</msg>
<status status="PASS" starttime="20240419 00:25:37.243" endtime="20240419 00:25:37.368"/>
</kw>
<kw name="Input Text" library="SeleniumLibrary">
<arg>//div[@id='dob']/input[@type='text']</arg>
<arg>${BirthDate}</arg>
<doc>Types the given ``text`` into the text field identified by ``locator``.</doc>
<msg timestamp="20240419 00:25:37.377" level="INFO">Typing text '20040425' into text field '//div[@id='dob']/input[@type='text']'.</msg>
<status status="PASS" starttime="20240419 00:25:37.376" endtime="20240419 00:25:37.497"/>
</kw>
<kw name="Input Password" library="SeleniumLibrary">
<arg>//input[@id='validationCustom04']</arg>
<arg>${Password}</arg>
<doc>Types the given password into the text field identified by ``locator``.</doc>
<msg timestamp="20240419 00:25:37.497" level="INFO">Typing password into text field '//input[@id='validationCustom04']'.</msg>
<msg timestamp="20240419 00:25:37.541" level="INFO">Temporally setting log level to: NONE</msg>
<msg timestamp="20240419 00:25:37.676" level="INFO">Log level changed from NONE to INFO.</msg>
<status status="PASS" starttime="20240419 00:25:37.497" endtime="20240419 00:25:37.679"/>
</kw>
<kw name="Wait Until Element Is Visible" library="SeleniumLibrary">
<arg>//input[@id='validationCustom04']</arg>
<doc>Waits until the element ``locator`` is visible.</doc>
<status status="PASS" starttime="20240419 00:25:37.679" endtime="20240419 00:25:37.695"/>
</kw>
<kw name="Input Password" library="SeleniumLibrary">
<arg>//input[@id='validationCustom05']</arg>
<arg>${Password}</arg>
<doc>Types the given password into the text field identified by ``locator``.</doc>
<msg timestamp="20240419 00:25:37.695" level="INFO">Typing password into text field '//input[@id='validationCustom05']'.</msg>
<msg timestamp="20240419 00:25:37.771" level="INFO">Temporally setting log level to: NONE</msg>
<msg timestamp="20240419 00:25:37.865" level="INFO">Log level changed from NONE to INFO.</msg>
<status status="PASS" starttime="20240419 00:25:37.695" endtime="20240419 00:25:37.865"/>
</kw>
<kw name="Scroll Element Into View" library="SeleniumLibrary">
<arg>xpath=//button[@type='submit']</arg>
<doc>Scrolls the element identified by ``locator`` into view.</doc>
<status status="PASS" starttime="20240419 00:25:37.865" endtime="20240419 00:25:38.145"/>
</kw>
<kw name="Element Should Be Disabled" library="SeleniumLibrary">
<arg>xpath=//button[@type='submit']</arg>
<doc>Verifies that element identified by ``locator`` is disabled.</doc>
<status status="PASS" starttime="20240419 00:25:38.145" endtime="20240419 00:25:38.161"/>
</kw>
<kw name="Do Screenshot">
<kw name="Get Current Date" library="DateTime">
<var>${timestamp}</var>
<arg>result_format=%d%m%Y_%H%M%S</arg>
<doc>Returns current local or UTC time with an optional increment.</doc>
<msg timestamp="20240419 00:25:38.176" level="INFO">${timestamp} = 19042024_002538</msg>
<status status="PASS" starttime="20240419 00:25:38.161" endtime="20240419 00:25:38.176"/>
</kw>
<kw name="Set Variable" library="BuiltIn">
<var>${screenshot_path}</var>
<arg>\images</arg>
<doc>Returns the given values which can then be assigned to a variables.</doc>
<msg timestamp="20240419 00:25:38.176" level="INFO">${screenshot_path} = images</msg>
<status status="PASS" starttime="20240419 00:25:38.176" endtime="20240419 00:25:38.176"/>
</kw>
<kw name="Set Variable" library="BuiltIn">
<var>${screenshot_filename}</var>
<arg>screenshot_${timestamp}.png</arg>
<doc>Returns the given values which can then be assigned to a variables.</doc>
<msg timestamp="20240419 00:25:38.176" level="INFO">${screenshot_filename} = screenshot_19042024_002538.png</msg>
<status status="PASS" starttime="20240419 00:25:38.176" endtime="20240419 00:25:38.176"/>
</kw>
<kw name="Set Screenshot Directory" library="SeleniumLibrary">
<arg>${screenshot_path}</arg>
<doc>Sets the directory for captured screenshots.</doc>
<status status="PASS" starttime="20240419 00:25:38.176" endtime="20240419 00:25:38.178"/>
</kw>
<kw name="Capture Page Screenshot" library="SeleniumLibrary">
<arg>${screenshot_filename}</arg>
<doc>Takes a screenshot of the current page and embeds it into a log file.</doc>
<msg timestamp="20240419 00:25:38.502" level="INFO" html="true">&lt;/td&gt;&lt;/tr&gt;&lt;tr&gt;&lt;td colspan="3"&gt;&lt;a href="images/screenshot_19042024_002538.png"&gt;&lt;img src="images/screenshot_19042024_002538.png" width="800px"&gt;&lt;/a&gt;</msg>
<status status="PASS" starttime="20240419 00:25:38.178" endtime="20240419 00:25:38.502"/>
</kw>
<status status="PASS" starttime="20240419 00:25:38.161" endtime="20240419 00:25:38.502"/>
</kw>
<status status="PASS" starttime="20240419 00:25:36.837" endtime="20240419 00:25:38.502"/>
</kw>
<kw name="Do Screenshot">
<kw name="Get Current Date" library="DateTime">
<var>${timestamp}</var>
<arg>result_format=%d%m%Y_%H%M%S</arg>
<doc>Returns current local or UTC time with an optional increment.</doc>
<msg timestamp="20240419 00:25:38.519" level="INFO">${timestamp} = 19042024_002538</msg>
<status status="PASS" starttime="20240419 00:25:38.518" endtime="20240419 00:25:38.519"/>
</kw>
<kw name="Set Variable" library="BuiltIn">
<var>${screenshot_path}</var>
<arg>\images</arg>
<doc>Returns the given values which can then be assigned to a variables.</doc>
<msg timestamp="20240419 00:25:38.519" level="INFO">${screenshot_path} = images</msg>
<status status="PASS" starttime="20240419 00:25:38.519" endtime="20240419 00:25:38.519"/>
</kw>
<kw name="Set Variable" library="BuiltIn">
<var>${screenshot_filename}</var>
<arg>screenshot_${timestamp}.png</arg>
<doc>Returns the given values which can then be assigned to a variables.</doc>
<msg timestamp="20240419 00:25:38.519" level="INFO">${screenshot_filename} = screenshot_19042024_002538.png</msg>
<status status="PASS" starttime="20240419 00:25:38.519" endtime="20240419 00:25:38.519"/>
</kw>
<kw name="Set Screenshot Directory" library="SeleniumLibrary">
<arg>${screenshot_path}</arg>
<doc>Sets the directory for captured screenshots.</doc>
<status status="PASS" starttime="20240419 00:25:38.519" endtime="20240419 00:25:38.519"/>
</kw>
<kw name="Capture Page Screenshot" library="SeleniumLibrary">
<arg>${screenshot_filename}</arg>
<doc>Takes a screenshot of the current page and embeds it into a log file.</doc>
<msg timestamp="20240419 00:25:38.838" level="INFO" html="true">&lt;/td&gt;&lt;/tr&gt;&lt;tr&gt;&lt;td colspan="3"&gt;&lt;a href="images/screenshot_19042024_002538.png"&gt;&lt;img src="images/screenshot_19042024_002538.png" width="800px"&gt;&lt;/a&gt;</msg>
<status status="PASS" starttime="20240419 00:25:38.519" endtime="20240419 00:25:38.838"/>
</kw>
<status status="PASS" starttime="20240419 00:25:38.502" endtime="20240419 00:25:38.838"/>
</kw>
<status status="PASS" starttime="20240419 00:25:36.517" endtime="20240419 00:25:38.838"/>
</test>
<test id="s1-t14" name="SignUp with correct credential" line="96">
<kw name="Reload Page" library="SeleniumLibrary">
<doc>Simulates user reloading page.</doc>
<status status="PASS" starttime="20240419 00:25:38.853" endtime="20240419 00:25:39.244"/>
</kw>
<kw name="Do SignUp with correct credential">
<kw name="Wait Until Element Is Visible" library="SeleniumLibrary">
<arg>//input[@id='validationCustom01']</arg>
<doc>Waits until the element ``locator`` is visible.</doc>
<status status="PASS" starttime="20240419 00:25:39.246" endtime="20240419 00:25:39.279"/>
</kw>
<kw name="Input Text" library="SeleniumLibrary">
<arg>//input[@id='validationCustom01']</arg>
<arg>${FullName}</arg>
<doc>Types the given ``text`` into the text field identified by ``locator``.</doc>
<msg timestamp="20240419 00:25:39.279" level="INFO">Typing text 'Raisani aprilia' into text field '//input[@id='validationCustom01']'.</msg>
<status status="PASS" starttime="20240419 00:25:39.279" endtime="20240419 00:25:39.430"/>
</kw>
<kw name="Input Text" library="SeleniumLibrary">
<arg>//input[@id='validationCustom03']</arg>
<arg>${Email}</arg>
<doc>Types the given ``text`` into the text field identified by ``locator``.</doc>
<msg timestamp="20240419 00:25:39.430" level="INFO">Typing text 'testing17@gmail.com' into text field '//input[@id='validationCustom03']'.</msg>
<status status="PASS" starttime="20240419 00:25:39.430" endtime="20240419 00:25:39.537"/>
</kw>
<kw name="Input Text" library="SeleniumLibrary">
<arg>//div[@id='dob']/input[@type='text']</arg>
<arg>${BirthDate}</arg>
<doc>Types the given ``text`` into the text field identified by ``locator``.</doc>
<msg timestamp="20240419 00:25:39.543" level="INFO">Typing text '20040425' into text field '//div[@id='dob']/input[@type='text']'.</msg>
<status status="PASS" starttime="20240419 00:25:39.541" endtime="20240419 00:25:39.645"/>
</kw>
<kw name="Input Password" library="SeleniumLibrary">
<arg>//input[@id='validationCustom04']</arg>
<arg>${Password}</arg>
<doc>Types the given password into the text field identified by ``locator``.</doc>
<msg timestamp="20240419 00:25:39.646" level="INFO">Typing password into text field '//input[@id='validationCustom04']'.</msg>
<msg timestamp="20240419 00:25:39.678" level="INFO">Temporally setting log level to: NONE</msg>
<msg timestamp="20240419 00:25:39.765" level="INFO">Log level changed from NONE to INFO.</msg>
<status status="PASS" starttime="20240419 00:25:39.646" endtime="20240419 00:25:39.765"/>
</kw>
<kw name="Wait Until Element Is Visible" library="SeleniumLibrary">
<arg>//input[@id='validationCustom04']</arg>
<doc>Waits until the element ``locator`` is visible.</doc>
<status status="PASS" starttime="20240419 00:25:39.765" endtime="20240419 00:25:39.797"/>
</kw>
<kw name="Input Password" library="SeleniumLibrary">
<arg>//input[@id='validationCustom05']</arg>
<arg>${ConfirmPass}</arg>
<doc>Types the given password into the text field identified by ``locator``.</doc>
<msg timestamp="20240419 00:25:39.799" level="INFO">Typing password into text field '//input[@id='validationCustom05']'.</msg>
<msg timestamp="20240419 00:25:39.845" level="INFO">Temporally setting log level to: NONE</msg>
<msg timestamp="20240419 00:25:39.929" level="INFO">Log level changed from NONE to INFO.</msg>
<status status="PASS" starttime="20240419 00:25:39.798" endtime="20240419 00:25:39.929"/>
</kw>
<kw name="Accept TnC">
<kw name="Scroll Element Into View" library="SeleniumLibrary">
<arg>xpath=//button[@type='submit']</arg>
<doc>Scrolls the element identified by ``locator`` into view.</doc>
<status status="PASS" starttime="20240419 00:25:39.929" endtime="20240419 00:25:40.223"/>
</kw>
<kw name="Click Element" library="SeleniumLibrary">
<arg>//input[@type='checkbox']</arg>
<doc>Click the element identified by ``locator``.</doc>
<msg timestamp="20240419 00:25:40.223" level="INFO">Clicking element '//input[@type='checkbox']'.</msg>
<status status="PASS" starttime="20240419 00:25:40.223" endtime="20240419 00:25:40.291"/>
</kw>
<kw name="Wait Until Page Contains" library="SeleniumLibrary">
<arg>Terms and conditions</arg>
<doc>Waits until ``text`` appears on the current page.</doc>
<status status="PASS" starttime="20240419 00:25:40.291" endtime="20240419 00:25:40.310"/>
</kw>
<kw name="Wait Until Element Is Enabled" library="SeleniumLibrary">
<arg>xpath=//button[contains(.,'Accept')]</arg>
<doc>Waits until the element ``locator`` is enabled.</doc>
<status status="PASS" starttime="20240419 00:25:40.310" endtime="20240419 00:25:40.358"/>
</kw>
<kw name="Click Element" library="SeleniumLibrary">
<arg>xpath=//button[contains(.,'Accept')]</arg>
<doc>Click the element identified by ``locator``.</doc>
<msg timestamp="20240419 00:25:40.359" level="INFO">Clicking element 'xpath=//button[contains(.,'Accept')]'.</msg>
<status status="PASS" starttime="20240419 00:25:40.358" endtime="20240419 00:25:40.430"/>
</kw>
<kw name="Wait Until Page Contains" library="SeleniumLibrary">
<arg>Welcome back! Please select method to sign up</arg>
<doc>Waits until ``text`` appears on the current page.</doc>
<status status="PASS" starttime="20240419 00:25:40.430" endtime="20240419 00:25:40.447"/>
</kw>
<status status="PASS" starttime="20240419 00:25:39.929" endtime="20240419 00:25:40.447"/>
</kw>
<kw name="Scroll Element Into View" library="SeleniumLibrary">
<arg>xpath=//button[@type='submit']</arg>
<doc>Scrolls the element identified by ``locator`` into view.</doc>
<status status="PASS" starttime="20240419 00:25:40.447" endtime="20240419 00:25:40.761"/>
</kw>
<kw name="Wait Until Element Is Enabled" library="SeleniumLibrary">
<arg>xpath=//button[@type='submit']</arg>
<doc>Waits until the element ``locator`` is enabled.</doc>
<status status="PASS" starttime="20240419 00:25:40.761" endtime="20240419 00:25:40.800"/>
</kw>
<kw name="Click Element" library="SeleniumLibrary">
<arg>xpath=//button[@type='submit']</arg>
<doc>Click the element identified by ``locator``.</doc>
<msg timestamp="20240419 00:25:40.800" level="INFO">Clicking element 'xpath=//button[@type='submit']'.</msg>
<status status="PASS" starttime="20240419 00:25:40.800" endtime="20240419 00:25:40.872"/>
</kw>
<kw name="Sleep" library="BuiltIn">
<arg>3s</arg>
<doc>Pauses the test executed for the given time.</doc>
<msg timestamp="20240419 00:25:43.881" level="INFO">Slept 3 seconds</msg>
<status status="PASS" starttime="20240419 00:25:40.872" endtime="20240419 00:25:43.882"/>
</kw>
<kw name="Do Screenshot">
<kw name="Get Current Date" library="DateTime">
<var>${timestamp}</var>
<arg>result_format=%d%m%Y_%H%M%S</arg>
<doc>Returns current local or UTC time with an optional increment.</doc>
<msg timestamp="20240419 00:25:43.883" level="INFO">${timestamp} = 19042024_002543</msg>
<status status="PASS" starttime="20240419 00:25:43.883" endtime="20240419 00:25:43.883"/>
</kw>
<kw name="Set Variable" library="BuiltIn">
<var>${screenshot_path}</var>
<arg>\images</arg>
<doc>Returns the given values which can then be assigned to a variables.</doc>
<msg timestamp="20240419 00:25:43.884" level="INFO">${screenshot_path} = images</msg>
<status status="PASS" starttime="20240419 00:25:43.883" endtime="20240419 00:25:43.884"/>
</kw>
<kw name="Set Variable" library="BuiltIn">
<var>${screenshot_filename}</var>
<arg>screenshot_${timestamp}.png</arg>
<doc>Returns the given values which can then be assigned to a variables.</doc>
<msg timestamp="20240419 00:25:43.884" level="INFO">${screenshot_filename} = screenshot_19042024_002543.png</msg>
<status status="PASS" starttime="20240419 00:25:43.884" endtime="20240419 00:25:43.884"/>
</kw>
<kw name="Set Screenshot Directory" library="SeleniumLibrary">
<arg>${screenshot_path}</arg>
<doc>Sets the directory for captured screenshots.</doc>
<status status="PASS" starttime="20240419 00:25:43.885" endtime="20240419 00:25:43.886"/>
</kw>
<kw name="Capture Page Screenshot" library="SeleniumLibrary">
<arg>${screenshot_filename}</arg>
<doc>Takes a screenshot of the current page and embeds it into a log file.</doc>
<msg timestamp="20240419 00:25:44.126" level="INFO" html="true">&lt;/td&gt;&lt;/tr&gt;&lt;tr&gt;&lt;td colspan="3"&gt;&lt;a href="images/screenshot_19042024_002543.png"&gt;&lt;img src="images/screenshot_19042024_002543.png" width="800px"&gt;&lt;/a&gt;</msg>
<status status="PASS" starttime="20240419 00:25:43.886" endtime="20240419 00:25:44.126"/>
</kw>
<status status="PASS" starttime="20240419 00:25:43.882" endtime="20240419 00:25:44.126"/>
</kw>
<status status="PASS" starttime="20240419 00:25:39.244" endtime="20240419 00:25:44.126"/>
</kw>
<kw name="Verify SignUp with correct credential">
<kw name="Wait Until Page Contains" library="SeleniumLibrary">
<arg>Kirana</arg>
<arg>timeout=60s</arg>
<doc>Waits until ``text`` appears on the current page.</doc>
<status status="PASS" starttime="20240419 00:25:44.126" endtime="20240419 00:25:46.279"/>
</kw>
<kw name="Wait Until Page Contains" library="SeleniumLibrary">
<var>${Verify_signup}</var>
<arg>Kirana</arg>
<arg>timeout=30s</arg>
<doc>Waits until ``text`` appears on the current page.</doc>
<msg timestamp="20240419 00:25:46.304" level="INFO">${Verify_signup} = None</msg>
<status status="PASS" starttime="20240419 00:25:46.279" endtime="20240419 00:25:46.304"/>
</kw>
<kw name="Run Keyword If" library="BuiltIn">
<arg>'${Verify_signup}' == 'True'</arg>
<arg>Log</arg>
<arg>Passed. User successfully Create account</arg>
<arg>ELSE</arg>
<arg>Log</arg>
<arg>Failed create accoount</arg>
<doc>Runs the given keyword with the given arguments, if ``condition`` is true.</doc>
<kw name="Log" library="BuiltIn">
<arg>Failed create accoount</arg>
<doc>Logs the given message with the given level.</doc>
<msg timestamp="20240419 00:25:46.304" level="INFO">Failed create accoount</msg>
<status status="PASS" starttime="20240419 00:25:46.304" endtime="20240419 00:25:46.304"/>
</kw>
<status status="PASS" starttime="20240419 00:25:46.304" endtime="20240419 00:25:46.304"/>
</kw>
<status status="PASS" starttime="20240419 00:25:44.126" endtime="20240419 00:25:46.304"/>
</kw>
<status status="PASS" starttime="20240419 00:25:38.853" endtime="20240419 00:25:46.304"/>
</test>
<doc>Sign up with credential</doc>
<status status="PASS" starttime="20240419 00:24:51.977" endtime="20240419 00:25:46.310"/>
</suite>
<statistics>
<total>
<stat pass="14" fail="0" skip="0">All Tests</stat>
</total>
<tag>
</tag>
<suite>
<stat pass="14" fail="0" skip="0" id="s1" name="Main">Main</stat>
</suite>
</statistics>
<errors>
</errors>
</robot>
