<?xml version="1.0" encoding="UTF-8"?>
<robot generator="Robot 6.1.1 (Python 3.8.0 on win32)" generated="20240417 20:48:05.898" rpa="false" schemaversion="4">
<suite id="s1" name="Main" source="D:\primeskill\e-journey\student\signup\credential\main.robot">
<test id="s1-t1" name="SignUp with correct credential" line="17">
<kw name="Open Browser" library="SeleniumLibrary">
<arg>${URL}</arg>
<arg>browser=chrome</arg>
<doc>Opens a new browser instance to the optional ``url``.</doc>
<msg timestamp="20240417 20:48:06.085" level="INFO">Opening browser 'chrome' to base url 'https://staging.auth.app.ejourney.id/'.</msg>
<status status="PASS" starttime="20240417 20:48:06.085" endtime="20240417 20:48:08.974"/>
</kw>
<kw name="Maximize Browser Window" library="SeleniumLibrary">
<doc>Maximizes current browser window.</doc>
<status status="PASS" starttime="20240417 20:48:08.975" endtime="20240417 20:48:09.087"/>
</kw>
<kw name="Wait Until Page Contains" library="SeleniumLibrary">
<arg>Welcome back! Please select method to sign in</arg>
<arg>timeout=10s</arg>
<doc>Waits until ``text`` appears on the current page.</doc>
<status status="PASS" starttime="20240417 20:48:09.087" endtime="20240417 20:48:09.104"/>
</kw>
<kw name="Move to signUp page">
<kw name="Click Element" library="SeleniumLibrary">
<arg>${SignUp}</arg>
<doc>Click the element identified by ``locator``.</doc>
<msg timestamp="20240417 20:48:09.111" level="INFO">Clicking element 'xpath=//a[text()='Sign up']'.</msg>
<status status="PASS" starttime="20240417 20:48:09.104" endtime="20240417 20:48:09.178"/>
</kw>
<status status="PASS" starttime="20240417 20:48:09.104" endtime="20240417 20:48:09.178"/>
</kw>
<kw name="Do SignUp with correct credential">
<kw name="Wait Until Element Is Visible" library="SeleniumLibrary">
<arg>//input[@id='validationCustom01']</arg>
<doc>Waits until the element ``locator`` is visible.</doc>
<status status="PASS" starttime="20240417 20:48:09.178" endtime="20240417 20:48:09.415"/>
</kw>
<kw name="Input Text" library="SeleniumLibrary">
<arg>//input[@id='validationCustom01']</arg>
<arg>${FullName}</arg>
<doc>Types the given ``text`` into the text field identified by ``locator``.</doc>
<msg timestamp="20240417 20:48:09.415" level="INFO">Typing text 'Raisani aprilia' into text field '//input[@id='validationCustom01']'.</msg>
<status status="PASS" starttime="20240417 20:48:09.415" endtime="20240417 20:48:09.521"/>
</kw>
<kw name="Input Text" library="SeleniumLibrary">
<arg>//input[@id='validationCustom03']</arg>
<arg>${Email}</arg>
<doc>Types the given ``text`` into the text field identified by ``locator``.</doc>
<msg timestamp="20240417 20:48:09.521" level="INFO">Typing text 'testing01@gmail.com' into text field '//input[@id='validationCustom03']'.</msg>
<status status="PASS" starttime="20240417 20:48:09.521" endtime="20240417 20:48:09.611"/>
</kw>
<kw name="Input Text" library="SeleniumLibrary">
<arg>//div[@id='dob']/input[@type='text']</arg>
<arg>${BirthDate}</arg>
<doc>Types the given ``text`` into the text field identified by ``locator``.</doc>
<msg timestamp="20240417 20:48:09.611" level="INFO">Typing text '20040425' into text field '//div[@id='dob']/input[@type='text']'.</msg>
<status status="PASS" starttime="20240417 20:48:09.611" endtime="20240417 20:48:09.704"/>
</kw>
<kw name="Input Password" library="SeleniumLibrary">
<arg>//input[@id='validationCustom04']</arg>
<arg>${Password}</arg>
<doc>Types the given password into the text field identified by ``locator``.</doc>
<msg timestamp="20240417 20:48:09.704" level="INFO">Typing password into text field '//input[@id='validationCustom04']'.</msg>
<msg timestamp="20240417 20:48:09.726" level="INFO">Temporally setting log level to: NONE</msg>
<msg timestamp="20240417 20:48:09.775" level="INFO">Log level changed from NONE to INFO.</msg>
<status status="PASS" starttime="20240417 20:48:09.704" endtime="20240417 20:48:09.775"/>
</kw>
<kw name="Wait Until Element Is Visible" library="SeleniumLibrary">
<arg>//input[@id='validationCustom04']</arg>
<doc>Waits until the element ``locator`` is visible.</doc>
<status status="PASS" starttime="20240417 20:48:09.775" endtime="20240417 20:48:09.792"/>
</kw>
<kw name="Input Password" library="SeleniumLibrary">
<arg>//input[@id='validationCustom05']</arg>
<arg>${ConfirmPass}</arg>
<doc>Types the given password into the text field identified by ``locator``.</doc>
<msg timestamp="20240417 20:48:09.792" level="INFO">Typing password into text field '//input[@id='validationCustom05']'.</msg>
<msg timestamp="20240417 20:48:09.808" level="INFO">Temporally setting log level to: NONE</msg>
<msg timestamp="20240417 20:48:09.857" level="INFO">Log level changed from NONE to INFO.</msg>
<status status="PASS" starttime="20240417 20:48:09.792" endtime="20240417 20:48:09.857"/>
</kw>
<kw name="Accept TnC">
<kw name="Click Element" library="SeleniumLibrary">
<arg>//input[@type='checkbox']</arg>
<doc>Click the element identified by ``locator``.</doc>
<msg timestamp="20240417 20:48:09.857" level="INFO">Clicking element '//input[@type='checkbox']'.</msg>
<status status="PASS" starttime="20240417 20:48:09.857" endtime="20240417 20:48:09.905"/>
</kw>
<kw name="Wait Until Page Contains" library="SeleniumLibrary">
<arg>Terms and conditions</arg>
<doc>Waits until ``text`` appears on the current page.</doc>
<status status="PASS" starttime="20240417 20:48:09.905" endtime="20240417 20:48:09.914"/>
</kw>
<kw name="Wait Until Element Contains" library="SeleniumLibrary">
<arg>xpath=//button[contains(.,'Accept')]</arg>
<arg>Accept</arg>
<doc>Waits until the element ``locator`` contains ``text``.</doc>
<status status="PASS" starttime="20240417 20:48:09.914" endtime="20240417 20:48:09.946"/>
</kw>
<kw name="Click Element" library="SeleniumLibrary">
<arg>xpath=//button[contains(.,'Accept')]</arg>
<doc>Click the element identified by ``locator``.</doc>
<msg timestamp="20240417 20:48:09.946" level="INFO">Clicking element 'xpath=//button[contains(.,'Accept')]'.</msg>
<status status="PASS" starttime="20240417 20:48:09.946" endtime="20240417 20:48:10.005"/>
</kw>
<kw name="Wait Until Page Contains" library="SeleniumLibrary">
<arg>Welcome back! Please select method to sign up</arg>
<doc>Waits until ``text`` appears on the current page.</doc>
<status status="PASS" starttime="20240417 20:48:10.005" endtime="20240417 20:48:10.021"/>
</kw>
<status status="PASS" starttime="20240417 20:48:09.857" endtime="20240417 20:48:10.021"/>
</kw>
<kw name="Scroll Element Into View" library="SeleniumLibrary">
<arg>xpath=//button[@type='submit']</arg>
<doc>Scrolls the element identified by ``locator`` into view.</doc>
<status status="PASS" starttime="20240417 20:48:10.021" endtime="20240417 20:48:10.320"/>
</kw>
<kw name="Sleep" library="BuiltIn">
<arg>1s</arg>
<doc>Pauses the test executed for the given time.</doc>
<msg timestamp="20240417 20:48:11.328" level="INFO">Slept 1 second</msg>
<status status="PASS" starttime="20240417 20:48:10.320" endtime="20240417 20:48:11.328"/>
</kw>
<kw name="Click Element" library="SeleniumLibrary">
<arg>xpath=//button[@type='submit']</arg>
<doc>Click the element identified by ``locator``.</doc>
<msg timestamp="20240417 20:48:11.328" level="INFO">Clicking element 'xpath=//button[@type='submit']'.</msg>
<status status="PASS" starttime="20240417 20:48:11.328" endtime="20240417 20:48:11.370"/>
</kw>
<status status="PASS" starttime="20240417 20:48:09.178" endtime="20240417 20:48:11.370"/>
</kw>
<kw name="Verify SignUp with correct credential">
<kw name="Wait Until Page Contains" library="SeleniumLibrary">
<var>${Verify_signup}</var>
<arg>Your account successfully created</arg>
<arg>timeout=30s</arg>
<doc>Waits until ``text`` appears on the current page.</doc>
<msg timestamp="20240417 20:48:11.378" level="INFO">${Verify_signup} = None</msg>
<status status="PASS" starttime="20240417 20:48:11.370" endtime="20240417 20:48:11.378"/>
</kw>
<kw name="Run Keyword If" library="BuiltIn">
<arg>'${Verify_signup}' == 'True'</arg>
<arg>Log</arg>
<arg>Passed</arg>
<arg>ELSE</arg>
<arg>Log</arg>
<arg>Failed</arg>
<doc>Runs the given keyword with the given arguments, if ``condition`` is true.</doc>
<kw name="Log" library="BuiltIn">
<arg>Failed</arg>
<doc>Logs the given message with the given level.</doc>
<msg timestamp="20240417 20:48:11.378" level="INFO">Failed</msg>
<status status="PASS" starttime="20240417 20:48:11.378" endtime="20240417 20:48:11.378"/>
</kw>
<status status="PASS" starttime="20240417 20:48:11.378" endtime="20240417 20:48:11.378"/>
</kw>
<kw name="Sleep" library="BuiltIn">
<arg>1s</arg>
<doc>Pauses the test executed for the given time.</doc>
<msg timestamp="20240417 20:48:12.391" level="INFO">Slept 1 second</msg>
<status status="PASS" starttime="20240417 20:48:11.378" endtime="20240417 20:48:12.391"/>
</kw>
<status status="PASS" starttime="20240417 20:48:11.370" endtime="20240417 20:48:12.391"/>
</kw>
<kw name="Sleep" library="BuiltIn">
<arg>2s</arg>
<doc>Pauses the test executed for the given time.</doc>
<msg timestamp="20240417 20:48:14.399" level="INFO">Slept 2 seconds</msg>
<status status="PASS" starttime="20240417 20:48:12.392" endtime="20240417 20:48:14.399"/>
</kw>
<kw name="Save Screenshot">
<kw name="Get Current Date" library="DateTime">
<var>${timestamp}</var>
<arg>result_format=%d%m%Y_%H%M%S</arg>
<doc>Returns current local or UTC time with an optional increment.</doc>
<msg timestamp="20240417 20:48:14.400" level="INFO">${timestamp} = 17042024_204814</msg>
<status status="PASS" starttime="20240417 20:48:14.400" endtime="20240417 20:48:14.400"/>
</kw>
<kw name="Set Variable" library="BuiltIn">
<var>${screenshot_path}</var>
<arg>\images</arg>
<doc>Returns the given values which can then be assigned to a variables.</doc>
<msg timestamp="20240417 20:48:14.400" level="INFO">${screenshot_path} = images</msg>
<status status="PASS" starttime="20240417 20:48:14.400" endtime="20240417 20:48:14.400"/>
</kw>
<kw name="Set Variable" library="BuiltIn">
<var>${screenshot_filename}</var>
<arg>screenshot_${timestamp}.png</arg>
<doc>Returns the given values which can then be assigned to a variables.</doc>
<msg timestamp="20240417 20:48:14.400" level="INFO">${screenshot_filename} = screenshot_17042024_204814.png</msg>
<status status="PASS" starttime="20240417 20:48:14.400" endtime="20240417 20:48:14.400"/>
</kw>
<kw name="Set Screenshot Directory" library="SeleniumLibrary">
<arg>${screenshot_path}</arg>
<doc>Sets the directory for captured screenshots.</doc>
<status status="PASS" starttime="20240417 20:48:14.400" endtime="20240417 20:48:14.400"/>
</kw>
<kw name="Capture Page Screenshot" library="SeleniumLibrary">
<arg>${screenshot_filename}</arg>
<doc>Takes a screenshot of the current page and embeds it into a log file.</doc>
<msg timestamp="20240417 20:48:14.637" level="INFO" html="true">&lt;/td&gt;&lt;/tr&gt;&lt;tr&gt;&lt;td colspan="3"&gt;&lt;a href="images/screenshot_17042024_204814.png"&gt;&lt;img src="images/screenshot_17042024_204814.png" width="800px"&gt;&lt;/a&gt;</msg>
<status status="PASS" starttime="20240417 20:48:14.400" endtime="20240417 20:48:14.637"/>
</kw>
<status status="PASS" starttime="20240417 20:48:14.399" endtime="20240417 20:48:14.637"/>
</kw>
<status status="PASS" starttime="20240417 20:48:06.085" endtime="20240417 20:48:14.637"/>
</test>
<doc>Sign up with credential</doc>
<status status="PASS" starttime="20240417 20:48:05.898" endtime="20240417 20:48:14.637"/>
</suite>
<statistics>
<total>
<stat pass="1" fail="0" skip="0">All Tests</stat>
</total>
<tag>
</tag>
<suite>
<stat pass="1" fail="0" skip="0" id="s1" name="Main">Main</stat>
</suite>
</statistics>
<errors>
</errors>
</robot>
